<?xml version="1.0" encoding="UTF-8"?>
<testsuite name="my.lib.serenity.primefaces.sars.features.employee_management.EmployeeManagementFeature" time="36.578" tests="184" errors="4" skipped="12" failures="0">
  <properties>
    <property name="java.runtime.name" value="Java(TM) SE Runtime Environment"/>
    <property name="sun.boot.library.path" value="/usr/lib/jvm/java-8-oracle/jre/lib/amd64"/>
    <property name="java.vm.version" value="25.66-b17"/>
    <property name="java.vm.vendor" value="Oracle Corporation"/>
    <property name="maven.multiModuleProjectDirectory" value="/home/ngoc/Working/Project/serenity-primefaces"/>
    <property name="java.vendor.url" value="http://java.oracle.com/"/>
    <property name="path.separator" value=":"/>
    <property name="guice.disable.misplaced.annotation.check" value="true"/>
    <property name="java.vm.name" value="Java HotSpot(TM) 64-Bit Server VM"/>
    <property name="file.encoding.pkg" value="sun.io"/>
    <property name="user.country" value="US"/>
    <property name="sun.java.launcher" value="SUN_STANDARD"/>
    <property name="sun.os.patch.level" value="unknown"/>
    <property name="java.vm.specification.name" value="Java Virtual Machine Specification"/>
    <property name="user.dir" value="/home/ngoc/Working/Project/serenity-primefaces"/>
    <property name="java.runtime.version" value="1.8.0_66-b17"/>
    <property name="java.awt.graphicsenv" value="sun.awt.X11GraphicsEnvironment"/>
    <property name="java.endorsed.dirs" value="/usr/lib/jvm/java-8-oracle/jre/lib/endorsed"/>
    <property name="os.arch" value="amd64"/>
    <property name="java.io.tmpdir" value="/tmp"/>
    <property name="line.separator" value="&#10;"/>
    <property name="java.vm.specification.vendor" value="Oracle Corporation"/>
    <property name="os.name" value="Linux"/>
    <property name="classworlds.conf" value="/usr/share/maven3/bin/m2.conf"/>
    <property name="sun.jnu.encoding" value="UTF-8"/>
    <property name="java.library.path" value="/usr/java/packages/lib/amd64:/usr/lib64:/lib64:/lib:/usr/lib"/>
    <property name="java.specification.name" value="Java Platform API Specification"/>
    <property name="java.class.version" value="52.0"/>
    <property name="sun.management.compiler" value="HotSpot 64-Bit Tiered Compilers"/>
    <property name="os.version" value="3.19.0-42-generic"/>
    <property name="user.home" value="/home/ngoc"/>
    <property name="user.timezone" value="Asia/Ho_Chi_Minh"/>
    <property name="java.awt.printerjob" value="sun.print.PSPrinterJob"/>
    <property name="file.encoding" value="UTF-8"/>
    <property name="java.specification.version" value="1.8"/>
    <property name="user.name" value="ngoc"/>
    <property name="java.class.path" value="/usr/share/maven3/boot/plexus-classworlds-2.5.2.jar"/>
    <property name="java.vm.specification.version" value="1.8"/>
    <property name="sun.arch.data.model" value="64"/>
    <property name="java.home" value="/usr/lib/jvm/java-8-oracle/jre"/>
    <property name="sun.java.command" value="org.codehaus.plexus.classworlds.launcher.Launcher verify"/>
    <property name="java.specification.vendor" value="Oracle Corporation"/>
    <property name="user.language" value="en"/>
    <property name="awt.toolkit" value="sun.awt.X11.XToolkit"/>
    <property name="java.vm.info" value="mixed mode"/>
    <property name="java.version" value="1.8.0_66"/>
    <property name="java.ext.dirs" value="/usr/lib/jvm/java-8-oracle/jre/lib/ext:/usr/java/packages/lib/ext"/>
    <property name="securerandom.source" value="file:/dev/./urandom"/>
    <property name="sun.boot.class.path" value="/usr/lib/jvm/java-8-oracle/jre/lib/resources.jar:/usr/lib/jvm/java-8-oracle/jre/lib/rt.jar:/usr/lib/jvm/java-8-oracle/jre/lib/sunrsasign.jar:/usr/lib/jvm/java-8-oracle/jre/lib/jsse.jar:/usr/lib/jvm/java-8-oracle/jre/lib/jce.jar:/usr/lib/jvm/java-8-oracle/jre/lib/charsets.jar:/usr/lib/jvm/java-8-oracle/jre/lib/jfr.jar:/usr/lib/jvm/java-8-oracle/jre/classes"/>
    <property name="java.vendor" value="Oracle Corporation"/>
    <property name="maven.home" value="/usr/share/maven3"/>
    <property name="file.separator" value="/"/>
    <property name="java.vendor.url.bug" value="http://bugreport.sun.com/bugreport/"/>
    <property name="sun.cpu.endian" value="little"/>
    <property name="sun.io.unicode.encoding" value="UnicodeLittle"/>
    <property name="sun.desktop" value="gnome"/>
    <property name="sun.cpu.isalist" value=""/>
  </properties>
  <testcase name="When I open submenu Employee Management of parent menu Common" classname="| Employee Management | Employee Management | Common | 9 |" time="0"/>
  <testcase name="Then The system should open &apos;Employee Management&apos; page" classname="| Employee Management | Employee Management | Common | 9 |" time="0"/>
  <testcase name="And In Employee Management screen, System show list button can use" classname="| Employee Management | Employee Management | Common | 9 |" time="0"/>
  <testcase name="And In Employee Management screen, System show list button can not use" classname="| Employee Management | Employee Management | Common | 9 |" time="0"/>
  <testcase name="And In Employee Management screen, The system should show table Employee" classname="| Employee Management | Employee Management | Common | 9 |" time="0"/>
  <testcase name="And In Employee Management screen, Table have 9 columns not hidden" classname="| Employee Management | Employee Management | Common | 9 |" time="0"/>
  <testcase name="| Employee Management | Employee Management | Common | 9 |" classname="| Employee Management | Employee Management | Common | 9 |" time="1.297"/>
  <testcase name="When I open submenu Employee Management of parent menu Common" classname="| Employee Management | Common | Toggle Column | 12 |" time="0"/>
  <testcase name="And In Employee Management screen, I click button with name Toggle Column" classname="| Employee Management | Common | Toggle Column | 12 |" time="0"/>
  <testcase name="And In Employee Management screen, I click button with name Toggle Column" classname="| Employee Management | Common | Toggle Column | 12 |" time="0"/>
  <testcase name="And In Employee Management screen, I toggle all column" classname="| Employee Management | Common | Toggle Column | 12 |" time="0"/>
  <testcase name="Then In Employee Management screen, Table have 12 columns" classname="| Employee Management | Common | Toggle Column | 12 |" time="0"/>
  <testcase name="| Employee Management | Common | Toggle Column | 12 |" classname="| Employee Management | Common | Toggle Column | 12 |" time="1.358"/>
  <testcase name="When I open submenu Employee Management of parent menu Common" classname="| Employee Management | Common | Employee Code | 1000 |" time="0"/>
  <testcase name="And In Employee Management screen, I type 1000 in Employee Code column filter" classname="| Employee Management | Common | Employee Code | 1000 |" time="0"/>
  <testcase name="Then In Employee Management screen, Table show result in column Employee Code have 1000" classname="| Employee Management | Common | Employee Code | 1000 |" time="0"/>
  <testcase name="| Employee Management | Common | Employee Code | 1000 |" classname="| Employee Management | Common | Employee Code | 1000 |" time="1.152"/>
  <testcase name="When I open submenu Employee Management of parent menu Common" classname="| Employee Management | Common | Employee Name | シ |" time="0"/>
  <testcase name="And In Employee Management screen, I type シ in Employee Name column filter" classname="| Employee Management | Common | Employee Name | シ |" time="0"/>
  <testcase name="Then In Employee Management screen, Table show result in column Employee Name have シ" classname="| Employee Management | Common | Employee Name | シ |" time="0"/>
  <testcase name="| Employee Management | Common | Employee Name | シ |" classname="| Employee Management | Common | Employee Name | シ |" time="1.143"/>
  <testcase name="When I open submenu Employee Management of parent menu Common" classname="| Employee Management | Common | Email | tri-arrow |" time="0"/>
  <testcase name="And In Employee Management screen, I type tri-arrow in Email column filter" classname="| Employee Management | Common | Email | tri-arrow |" time="0"/>
  <testcase name="Then In Employee Management screen, Table show result in column Email have tri-arrow" classname="| Employee Management | Common | Email | tri-arrow |" time="0"/>
  <testcase name="| Employee Management | Common | Email | tri-arrow |" classname="| Employee Management | Common | Email | tri-arrow |" time="1.367"/>
  <testcase name="When I open submenu Employee Management of parent menu Common" classname="| Employee Management | Common | Head Office | 北海道 |" time="0"/>
  <testcase name="And In Employee Management screen, I choose 北海道 in Head Office column filter" classname="| Employee Management | Common | Head Office | 北海道 |" time="0"/>
  <testcase name="Then In Employee Management screen, Table show result in column Head Office have 北海道" classname="| Employee Management | Common | Head Office | 北海道 |" time="0"/>
  <testcase name="| Employee Management | Common | Head Office | 北海道 |" classname="| Employee Management | Common | Head Office | 北海道 |" time="1.207"/>
  <testcase name="When I open submenu Employee Management of parent menu Common" classname="| Employee Management | Common | Position | 管理職 |" time="0"/>
  <testcase name="And In Employee Management screen, I choose 管理職 in Position column filter" classname="| Employee Management | Common | Position | 管理職 |" time="0"/>
  <testcase name="Then In Employee Management screen, Table show result in column Position have 管理職" classname="| Employee Management | Common | Position | 管理職 |" time="0"/>
  <testcase name="| Employee Management | Common | Position | 管理職 |" classname="| Employee Management | Common | Position | 管理職 |" time="1.202"/>
  <testcase name="When I open submenu Employee Management of parent menu Common" classname="| Employee Management | Common | Authority | 拠点 |" time="0"/>
  <testcase name="And In Employee Management screen, I choose 拠点 in Authority column filter" classname="| Employee Management | Common | Authority | 拠点 |" time="0"/>
  <testcase name="Then In Employee Management screen, Table show result in column Authority have 拠点" classname="| Employee Management | Common | Authority | 拠点 |" time="0"/>
  <testcase name="| Employee Management | Common | Authority | 拠点 |" classname="| Employee Management | Common | Authority | 拠点 |" time="1.364"/>
  <testcase name="When I open submenu Employee Management of parent menu Common" classname="| Employee Management | Common | Employee Code | ASC | DESC | Employee Name | Head Office | Position | Authority | Email |" time="0"/>
  <testcase name="And In Employee Management screen, I sort Employee Code column by ASC" classname="| Employee Management | Common | Employee Code | ASC | DESC | Employee Name | Head Office | Position | Authority | Email |" time="0"/>
  <testcase name="Then In Employee Management screen, Table show result in Employee Code is ASC" classname="| Employee Management | Common | Employee Code | ASC | DESC | Employee Name | Head Office | Position | Authority | Email |" time="0"/>
  <testcase name="When In Employee Management screen, I sort Employee Code column by DESC" classname="| Employee Management | Common | Employee Code | ASC | DESC | Employee Name | Head Office | Position | Authority | Email |" time="0"/>
  <testcase name="Then In Employee Management screen, Table show result in Employee Code is DESC" classname="| Employee Management | Common | Employee Code | ASC | DESC | Employee Name | Head Office | Position | Authority | Email |" time="0"/>
  <testcase name="When In Employee Management screen, I sort Employee Name column by ASC" classname="| Employee Management | Common | Employee Code | ASC | DESC | Employee Name | Head Office | Position | Authority | Email |" time="0"/>
  <testcase name="Then In Employee Management screen, Table show result in Employee Name is ASC" classname="| Employee Management | Common | Employee Code | ASC | DESC | Employee Name | Head Office | Position | Authority | Email |" time="0"/>
  <testcase name="When In Employee Management screen, I sort Employee Name column by DESC" classname="| Employee Management | Common | Employee Code | ASC | DESC | Employee Name | Head Office | Position | Authority | Email |" time="0"/>
  <testcase name="Then In Employee Management screen, Table show result in Employee Name is DESC" classname="| Employee Management | Common | Employee Code | ASC | DESC | Employee Name | Head Office | Position | Authority | Email |" time="0"/>
  <testcase name="When In Employee Management screen, I sort Head Office column by ASC" classname="| Employee Management | Common | Employee Code | ASC | DESC | Employee Name | Head Office | Position | Authority | Email |" time="0"/>
  <testcase name="Then In Employee Management screen, Table show result in Head Office is ASC" classname="| Employee Management | Common | Employee Code | ASC | DESC | Employee Name | Head Office | Position | Authority | Email |" time="0"/>
  <testcase name="When In Employee Management screen, I sort Head Office column by DESC" classname="| Employee Management | Common | Employee Code | ASC | DESC | Employee Name | Head Office | Position | Authority | Email |" time="0"/>
  <testcase name="Then In Employee Management screen, Table show result in Head Office is DESC" classname="| Employee Management | Common | Employee Code | ASC | DESC | Employee Name | Head Office | Position | Authority | Email |" time="0"/>
  <testcase name="When In Employee Management screen, I sort Position column by ASC" classname="| Employee Management | Common | Employee Code | ASC | DESC | Employee Name | Head Office | Position | Authority | Email |" time="0"/>
  <testcase name="Then In Employee Management screen, Table show result in Position is ASC" classname="| Employee Management | Common | Employee Code | ASC | DESC | Employee Name | Head Office | Position | Authority | Email |" time="0"/>
  <testcase name="When In Employee Management screen, I sort Position column by DESC" classname="| Employee Management | Common | Employee Code | ASC | DESC | Employee Name | Head Office | Position | Authority | Email |" time="0"/>
  <testcase name="Then In Employee Management screen, Table show result in Position is DESC" classname="| Employee Management | Common | Employee Code | ASC | DESC | Employee Name | Head Office | Position | Authority | Email |" time="0"/>
  <testcase name="When In Employee Management screen, I sort Authority column by ASC" classname="| Employee Management | Common | Employee Code | ASC | DESC | Employee Name | Head Office | Position | Authority | Email |" time="0"/>
  <testcase name="Then In Employee Management screen, Table show result in Authority is ASC" classname="| Employee Management | Common | Employee Code | ASC | DESC | Employee Name | Head Office | Position | Authority | Email |" time="0"/>
  <testcase name="When In Employee Management screen, I sort Authority column by DESC" classname="| Employee Management | Common | Employee Code | ASC | DESC | Employee Name | Head Office | Position | Authority | Email |" time="0"/>
  <testcase name="Then In Employee Management screen, Table show result in Authority is DESC" classname="| Employee Management | Common | Employee Code | ASC | DESC | Employee Name | Head Office | Position | Authority | Email |" time="0"/>
  <testcase name="When In Employee Management screen, I sort Email column by ASC" classname="| Employee Management | Common | Employee Code | ASC | DESC | Employee Name | Head Office | Position | Authority | Email |" time="0"/>
  <testcase name="Then In Employee Management screen, Table show result in Email is ASC" classname="| Employee Management | Common | Employee Code | ASC | DESC | Employee Name | Head Office | Position | Authority | Email |" time="0"/>
  <testcase name="When In Employee Management screen, I sort Email column by DESC" classname="| Employee Management | Common | Employee Code | ASC | DESC | Employee Name | Head Office | Position | Authority | Email |" time="0"/>
  <testcase name="Then In Employee Management screen, Table show result in Email is DESC" classname="| Employee Management | Common | Employee Code | ASC | DESC | Employee Name | Head Office | Position | Authority | Email |" time="0"/>
  <testcase name="| Employee Management | Common | Employee Code | ASC | DESC | Employee Name | Head Office | Position | Authority | Email |" classname="| Employee Management | Common | Employee Code | ASC | DESC | Employee Name | Head Office | Position | Authority | Email |" time="1.426"/>
  <testcase name="When I open submenu Employee Management of parent menu Common" classname="| Employee Management | Common | 20 | 2 | 1 |" time="0"/>
  <testcase name="Then In Employee Management screen, Table show result with 20 results in page" classname="| Employee Management | Common | 20 | 2 | 1 |" time="0"/>
  <testcase name="Then In Employee Management screen, Table show result with 20 results in page" classname="| Employee Management | Common | 20 | 2 | 1 |" time="0"/>
  <testcase name="Then In Employee Management screen, Table show result with 20 results in page" classname="| Employee Management | Common | 20 | 2 | 1 |" time="0"/>
  <testcase name="When In Employee Management screen, I click page 1" classname="| Employee Management | Common | 20 | 2 | 1 |" time="0"/>
  <testcase name="When In Employee Management screen, I click page 2" classname="| Employee Management | Common | 20 | 2 | 1 |" time="0"/>
  <testcase name="| Employee Management | Common | 20 | 2 | 1 |" classname="| Employee Management | Common | 20 | 2 | 1 |" time="1.477"/>
  <testcase name="When I open submenu Employee Management of parent menu Common" classname="| Employee Management | Common | 1 | 5 | Toggle Working Status | Change Status Successfully |" time="0"/>
  <testcase name="And In Employee Management screen, I click in number 1 record can click" classname="| Employee Management | Common | 1 | 5 | Toggle Working Status | Change Status Successfully |" time="0"/>
  <testcase name="And In Employee Management screen, I click button with name Toggle Working Status" classname="| Employee Management | Common | 1 | 5 | Toggle Working Status | Change Status Successfully |" time="0"/>
  <testcase name="And In Employee Management screen, I click button with name Toggle Working Status" classname="| Employee Management | Common | 1 | 5 | Toggle Working Status | Change Status Successfully |" time="0"/>
  <testcase name="Then In Employee Management screen, System show message Change Status Successfully" classname="| Employee Management | Common | 1 | 5 | Toggle Working Status | Change Status Successfully |" time="0"/>
  <testcase name="Then In Employee Management screen, System show message Change Status Successfully" classname="| Employee Management | Common | 1 | 5 | Toggle Working Status | Change Status Successfully |" time="0"/>
  <testcase name="When In Employee Management screen, I click in number 5 record can click" classname="| Employee Management | Common | 1 | 5 | Toggle Working Status | Change Status Successfully |" time="0"/>
  <testcase name="| Employee Management | Common | 1 | 5 | Toggle Working Status | Change Status Successfully |" classname="| Employee Management | Common | 1 | 5 | Toggle Working Status | Change Status Successfully |" time="1.49"/>
  <testcase name="When I open submenu Employee Management of parent menu Common" classname="| Employee Management | Common | Add | Save | Value is required |" time="0"/>
  <testcase name="And In Employee Management screen, I click button with name Add" classname="| Employee Management | Common | Add | Save | Value is required |" time="0"/>
  <testcase name="And In Employee Management screen, I click button with name Save" classname="| Employee Management | Common | Add | Save | Value is required |" time="0"/>
  <testcase name="Then In Employee Management screen, System show message Value is required" classname="| Employee Management | Common | Add | Save | Value is required |" time="0"/>
  <testcase name="| Employee Management | Common | Add | Save | Value is required |" classname="| Employee Management | Common | Add | Save | Value is required |" time="1.442"/>
  <testcase name="When I open submenu Employee Management of parent menu Common" classname="| Employee Management | Common | Edit | 1 | 2 | Save | Save successfully |" time="0"/>
  <testcase name="And In Employee Management screen, I click in number 1 record can click" classname="| Employee Management | Common | Edit | 1 | 2 | Save | Save successfully |" time="0"/>
  <testcase name="And In Employee Management screen, I click in number 2 record can click" classname="| Employee Management | Common | Edit | 1 | 2 | Save | Save successfully |" time="0"/>
  <testcase name="Then In Employee Management screen, System show button can not use Edit" classname="| Employee Management | Common | Edit | 1 | 2 | Save | Save successfully |" time="0"/>
  <testcase name="When In Employee Management screen, I click in number 2 record can click" classname="| Employee Management | Common | Edit | 1 | 2 | Save | Save successfully |" time="0"/>
  <testcase name="And In Employee Management screen, I click button with name Edit" classname="| Employee Management | Common | Edit | 1 | 2 | Save | Save successfully |" time="0"/>
  <testcase name="And In Employee Management screen, I click button with name Save" classname="| Employee Management | Common | Edit | 1 | 2 | Save | Save successfully |" time="0"/>
  <testcase name="Then In Employee Management screen, System show message Save successfully" classname="| Employee Management | Common | Edit | 1 | 2 | Save | Save successfully |" time="0"/>
  <testcase name="| Employee Management | Common | Edit | 1 | 2 | Save | Save successfully |" classname="| Employee Management | Common | Edit | 1 | 2 | Save | Save successfully |" time="1.449"/>
  <testcase name="When I open submenu Employee Management of parent menu Common" classname="| Employee Management | Common | Add | Save | Value is required | Save successfully |" time="0"/>
  <testcase name="When I open submenu Employee Management of parent menu Common" classname="| Employee Management | Common | Add | Save | Value is required | Save successfully |" time="0"/>
  <testcase name="And In Employee Management screen, I click button with name Add" classname="| Employee Management | Common | Add | Save | Value is required | Save successfully |" time="0.001"/>
  <testcase name="And In Employee Management screen, I click button with name Add" classname="| Employee Management | Common | Add | Save | Value is required | Save successfully |" time="0"/>
  <testcase name="And In Employee Management screen, I click button with name Save" classname="| Employee Management | Common | Add | Save | Value is required | Save successfully |" time="0"/>
  <testcase name="And In Employee Management screen, I click button with name Save" classname="| Employee Management | Common | Add | Save | Value is required | Save successfully |" time="0"/>
  <testcase name="Then In Employee Management screen, System show message Value is required" classname="| Employee Management | Common | Add | Save | Value is required | Save successfully |" time="0"/>
  <testcase name="And In Employee Management screen, I fill all data as below with employee name auto generate" classname="| Employee Management | Common | Add | Save | Value is required | Save successfully |" time="0"/>
  <testcase name="Then In Employee Management screen, System show message Save successfully" classname="| Employee Management | Common | Add | Save | Value is required | Save successfully |" time="0"/>
  <testcase name="| Employee Management | Common | Add | Save | Value is required | Save successfully |" classname="| Employee Management | Common | Add | Save | Value is required | Save successfully |" time="1.544"/>
  <testcase name="When I open submenu Employee Management of parent menu Common" classname="| Employee Management | Common | Edit | Save | Save successfully | Value is required |" time="0"/>
  <testcase name="And In Employee Management screen, I select record create in scenario before" classname="| Employee Management | Common | Edit | Save | Save successfully | Value is required |" time="0"/>
  <testcase name="And In Employee Management screen, I click button with name Edit" classname="| Employee Management | Common | Edit | Save | Save successfully | Value is required |" time="0"/>
  <testcase name="And In Employee Management screen, I fill all data as below with employee name auto generate" classname="| Employee Management | Common | Edit | Save | Save successfully | Value is required |" time="0"/>
  <testcase name="And In Employee Management screen, I click button with name Save" classname="| Employee Management | Common | Edit | Save | Save successfully | Value is required |" time="0"/>
  <testcase name="And In Employee Management screen, I click button with name Save" classname="| Employee Management | Common | Edit | Save | Save successfully | Value is required |" time="0"/>
  <testcase name="Then In Employee Management screen, System show message Value is required" classname="| Employee Management | Common | Edit | Save | Save successfully | Value is required |" time="0"/>
  <testcase name="When In Employee Management screen, I fill all data as below with employee name auto generate" classname="| Employee Management | Common | Edit | Save | Save successfully | Value is required |" time="0"/>
  <testcase name="Then In Employee Management screen, System show message Save successfully" classname="| Employee Management | Common | Edit | Save | Save successfully | Value is required |" time="0"/>
  <testcase name="| Employee Management | Common | Edit | Save | Save successfully | Value is required |" classname="| Employee Management | Common | Edit | Save | Save successfully | Value is required |" time="1.487"/>
  <testcase name="When I open submenu Employee Management of parent menu Common" classname="| Employee Management | Common | Delete | Delete successfully | Edit |" time="0"/>
  <testcase name="When I open submenu Employee Management of parent menu Common" classname="| Employee Management | Common | Delete | Delete successfully | Edit |" time="0"/>
  <testcase name="And In Employee Management screen, I select record create in scenario before" classname="| Employee Management | Common | Delete | Delete successfully | Edit |" time="0"/>
  <testcase name="And In Employee Management screen, I select record create in scenario before" classname="| Employee Management | Common | Delete | Delete successfully | Edit |" time="0"/>
  <testcase name="And In Employee Management screen, I click button with name Edit" classname="| Employee Management | Common | Delete | Delete successfully | Edit |" time="0.001"/>
  <testcase name="And In Employee Management screen, I click button with name Edit" classname="| Employee Management | Common | Delete | Delete successfully | Edit |" time="0"/>
  <testcase name="And In Employee Management screen, I click button with name Delete" classname="| Employee Management | Common | Delete | Delete successfully | Edit |" time="0"/>
  <testcase name="And In Employee Management screen, I click button with name Delete" classname="| Employee Management | Common | Delete | Delete successfully | Edit |" time="0"/>
  <testcase name="And In Employee Management screen, I confirm delete" classname="| Employee Management | Common | Delete | Delete successfully | Edit |" time="0"/>
  <testcase name="And In Employee Management screen, I confirm delete" classname="| Employee Management | Common | Delete | Delete successfully | Edit |" time="0"/>
  <testcase name="Then In Employee Management screen, The system should show table Employee" classname="| Employee Management | Common | Delete | Delete successfully | Edit |" time="0"/>
  <testcase name="Then In Employee Management screen, The system should show table Employee" classname="| Employee Management | Common | Delete | Delete successfully | Edit |" time="0"/>
  <testcase name="And In Employee Management screen, System show message Delete successfully" classname="| Employee Management | Common | Delete | Delete successfully | Edit |" time="0"/>
  <testcase name="And In Employee Management screen, System show message Delete successfully" classname="| Employee Management | Common | Delete | Delete successfully | Edit |" time="0"/>
  <testcase name="| Employee Management | Common | Delete | Delete successfully | Edit |" classname="| Employee Management | Common | Delete | Delete successfully | Edit |" time="1.466"/>
  <testcase name="| Employee Management | Common | Delete | Delete successfully | Edit |" classname="| Employee Management | Common | Delete | Delete successfully | Edit |" time="1.305"/>
  <testcase name="When I open submenu Employee Management of parent menu Common" classname="| Employee Management | Common | Edit | 1 |" time="0"/>
  <testcase name="And In Employee Management screen, I click in number 1 record can click" classname="| Employee Management | Common | Edit | 1 |" time="0"/>
  <testcase name="And In Employee Management screen, I click button with name Edit" classname="| Employee Management | Common | Edit | 1 |" time="0"/>
  <testcase name="And In Employee Management screen, I fill all data as below with employee name auto generate" classname="| Employee Management | Common | Edit | 1 |" time="0"/>
  <testcase name="And In Employee Management screen, I click back button" classname="| Employee Management | Common | Edit | 1 |" time="0"/>
  <testcase name="Then In Employee Management screen, The system should show table Employee" classname="| Employee Management | Common | Edit | 1 |" time="0"/>
  <testcase name="| Employee Management | Common | Edit | 1 |" classname="| Employee Management | Common | Edit | 1 |" time="1.467"/>
  <testcase name="When I open submenu Employee Management of parent menu Common" classname="| Employee Management | Common | Add | Save | Save successfully |" time="0"/>
  <testcase name="And In Employee Management screen, I click button with name Add" classname="| Employee Management | Common | Add | Save | Save successfully |" time="0"/>
  <testcase name="And In Employee Management screen, I fill all data as below with employee name auto generate" classname="| Employee Management | Common | Add | Save | Save successfully |" time="0"/>
  <testcase name="And In Employee Management screen, I click button with name Save" classname="| Employee Management | Common | Add | Save | Save successfully |" time="0"/>
  <testcase name="Then In Employee Management screen, System show message Save successfully" classname="| Employee Management | Common | Add | Save | Save successfully |" time="0"/>
  <testcase name="| Employee Management | Common | Add | Save | Save successfully |" classname="| Employee Management | Common | Add | Save | Save successfully |" time="1.161"/>
  <testcase name="When I open submenu Employee Management of parent menu Common" classname="| Employee Management | Common | Add |" time="0"/>
  <testcase name="And In Employee Management screen, I click button with name Add" classname="| Employee Management | Common | Add |" time="0"/>
  <testcase name="And In Employee Management screen, I fill all data as below with employee name auto generate" classname="| Employee Management | Common | Add |" time="0"/>
  <testcase name="And In Employee Management screen, I click back button" classname="| Employee Management | Common | Add |" time="0"/>
  <testcase name="Then In Employee Management screen, The system should show table Employee" classname="| Employee Management | Common | Add |" time="0"/>
  <testcase name="| Employee Management | Common | Add |" classname="| Employee Management | Common | Add |" time="1.297"/>
  <testcase name="When I open submenu Employee Management of parent menu Common" classname="| Employee Management | Common | Add | Reset |" time="0"/>
  <testcase name="And In Employee Management screen, I click button with name Add" classname="| Employee Management | Common | Add | Reset |" time="0"/>
  <testcase name="And In Employee Management screen, I fill all data as below with employee name auto generate" classname="| Employee Management | Common | Add | Reset |" time="0"/>
  <testcase name="And In Employee Management screen, I click button with name Reset" classname="| Employee Management | Common | Add | Reset |" time="0"/>
  <testcase name="Then In Employee Management screen, The system should show all field is old value" classname="| Employee Management | Common | Add | Reset |" time="0"/>
  <testcase name="| Employee Management | Common | Add | Reset |" classname="| Employee Management | Common | Add | Reset |" time="1.165"/>
  <testcase name="When I open submenu Employee Management of parent menu Common" classname="| Employee Management | Common | 1 | Reset | Edit | Reset |" time="0"/>
  <testcase name="And In Employee Management screen, I click in number 1 record can click" classname="| Employee Management | Common | 1 | Reset | Edit | Reset |" time="0"/>
  <testcase name="And In Employee Management screen, I click button with name Edit" classname="| Employee Management | Common | 1 | Reset | Edit | Reset |" time="0"/>
  <testcase name="And In Employee Management screen, I fill all data as below with employee name auto generate" classname="| Employee Management | Common | 1 | Reset | Edit | Reset |" time="0"/>
  <testcase name="And In Employee Management screen, I click button with name Reset" classname="| Employee Management | Common | 1 | Reset | Edit | Reset |" time="0"/>
  <testcase name="Then In Employee Management screen, The system should show all field is old value" classname="| Employee Management | Common | 1 | Reset | Edit | Reset |" time="0"/>
  <testcase name="| Employee Management | Common | 1 | Reset | Edit | Reset |" classname="| Employee Management | Common | 1 | Reset | Edit | Reset |" time="1.664"/>
  <testcase name="When I open submenu Employee Management of parent menu Common" classname="| Employee Management | Common | next | last | previous | first |" time="0"/>
  <testcase name="And In Employee Management screen, I click button next page on paging" classname="| Employee Management | Common | next | last | previous | first |" time="0.001">
    <error message="no such element: Unable to locate element: {&quot;method&quot;:&quot;xpath&quot;,&quot;selector&quot;:&quot;//div[@id=&apos;emp_list_form:employeeTable_paginator_bottom&apos;]//span[contains(@class,&apos;ui-state-active&apos;)]&quot;}&#10;  (Session info: chrome=53.0.2785.116)&#10;  (Driver info: chromedriver=2.24.417424 (c5c5ea873213ee72e3d0929b47482681555340c3),platform=Linux 3.19.0-42-generic x86_64) (WARNING: The server did not provide any stacktrace information)&#10;Command duration or timeout: 19 milliseconds&#10;For documentation on this error, please visit: http://seleniumhq.org/exceptions/no_such_element.html&#10;Build info: version: &apos;2.53.1&apos;, revision: &apos;a36b8b1cd5757287168e54b817830adce9b0158d&apos;, time: &apos;2016-06-30 19:26:09&apos;&#10;System info: host: &apos;NgocPT&apos;, ip: &apos;172.17.0.1&apos;, os.name: &apos;Linux&apos;, os.arch: &apos;amd64&apos;, os.version: &apos;3.19.0-42-generic&apos;, java.version: &apos;1.8.0_66&apos;&#10;Driver info: org.openqa.selenium.chrome.ChromeDriver&#10;Capabilities [{applicationCacheEnabled=false, rotatable=false, mobileEmulationEnabled=false, networkConnectionEnabled=false, chrome={chromedriverVersion=2.24.417424 (c5c5ea873213ee72e3d0929b47482681555340c3), userDataDir=/tmp/.org.chromium.Chromium.43sFXP}, takesHeapSnapshot=true, pageLoadStrategy=normal, databaseEnabled=false, handlesAlerts=true, hasTouchScreen=false, version=53.0.2785.116, platform=LINUX, browserConnectionEnabled=false, nativeEvents=true, acceptSslCerts=true, locationContextEnabled=true, webStorageEnabled=true, browserName=chrome, takesScreenshot=true, javascriptEnabled=true, cssSelectorsEnabled=true}]&#10;Session ID: 7f901579dbc98742cb659af9cd730134&#10;*** Element info: {Using=xpath, value=//div[@id=&apos;emp_list_form:employeeTable_paginator_bottom&apos;]//span[contains(@class,&apos;ui-state-active&apos;)]}" type="net.serenitybdd.core.exceptions.SerenityManagedException"><![CDATA[net.serenitybdd.core.exceptions.SerenityManagedException: no such element: Unable to locate element: {"method":"xpath","selector":"//div[@id='emp_list_form:employeeTable_paginator_bottom']//span[contains(@class,'ui-state-active')]"}
  (Session info: chrome=53.0.2785.116)
  (Driver info: chromedriver=2.24.417424 (c5c5ea873213ee72e3d0929b47482681555340c3),platform=Linux 3.19.0-42-generic x86_64) (WARNING: The server did not provide any stacktrace information)
Command duration or timeout: 19 milliseconds
For documentation on this error, please visit: http://seleniumhq.org/exceptions/no_such_element.html
Build info: version: '2.53.1', revision: 'a36b8b1cd5757287168e54b817830adce9b0158d', time: '2016-06-30 19:26:09'
System info: host: 'NgocPT', ip: '172.17.0.1', os.name: 'Linux', os.arch: 'amd64', os.version: '3.19.0-42-generic', java.version: '1.8.0_66'
Driver info: org.openqa.selenium.chrome.ChromeDriver
Capabilities [{applicationCacheEnabled=false, rotatable=false, mobileEmulationEnabled=false, networkConnectionEnabled=false, chrome={chromedriverVersion=2.24.417424 (c5c5ea873213ee72e3d0929b47482681555340c3), userDataDir=/tmp/.org.chromium.Chromium.43sFXP}, takesHeapSnapshot=true, pageLoadStrategy=normal, databaseEnabled=false, handlesAlerts=true, hasTouchScreen=false, version=53.0.2785.116, platform=LINUX, browserConnectionEnabled=false, nativeEvents=true, acceptSslCerts=true, locationContextEnabled=true, webStorageEnabled=true, browserName=chrome, takesScreenshot=true, javascriptEnabled=true, cssSelectorsEnabled=true}]
Session ID: 7f901579dbc98742cb659af9cd730134
*** Element info: {Using=xpath, value=//div[@id='emp_list_form:employeeTable_paginator_bottom']//span[contains(@class,'ui-state-active')]}
	at sun.reflect.GeneratedConstructorAccessor20.newInstance(Unknown Source)
	at sun.reflect.DelegatingConstructorAccessorImpl.newInstance(DelegatingConstructorAccessorImpl.java:45)
	at java.lang.reflect.Constructor.newInstance(Constructor.java:422)
	at org.openqa.selenium.remote.ErrorHandler.createThrowable(ErrorHandler.java:206)
	at org.openqa.selenium.remote.ErrorHandler.throwIfResponseFailed(ErrorHandler.java:158)
	at org.openqa.selenium.remote.RemoteWebDriver.execute(RemoteWebDriver.java:678)
	at org.openqa.selenium.remote.RemoteWebDriver.findElement(RemoteWebDriver.java:363)
	at org.openqa.selenium.remote.RemoteWebDriver.findElementByXPath(RemoteWebDriver.java:500)
	at org.openqa.selenium.By$ByXPath.findElement(By.java:361)
	at org.openqa.selenium.remote.RemoteWebDriver.findElement(RemoteWebDriver.java:355)
	at net.thucydides.core.webdriver.WebDriverFacade.findElement(WebDriverFacade.java:241)
	at net.serenitybdd.core.pages.PageObject.element(PageObject.java:902)
	at net.serenitybdd.core.pages.PageObject.find(PageObject.java:914)
	at net.serenitybdd.core.pages.PageObject.find(PageObject.java:923)
	at my.lib.serenity.primefaces.sars.page.EmployeeManagementPage.getPageActive(EmployeeManagementPage.java:89)
	at my.lib.serenity.primefaces.sars.page.EmployeeManagementPage.clickPageWithNameOnPaging(EmployeeManagementPage.java:320)
	at my.lib.serenity.primefaces.sars.steps.EmployeeManagementSteps.clickPageWithNameOnPaging(EmployeeManagementSteps.java:276)
	at my.lib.serenity.primefaces.sars.steps.EmployeeManagementSteps$$EnhancerByCGLIB$$b069118c.CGLIB$clickPageWithNameOnPaging$2(<generated>)
	at my.lib.serenity.primefaces.sars.steps.EmployeeManagementSteps$$EnhancerByCGLIB$$b069118c$$FastClassByCGLIB$$9b849419.invoke(<generated>)
	at net.sf.cglib.proxy.MethodProxy.invokeSuper(MethodProxy.java:228)
	at net.thucydides.core.steps.BaseMethodRunner.invokeMethod(BaseMethodRunner.java:10)
	at net.thucydides.core.steps.NormalMethodRunner.invokeMethodAndNotifyFailures(NormalMethodRunner.java:20)
	at net.thucydides.core.steps.StepInterceptor.runNormalMethod(StepInterceptor.java:269)
	at net.thucydides.core.steps.StepInterceptor.testStepResult(StepInterceptor.java:127)
	at net.thucydides.core.steps.StepInterceptor.intercept(StepInterceptor.java:61)
	at my.lib.serenity.primefaces.sars.steps.EmployeeManagementSteps$$EnhancerByCGLIB$$b069118c.clickPageWithNameOnPaging(<generated>)
	at my.lib.serenity.primefaces.sars.definition.EmployeeManagementScenarioSteps.inEmployeeManagementScreenIClickButtonNamePagePageOnPaging(EmployeeManagementScenarioSteps.java:160)
	at sun.reflect.NativeMethodAccessorImpl.invoke0(Native Method)
	at sun.reflect.NativeMethodAccessorImpl.invoke(NativeMethodAccessorImpl.java:62)
	at sun.reflect.DelegatingMethodAccessorImpl.invoke(DelegatingMethodAccessorImpl.java:43)
	at java.lang.reflect.Method.invoke(Method.java:497)
	at cucumber.runtime.Utils$1.call(Utils.java:37)
	at cucumber.runtime.Timeout.timeout(Timeout.java:13)
	at cucumber.runtime.Utils.invoke(Utils.java:31)
	at cucumber.runtime.java.JavaStepDefinition.execute(JavaStepDefinition.java:38)
	at cucumber.runtime.StepDefinitionMatch.runStep(StepDefinitionMatch.java:37)
	at cucumber.runtime.Runtime.runStep(Runtime.java:299)
	at cucumber.runtime.model.StepContainer.runStep(StepContainer.java:44)
	at cucumber.runtime.model.StepContainer.runSteps(StepContainer.java:39)
	at cucumber.runtime.model.CucumberScenario.run(CucumberScenario.java:44)
	at cucumber.runtime.junit.ExecutionUnitRunner.run(ExecutionUnitRunner.java:91)
	at org.junit.runners.Suite.runChild(Suite.java:128)
	at org.junit.runners.Suite.runChild(Suite.java:27)
	at org.junit.runners.ParentRunner$3.run(ParentRunner.java:290)
	at org.junit.runners.ParentRunner$1.schedule(ParentRunner.java:71)
	at org.junit.runners.ParentRunner.runChildren(ParentRunner.java:288)
	at org.junit.runners.ParentRunner.access$000(ParentRunner.java:58)
	at org.junit.runners.ParentRunner$2.evaluate(ParentRunner.java:268)
	at org.junit.runners.ParentRunner.run(ParentRunner.java:363)
	at cucumber.runtime.junit.ExamplesRunner.run(ExamplesRunner.java:59)
	at org.junit.runners.Suite.runChild(Suite.java:128)
	at org.junit.runners.Suite.runChild(Suite.java:27)
	at org.junit.runners.ParentRunner$3.run(ParentRunner.java:290)
	at org.junit.runners.ParentRunner$1.schedule(ParentRunner.java:71)
	at org.junit.runners.ParentRunner.runChildren(ParentRunner.java:288)
	at org.junit.runners.ParentRunner.access$000(ParentRunner.java:58)
	at org.junit.runners.ParentRunner$2.evaluate(ParentRunner.java:268)
	at org.junit.runners.ParentRunner.run(ParentRunner.java:363)
	at cucumber.runtime.junit.ScenarioOutlineRunner.run(ScenarioOutlineRunner.java:53)
	at cucumber.runtime.junit.FeatureRunner.runChild(FeatureRunner.java:63)
	at cucumber.runtime.junit.FeatureRunner.runChild(FeatureRunner.java:18)
	at org.junit.runners.ParentRunner$3.run(ParentRunner.java:290)
	at org.junit.runners.ParentRunner$1.schedule(ParentRunner.java:71)
	at org.junit.runners.ParentRunner.runChildren(ParentRunner.java:288)
	at org.junit.runners.ParentRunner.access$000(ParentRunner.java:58)
	at org.junit.runners.ParentRunner$2.evaluate(ParentRunner.java:268)
	at org.junit.runners.ParentRunner.run(ParentRunner.java:363)
	at cucumber.runtime.junit.FeatureRunner.run(FeatureRunner.java:70)
	at cucumber.api.junit.Cucumber.runChild(Cucumber.java:93)
	at cucumber.api.junit.Cucumber.runChild(Cucumber.java:37)
	at org.junit.runners.ParentRunner$3.run(ParentRunner.java:290)
	at org.junit.runners.ParentRunner$1.schedule(ParentRunner.java:71)
	at org.junit.runners.ParentRunner.runChildren(ParentRunner.java:288)
	at org.junit.runners.ParentRunner.access$000(ParentRunner.java:58)
	at org.junit.runners.ParentRunner$2.evaluate(ParentRunner.java:268)
	at org.junit.runners.ParentRunner.run(ParentRunner.java:363)
	at cucumber.api.junit.Cucumber.run(Cucumber.java:98)
	at org.apache.maven.surefire.junit4.JUnit4Provider.execute(JUnit4Provider.java:283)
	at org.apache.maven.surefire.junit4.JUnit4Provider.executeWithRerun(JUnit4Provider.java:173)
	at org.apache.maven.surefire.junit4.JUnit4Provider.executeTestSet(JUnit4Provider.java:153)
	at org.apache.maven.surefire.junit4.JUnit4Provider.invoke(JUnit4Provider.java:128)
	at org.apache.maven.surefire.booter.ForkedBooter.invokeProviderInSameClassLoader(ForkedBooter.java:203)
	at org.apache.maven.surefire.booter.ForkedBooter.runSuitesInProcess(ForkedBooter.java:155)
	at org.apache.maven.surefire.booter.ForkedBooter.main(ForkedBooter.java:103)
]]></error>
  </testcase>
  <testcase name="| Employee Management | Common | next | last | previous | first |" classname="| Employee Management | Common | next | last | previous | first |" time="0.002">
    <error message="no such element: Unable to locate element: {&quot;method&quot;:&quot;xpath&quot;,&quot;selector&quot;:&quot;//div[@id=&apos;emp_list_form:employeeTable_paginator_bottom&apos;]//span[contains(@class,&apos;ui-state-active&apos;)]&quot;}&#10;  (Session info: chrome=53.0.2785.116)&#10;  (Driver info: chromedriver=2.24.417424 (c5c5ea873213ee72e3d0929b47482681555340c3),platform=Linux 3.19.0-42-generic x86_64) (WARNING: The server did not provide any stacktrace information)&#10;Command duration or timeout: 19 milliseconds&#10;For documentation on this error, please visit: http://seleniumhq.org/exceptions/no_such_element.html&#10;Build info: version: &apos;2.53.1&apos;, revision: &apos;a36b8b1cd5757287168e54b817830adce9b0158d&apos;, time: &apos;2016-06-30 19:26:09&apos;&#10;System info: host: &apos;NgocPT&apos;, ip: &apos;172.17.0.1&apos;, os.name: &apos;Linux&apos;, os.arch: &apos;amd64&apos;, os.version: &apos;3.19.0-42-generic&apos;, java.version: &apos;1.8.0_66&apos;&#10;Driver info: org.openqa.selenium.chrome.ChromeDriver&#10;Capabilities [{applicationCacheEnabled=false, rotatable=false, mobileEmulationEnabled=false, networkConnectionEnabled=false, chrome={chromedriverVersion=2.24.417424 (c5c5ea873213ee72e3d0929b47482681555340c3), userDataDir=/tmp/.org.chromium.Chromium.43sFXP}, takesHeapSnapshot=true, pageLoadStrategy=normal, databaseEnabled=false, handlesAlerts=true, hasTouchScreen=false, version=53.0.2785.116, platform=LINUX, browserConnectionEnabled=false, nativeEvents=true, acceptSslCerts=true, locationContextEnabled=true, webStorageEnabled=true, browserName=chrome, takesScreenshot=true, javascriptEnabled=true, cssSelectorsEnabled=true}]&#10;Session ID: 7f901579dbc98742cb659af9cd730134&#10;*** Element info: {Using=xpath, value=//div[@id=&apos;emp_list_form:employeeTable_paginator_bottom&apos;]//span[contains(@class,&apos;ui-state-active&apos;)]}" type="net.serenitybdd.core.exceptions.SerenityManagedException"><![CDATA[net.serenitybdd.core.exceptions.SerenityManagedException: no such element: Unable to locate element: {"method":"xpath","selector":"//div[@id='emp_list_form:employeeTable_paginator_bottom']//span[contains(@class,'ui-state-active')]"}
  (Session info: chrome=53.0.2785.116)
  (Driver info: chromedriver=2.24.417424 (c5c5ea873213ee72e3d0929b47482681555340c3),platform=Linux 3.19.0-42-generic x86_64) (WARNING: The server did not provide any stacktrace information)
Command duration or timeout: 19 milliseconds
For documentation on this error, please visit: http://seleniumhq.org/exceptions/no_such_element.html
Build info: version: '2.53.1', revision: 'a36b8b1cd5757287168e54b817830adce9b0158d', time: '2016-06-30 19:26:09'
System info: host: 'NgocPT', ip: '172.17.0.1', os.name: 'Linux', os.arch: 'amd64', os.version: '3.19.0-42-generic', java.version: '1.8.0_66'
Driver info: org.openqa.selenium.chrome.ChromeDriver
Capabilities [{applicationCacheEnabled=false, rotatable=false, mobileEmulationEnabled=false, networkConnectionEnabled=false, chrome={chromedriverVersion=2.24.417424 (c5c5ea873213ee72e3d0929b47482681555340c3), userDataDir=/tmp/.org.chromium.Chromium.43sFXP}, takesHeapSnapshot=true, pageLoadStrategy=normal, databaseEnabled=false, handlesAlerts=true, hasTouchScreen=false, version=53.0.2785.116, platform=LINUX, browserConnectionEnabled=false, nativeEvents=true, acceptSslCerts=true, locationContextEnabled=true, webStorageEnabled=true, browserName=chrome, takesScreenshot=true, javascriptEnabled=true, cssSelectorsEnabled=true}]
Session ID: 7f901579dbc98742cb659af9cd730134
*** Element info: {Using=xpath, value=//div[@id='emp_list_form:employeeTable_paginator_bottom']//span[contains(@class,'ui-state-active')]}
	at sun.reflect.GeneratedConstructorAccessor20.newInstance(Unknown Source)
	at sun.reflect.DelegatingConstructorAccessorImpl.newInstance(DelegatingConstructorAccessorImpl.java:45)
	at java.lang.reflect.Constructor.newInstance(Constructor.java:422)
	at org.openqa.selenium.remote.ErrorHandler.createThrowable(ErrorHandler.java:206)
	at org.openqa.selenium.remote.ErrorHandler.throwIfResponseFailed(ErrorHandler.java:158)
	at org.openqa.selenium.remote.RemoteWebDriver.execute(RemoteWebDriver.java:678)
	at org.openqa.selenium.remote.RemoteWebDriver.findElement(RemoteWebDriver.java:363)
	at org.openqa.selenium.remote.RemoteWebDriver.findElementByXPath(RemoteWebDriver.java:500)
	at org.openqa.selenium.By$ByXPath.findElement(By.java:361)
	at org.openqa.selenium.remote.RemoteWebDriver.findElement(RemoteWebDriver.java:355)
	at net.thucydides.core.webdriver.WebDriverFacade.findElement(WebDriverFacade.java:241)
	at net.serenitybdd.core.pages.PageObject.element(PageObject.java:902)
	at net.serenitybdd.core.pages.PageObject.find(PageObject.java:914)
	at net.serenitybdd.core.pages.PageObject.find(PageObject.java:923)
	at my.lib.serenity.primefaces.sars.page.EmployeeManagementPage.getPageActive(EmployeeManagementPage.java:89)
	at my.lib.serenity.primefaces.sars.page.EmployeeManagementPage.clickPageWithNameOnPaging(EmployeeManagementPage.java:320)
	at my.lib.serenity.primefaces.sars.steps.EmployeeManagementSteps.clickPageWithNameOnPaging(EmployeeManagementSteps.java:276)
	at my.lib.serenity.primefaces.sars.steps.EmployeeManagementSteps$$EnhancerByCGLIB$$b069118c.CGLIB$clickPageWithNameOnPaging$2(<generated>)
	at my.lib.serenity.primefaces.sars.steps.EmployeeManagementSteps$$EnhancerByCGLIB$$b069118c$$FastClassByCGLIB$$9b849419.invoke(<generated>)
	at net.sf.cglib.proxy.MethodProxy.invokeSuper(MethodProxy.java:228)
	at net.thucydides.core.steps.BaseMethodRunner.invokeMethod(BaseMethodRunner.java:10)
	at net.thucydides.core.steps.NormalMethodRunner.invokeMethodAndNotifyFailures(NormalMethodRunner.java:20)
	at net.thucydides.core.steps.StepInterceptor.runNormalMethod(StepInterceptor.java:269)
	at net.thucydides.core.steps.StepInterceptor.testStepResult(StepInterceptor.java:127)
	at net.thucydides.core.steps.StepInterceptor.intercept(StepInterceptor.java:61)
	at my.lib.serenity.primefaces.sars.steps.EmployeeManagementSteps$$EnhancerByCGLIB$$b069118c.clickPageWithNameOnPaging(<generated>)
	at my.lib.serenity.primefaces.sars.definition.EmployeeManagementScenarioSteps.inEmployeeManagementScreenIClickButtonNamePagePageOnPaging(EmployeeManagementScenarioSteps.java:160)
	at sun.reflect.NativeMethodAccessorImpl.invoke0(Native Method)
	at sun.reflect.NativeMethodAccessorImpl.invoke(NativeMethodAccessorImpl.java:62)
	at sun.reflect.DelegatingMethodAccessorImpl.invoke(DelegatingMethodAccessorImpl.java:43)
	at java.lang.reflect.Method.invoke(Method.java:497)
	at cucumber.runtime.Utils$1.call(Utils.java:37)
	at cucumber.runtime.Timeout.timeout(Timeout.java:13)
	at cucumber.runtime.Utils.invoke(Utils.java:31)
	at cucumber.runtime.java.JavaStepDefinition.execute(JavaStepDefinition.java:38)
	at cucumber.runtime.StepDefinitionMatch.runStep(StepDefinitionMatch.java:37)
	at cucumber.runtime.Runtime.runStep(Runtime.java:299)
	at cucumber.runtime.model.StepContainer.runStep(StepContainer.java:44)
	at cucumber.runtime.model.StepContainer.runSteps(StepContainer.java:39)
	at cucumber.runtime.model.CucumberScenario.run(CucumberScenario.java:44)
	at cucumber.runtime.junit.ExecutionUnitRunner.run(ExecutionUnitRunner.java:91)
	at org.junit.runners.Suite.runChild(Suite.java:128)
	at org.junit.runners.Suite.runChild(Suite.java:27)
	at org.junit.runners.ParentRunner$3.run(ParentRunner.java:290)
	at org.junit.runners.ParentRunner$1.schedule(ParentRunner.java:71)
	at org.junit.runners.ParentRunner.runChildren(ParentRunner.java:288)
	at org.junit.runners.ParentRunner.access$000(ParentRunner.java:58)
	at org.junit.runners.ParentRunner$2.evaluate(ParentRunner.java:268)
	at org.junit.runners.ParentRunner.run(ParentRunner.java:363)
	at cucumber.runtime.junit.ExamplesRunner.run(ExamplesRunner.java:59)
	at org.junit.runners.Suite.runChild(Suite.java:128)
	at org.junit.runners.Suite.runChild(Suite.java:27)
	at org.junit.runners.ParentRunner$3.run(ParentRunner.java:290)
	at org.junit.runners.ParentRunner$1.schedule(ParentRunner.java:71)
	at org.junit.runners.ParentRunner.runChildren(ParentRunner.java:288)
	at org.junit.runners.ParentRunner.access$000(ParentRunner.java:58)
	at org.junit.runners.ParentRunner$2.evaluate(ParentRunner.java:268)
	at org.junit.runners.ParentRunner.run(ParentRunner.java:363)
	at cucumber.runtime.junit.ScenarioOutlineRunner.run(ScenarioOutlineRunner.java:53)
	at cucumber.runtime.junit.FeatureRunner.runChild(FeatureRunner.java:63)
	at cucumber.runtime.junit.FeatureRunner.runChild(FeatureRunner.java:18)
	at org.junit.runners.ParentRunner$3.run(ParentRunner.java:290)
	at org.junit.runners.ParentRunner$1.schedule(ParentRunner.java:71)
	at org.junit.runners.ParentRunner.runChildren(ParentRunner.java:288)
	at org.junit.runners.ParentRunner.access$000(ParentRunner.java:58)
	at org.junit.runners.ParentRunner$2.evaluate(ParentRunner.java:268)
	at org.junit.runners.ParentRunner.run(ParentRunner.java:363)
	at cucumber.runtime.junit.FeatureRunner.run(FeatureRunner.java:70)
	at cucumber.api.junit.Cucumber.runChild(Cucumber.java:93)
	at cucumber.api.junit.Cucumber.runChild(Cucumber.java:37)
	at org.junit.runners.ParentRunner$3.run(ParentRunner.java:290)
	at org.junit.runners.ParentRunner$1.schedule(ParentRunner.java:71)
	at org.junit.runners.ParentRunner.runChildren(ParentRunner.java:288)
	at org.junit.runners.ParentRunner.access$000(ParentRunner.java:58)
	at org.junit.runners.ParentRunner$2.evaluate(ParentRunner.java:268)
	at org.junit.runners.ParentRunner.run(ParentRunner.java:363)
	at cucumber.api.junit.Cucumber.run(Cucumber.java:98)
	at org.apache.maven.surefire.junit4.JUnit4Provider.execute(JUnit4Provider.java:283)
	at org.apache.maven.surefire.junit4.JUnit4Provider.executeWithRerun(JUnit4Provider.java:173)
	at org.apache.maven.surefire.junit4.JUnit4Provider.executeTestSet(JUnit4Provider.java:153)
	at org.apache.maven.surefire.junit4.JUnit4Provider.invoke(JUnit4Provider.java:128)
	at org.apache.maven.surefire.booter.ForkedBooter.invokeProviderInSameClassLoader(ForkedBooter.java:203)
	at org.apache.maven.surefire.booter.ForkedBooter.runSuitesInProcess(ForkedBooter.java:155)
	at org.apache.maven.surefire.booter.ForkedBooter.main(ForkedBooter.java:103)
]]></error>
  </testcase>
  <testcase name="| Employee Management | Common | next | last | previous | first |" classname="| Employee Management | Common | next | last | previous | first |" time="5.388">
    <error message="Expected enabled element was not enabled&#10;Build info: version: &apos;2.53.1&apos;, revision: &apos;a36b8b1cd5757287168e54b817830adce9b0158d&apos;, time: &apos;2016-06-30 19:26:09&apos;&#10;System info: host: &apos;NgocPT&apos;, ip: &apos;172.17.0.1&apos;, os.name: &apos;Linux&apos;, os.arch: &apos;amd64&apos;, os.version: &apos;3.19.0-42-generic&apos;, java.version: &apos;1.8.0_66&apos;&#10;Driver info: driver.version: unknown" type="net.serenitybdd.core.exceptions.SerenityManagedException"><![CDATA[net.serenitybdd.core.exceptions.SerenityManagedException: Expected enabled element was not enabled
Build info: version: '2.53.1', revision: 'a36b8b1cd5757287168e54b817830adce9b0158d', time: '2016-06-30 19:26:09'
System info: host: 'NgocPT', ip: '172.17.0.1', os.name: 'Linux', os.arch: 'amd64', os.version: '3.19.0-42-generic', java.version: '1.8.0_66'
Driver info: driver.version: unknown
	at net.serenitybdd.core.pages.WebElementFacadeImpl.waitUntilClickable(WebElementFacadeImpl.java:925)
	at my.lib.serenity.primefaces.component.CommandLinkComponent.click_and_wait(CommandLinkComponent.java:16)
	at my.lib.serenity.primefaces.sars.page.AbstractPage.logout(AbstractPage.java:31)
	at my.lib.serenity.primefaces.sars.steps.MenuSteps.logout(MenuSteps.java:28)
	at my.lib.serenity.primefaces.sars.steps.MenuSteps$$EnhancerByCGLIB$$11086672.CGLIB$logout$5(<generated>)
	at my.lib.serenity.primefaces.sars.steps.MenuSteps$$EnhancerByCGLIB$$11086672$$FastClassByCGLIB$$9c71f44e.invoke(<generated>)
	at net.sf.cglib.proxy.MethodProxy.invokeSuper(MethodProxy.java:228)
	at net.thucydides.core.steps.BaseMethodRunner.invokeMethod(BaseMethodRunner.java:10)
	at net.thucydides.core.steps.NormalMethodRunner.invokeMethodAndNotifyFailures(NormalMethodRunner.java:20)
	at net.thucydides.core.steps.StepInterceptor.runNormalMethod(StepInterceptor.java:269)
	at net.thucydides.core.steps.StepInterceptor.testStepResult(StepInterceptor.java:127)
	at net.thucydides.core.steps.StepInterceptor.intercept(StepInterceptor.java:61)
	at my.lib.serenity.primefaces.sars.steps.MenuSteps$$EnhancerByCGLIB$$11086672.logout(<generated>)
	at my.lib.serenity.primefaces.sars.definition.CommonScenarioSteps.afterLoggedIn(CommonScenarioSteps.java:28)
	at sun.reflect.GeneratedMethodAccessor147.invoke(Unknown Source)
	at sun.reflect.DelegatingMethodAccessorImpl.invoke(DelegatingMethodAccessorImpl.java:43)
	at java.lang.reflect.Method.invoke(Method.java:497)
	at cucumber.runtime.Utils$1.call(Utils.java:37)
	at cucumber.runtime.Timeout.timeout(Timeout.java:13)
	at cucumber.runtime.Utils.invoke(Utils.java:31)
	at cucumber.runtime.java.JavaHookDefinition.execute(JavaHookDefinition.java:60)
	at cucumber.runtime.Runtime.runHookIfTagsMatch(Runtime.java:223)
	at cucumber.runtime.Runtime.runHooks(Runtime.java:211)
	at cucumber.runtime.Runtime.runAfterHooks(Runtime.java:205)
	at cucumber.runtime.model.CucumberScenario.run(CucumberScenario.java:46)
	at cucumber.runtime.junit.ExecutionUnitRunner.run(ExecutionUnitRunner.java:91)
	at org.junit.runners.Suite.runChild(Suite.java:128)
	at org.junit.runners.Suite.runChild(Suite.java:27)
	at org.junit.runners.ParentRunner$3.run(ParentRunner.java:290)
	at org.junit.runners.ParentRunner$1.schedule(ParentRunner.java:71)
	at org.junit.runners.ParentRunner.runChildren(ParentRunner.java:288)
	at org.junit.runners.ParentRunner.access$000(ParentRunner.java:58)
	at org.junit.runners.ParentRunner$2.evaluate(ParentRunner.java:268)
	at org.junit.runners.ParentRunner.run(ParentRunner.java:363)
	at cucumber.runtime.junit.ExamplesRunner.run(ExamplesRunner.java:59)
	at org.junit.runners.Suite.runChild(Suite.java:128)
	at org.junit.runners.Suite.runChild(Suite.java:27)
	at org.junit.runners.ParentRunner$3.run(ParentRunner.java:290)
	at org.junit.runners.ParentRunner$1.schedule(ParentRunner.java:71)
	at org.junit.runners.ParentRunner.runChildren(ParentRunner.java:288)
	at org.junit.runners.ParentRunner.access$000(ParentRunner.java:58)
	at org.junit.runners.ParentRunner$2.evaluate(ParentRunner.java:268)
	at org.junit.runners.ParentRunner.run(ParentRunner.java:363)
	at cucumber.runtime.junit.ScenarioOutlineRunner.run(ScenarioOutlineRunner.java:53)
	at cucumber.runtime.junit.FeatureRunner.runChild(FeatureRunner.java:63)
	at cucumber.runtime.junit.FeatureRunner.runChild(FeatureRunner.java:18)
	at org.junit.runners.ParentRunner$3.run(ParentRunner.java:290)
	at org.junit.runners.ParentRunner$1.schedule(ParentRunner.java:71)
	at org.junit.runners.ParentRunner.runChildren(ParentRunner.java:288)
	at org.junit.runners.ParentRunner.access$000(ParentRunner.java:58)
	at org.junit.runners.ParentRunner$2.evaluate(ParentRunner.java:268)
	at org.junit.runners.ParentRunner.run(ParentRunner.java:363)
	at cucumber.runtime.junit.FeatureRunner.run(FeatureRunner.java:70)
	at cucumber.api.junit.Cucumber.runChild(Cucumber.java:93)
	at cucumber.api.junit.Cucumber.runChild(Cucumber.java:37)
	at org.junit.runners.ParentRunner$3.run(ParentRunner.java:290)
	at org.junit.runners.ParentRunner$1.schedule(ParentRunner.java:71)
	at org.junit.runners.ParentRunner.runChildren(ParentRunner.java:288)
	at org.junit.runners.ParentRunner.access$000(ParentRunner.java:58)
	at org.junit.runners.ParentRunner$2.evaluate(ParentRunner.java:268)
	at org.junit.runners.ParentRunner.run(ParentRunner.java:363)
	at cucumber.api.junit.Cucumber.run(Cucumber.java:98)
	at org.apache.maven.surefire.junit4.JUnit4Provider.execute(JUnit4Provider.java:283)
	at org.apache.maven.surefire.junit4.JUnit4Provider.executeWithRerun(JUnit4Provider.java:173)
	at org.apache.maven.surefire.junit4.JUnit4Provider.executeTestSet(JUnit4Provider.java:153)
	at org.apache.maven.surefire.junit4.JUnit4Provider.invoke(JUnit4Provider.java:128)
	at org.apache.maven.surefire.booter.ForkedBooter.invokeProviderInSameClassLoader(ForkedBooter.java:203)
	at org.apache.maven.surefire.booter.ForkedBooter.runSuitesInProcess(ForkedBooter.java:155)
	at org.apache.maven.surefire.booter.ForkedBooter.main(ForkedBooter.java:103)
Caused by: org.openqa.selenium.TimeoutException: Timed out after 5 seconds waiting for net.serenitybdd.core.pages.WebElementFacadeImpl$5@27ee31ff
Build info: version: '2.53.1', revision: 'a36b8b1cd5757287168e54b817830adce9b0158d', time: '2016-06-30 19:26:09'
System info: host: 'NgocPT', ip: '172.17.0.1', os.name: 'Linux', os.arch: 'amd64', os.version: '3.19.0-42-generic', java.version: '1.8.0_66'
Driver info: driver.version: unknown
	at org.openqa.selenium.support.ui.FluentWait.timeoutException(FluentWait.java:292)
	at org.openqa.selenium.support.ui.FluentWait.until(FluentWait.java:261)
	at net.serenitybdd.core.pages.WebElementFacadeImpl.waitUntilClickable(WebElementFacadeImpl.java:922)
	at my.lib.serenity.primefaces.component.CommandLinkComponent.click_and_wait(CommandLinkComponent.java:16)
	at my.lib.serenity.primefaces.sars.page.AbstractPage.logout(AbstractPage.java:31)
	at my.lib.serenity.primefaces.sars.steps.MenuSteps.logout(MenuSteps.java:28)
	at my.lib.serenity.primefaces.sars.steps.MenuSteps$$EnhancerByCGLIB$$11086672.CGLIB$logout$5(<generated>)
	at my.lib.serenity.primefaces.sars.steps.MenuSteps$$EnhancerByCGLIB$$11086672$$FastClassByCGLIB$$9c71f44e.invoke(<generated>)
	at net.sf.cglib.proxy.MethodProxy.invokeSuper(MethodProxy.java:228)
	at net.thucydides.core.steps.BaseMethodRunner.invokeMethod(BaseMethodRunner.java:10)
	at net.thucydides.core.steps.NormalMethodRunner.invokeMethodAndNotifyFailures(NormalMethodRunner.java:20)
	at net.thucydides.core.steps.StepInterceptor.runNormalMethod(StepInterceptor.java:269)
	at net.thucydides.core.steps.StepInterceptor.testStepResult(StepInterceptor.java:127)
	at net.thucydides.core.steps.StepInterceptor.intercept(StepInterceptor.java:61)
	at my.lib.serenity.primefaces.sars.steps.MenuSteps$$EnhancerByCGLIB$$11086672.logout(<generated>)
	at my.lib.serenity.primefaces.sars.definition.CommonScenarioSteps.afterLoggedIn(CommonScenarioSteps.java:28)
	at sun.reflect.GeneratedMethodAccessor147.invoke(Unknown Source)
	at sun.reflect.DelegatingMethodAccessorImpl.invoke(DelegatingMethodAccessorImpl.java:43)
	at java.lang.reflect.Method.invoke(Method.java:497)
	at cucumber.runtime.Utils$1.call(Utils.java:37)
	at cucumber.runtime.Timeout.timeout(Timeout.java:13)
	at cucumber.runtime.Utils.invoke(Utils.java:31)
	at cucumber.runtime.java.JavaHookDefinition.execute(JavaHookDefinition.java:60)
	at cucumber.runtime.Runtime.runHookIfTagsMatch(Runtime.java:223)
	at cucumber.runtime.Runtime.runHooks(Runtime.java:211)
	at cucumber.runtime.Runtime.runAfterHooks(Runtime.java:205)
	at cucumber.runtime.model.CucumberScenario.run(CucumberScenario.java:46)
	at cucumber.runtime.junit.ExecutionUnitRunner.run(ExecutionUnitRunner.java:91)
	at org.junit.runners.Suite.runChild(Suite.java:128)
	at org.junit.runners.Suite.runChild(Suite.java:27)
	at org.junit.runners.ParentRunner$3.run(ParentRunner.java:290)
	at org.junit.runners.ParentRunner$1.schedule(ParentRunner.java:71)
	at org.junit.runners.ParentRunner.runChildren(ParentRunner.java:288)
	at org.junit.runners.ParentRunner.access$000(ParentRunner.java:58)
	at org.junit.runners.ParentRunner$2.evaluate(ParentRunner.java:268)
	at org.junit.runners.ParentRunner.run(ParentRunner.java:363)
	at cucumber.runtime.junit.ExamplesRunner.run(ExamplesRunner.java:59)
	at org.junit.runners.Suite.runChild(Suite.java:128)
	at org.junit.runners.Suite.runChild(Suite.java:27)
	at org.junit.runners.ParentRunner$3.run(ParentRunner.java:290)
	at org.junit.runners.ParentRunner$1.schedule(ParentRunner.java:71)
	at org.junit.runners.ParentRunner.runChildren(ParentRunner.java:288)
	at org.junit.runners.ParentRunner.access$000(ParentRunner.java:58)
	at org.junit.runners.ParentRunner$2.evaluate(ParentRunner.java:268)
	at org.junit.runners.ParentRunner.run(ParentRunner.java:363)
	at cucumber.runtime.junit.ScenarioOutlineRunner.run(ScenarioOutlineRunner.java:53)
	at cucumber.runtime.junit.FeatureRunner.runChild(FeatureRunner.java:63)
	at cucumber.runtime.junit.FeatureRunner.runChild(FeatureRunner.java:18)
	at org.junit.runners.ParentRunner$3.run(ParentRunner.java:290)
	at org.junit.runners.ParentRunner$1.schedule(ParentRunner.java:71)
	at org.junit.runners.ParentRunner.runChildren(ParentRunner.java:288)
	at org.junit.runners.ParentRunner.access$000(ParentRunner.java:58)
	at org.junit.runners.ParentRunner$2.evaluate(ParentRunner.java:268)
	at org.junit.runners.ParentRunner.run(ParentRunner.java:363)
	at cucumber.runtime.junit.FeatureRunner.run(FeatureRunner.java:70)
	at cucumber.api.junit.Cucumber.runChild(Cucumber.java:93)
	at cucumber.api.junit.Cucumber.runChild(Cucumber.java:37)
	at org.junit.runners.ParentRunner$3.run(ParentRunner.java:290)
	at org.junit.runners.ParentRunner$1.schedule(ParentRunner.java:71)
	at org.junit.runners.ParentRunner.runChildren(ParentRunner.java:288)
	at org.junit.runners.ParentRunner.access$000(ParentRunner.java:58)
	at org.junit.runners.ParentRunner$2.evaluate(ParentRunner.java:268)
	at org.junit.runners.ParentRunner.run(ParentRunner.java:363)
	at cucumber.api.junit.Cucumber.run(Cucumber.java:98)
	at org.apache.maven.surefire.junit4.JUnit4Provider.execute(JUnit4Provider.java:283)
	at org.apache.maven.surefire.junit4.JUnit4Provider.executeWithRerun(JUnit4Provider.java:173)
	at org.apache.maven.surefire.junit4.JUnit4Provider.executeTestSet(JUnit4Provider.java:153)
	at org.apache.maven.surefire.junit4.JUnit4Provider.invoke(JUnit4Provider.java:128)
	at org.apache.maven.surefire.booter.ForkedBooter.invokeProviderInSameClassLoader(ForkedBooter.java:203)
	at org.apache.maven.surefire.booter.ForkedBooter.runSuitesInProcess(ForkedBooter.java:155)
	at org.apache.maven.surefire.booter.ForkedBooter.main(ForkedBooter.java:103)
]]></error>
    <system-err><![CDATA[[main] ERROR net.serenitybdd.core.Serenity - &amp#27;[91m
           __  _____ _____ ____ _____   _____ _    ___ _     _____ ____  
  _       / / |_   _| ____/ ___|_   _| |  ___/ \  |_ _| |   | ____|  _ \ 
 (_)_____| |    | | |  _| \___ \ | |   | |_ / _ \  | || |   |  _| | | | |
  _|_____| |    | | | |___ ___) || |   |  _/ ___ \ | || |___| |___| |_| |
 (_)     | |    |_| |_____|____/ |_|   |_|/_/   \_\___|_____|_____|____/ 
          \_\                                                            

TEST FAILED WITH ERROR: Open Employee Management and verify paging last, first, next, previous
---------------------------------------------------------------------&amp#27;[0m
[main] ERROR net.serenitybdd.core.Serenity - &amp#27;[91mTEST FAILED AT STEP Click page with name on paging: next&amp#27;[0m
[main] ERROR net.serenitybdd.core.Serenity - no such element: Unable to locate element: {"method":"xpath","selector":"//div[@id='emp_list_form:employeeTable_paginator_bottom']//span[contains(@class,'ui-state-active')]"}
]]></system-err>
  </testcase>
  <testcase name="Then In Employee Management screen, Table should show next page" classname="| Employee Management | Common | next | last | previous | first |" time="0">
    <skipped/>
  </testcase>
  <testcase name="When In Employee Management screen, I click button last page on paging" classname="| Employee Management | Common | next | last | previous | first |" time="0">
    <skipped/>
  </testcase>
  <testcase name="Then In Employee Management screen, Table should show last page" classname="| Employee Management | Common | next | last | previous | first |" time="0">
    <skipped/>
  </testcase>
  <testcase name="When In Employee Management screen, I click button previous page on paging" classname="| Employee Management | Common | next | last | previous | first |" time="0">
    <skipped/>
  </testcase>
  <testcase name="Then In Employee Management screen, Table should show previous page" classname="| Employee Management | Common | next | last | previous | first |" time="0">
    <skipped/>
  </testcase>
  <testcase name="When In Employee Management screen, I click button first page on paging" classname="| Employee Management | Common | next | last | previous | first |" time="0">
    <skipped/>
  </testcase>
  <testcase name="Then In Employee Management screen, Table should show first page" classname="| Employee Management | Common | next | last | previous | first |" time="0">
    <skipped/>
  </testcase>
  <testcase name="| Employee Management | Common | 1 | 2 | 1 |" classname="| Employee Management | Common | 1 | 2 | 1 |" time="6.696">
    <error message="Expected enabled element was not enabled&#10;Build info: version: &apos;2.53.1&apos;, revision: &apos;a36b8b1cd5757287168e54b817830adce9b0158d&apos;, time: &apos;2016-06-30 19:26:09&apos;&#10;System info: host: &apos;NgocPT&apos;, ip: &apos;172.17.0.1&apos;, os.name: &apos;Linux&apos;, os.arch: &apos;amd64&apos;, os.version: &apos;3.19.0-42-generic&apos;, java.version: &apos;1.8.0_66&apos;&#10;Driver info: driver.version: unknown" type="net.serenitybdd.core.exceptions.SerenityManagedException"><![CDATA[net.serenitybdd.core.exceptions.SerenityManagedException: Expected enabled element was not enabled
Build info: version: '2.53.1', revision: 'a36b8b1cd5757287168e54b817830adce9b0158d', time: '2016-06-30 19:26:09'
System info: host: 'NgocPT', ip: '172.17.0.1', os.name: 'Linux', os.arch: 'amd64', os.version: '3.19.0-42-generic', java.version: '1.8.0_66'
Driver info: driver.version: unknown
	at net.serenitybdd.core.pages.WebElementFacadeImpl.waitUntilClickable(WebElementFacadeImpl.java:925)
	at sun.reflect.GeneratedMethodAccessor135.invoke(Unknown Source)
	at sun.reflect.DelegatingMethodAccessorImpl.invoke(DelegatingMethodAccessorImpl.java:43)
	at java.lang.reflect.Method.invoke(Method.java:497)
	at net.thucydides.core.annotations.locators.AbstractSingleItemHandler.invoke(AbstractSingleItemHandler.java:45)
	at com.sun.proxy.$Proxy26.waitUntilClickable(Unknown Source)
	at my.lib.serenity.primefaces.sars.page.LoginPage.login(LoginPage.java:41)
	at my.lib.serenity.primefaces.sars.steps.LoginSteps.login(LoginSteps.java:32)
	at my.lib.serenity.primefaces.sars.steps.LoginSteps$$EnhancerByCGLIB$$c0e113c2.CGLIB$login$1(<generated>)
	at my.lib.serenity.primefaces.sars.steps.LoginSteps$$EnhancerByCGLIB$$c0e113c2$$FastClassByCGLIB$$4318e345.invoke(<generated>)
	at net.sf.cglib.proxy.MethodProxy.invokeSuper(MethodProxy.java:228)
	at net.thucydides.core.steps.BaseMethodRunner.invokeMethod(BaseMethodRunner.java:10)
	at net.thucydides.core.steps.NormalMethodRunner.invokeMethodAndNotifyFailures(NormalMethodRunner.java:20)
	at net.thucydides.core.steps.StepInterceptor.runNormalMethod(StepInterceptor.java:269)
	at net.thucydides.core.steps.StepInterceptor.testStepResult(StepInterceptor.java:127)
	at net.thucydides.core.steps.StepInterceptor.intercept(StepInterceptor.java:61)
	at my.lib.serenity.primefaces.sars.steps.LoginSteps$$EnhancerByCGLIB$$c0e113c2.login(<generated>)
	at my.lib.serenity.primefaces.sars.definition.CommonScenarioSteps.beforeLoggedIn(CommonScenarioSteps.java:22)
	at sun.reflect.GeneratedMethodAccessor145.invoke(Unknown Source)
	at sun.reflect.DelegatingMethodAccessorImpl.invoke(DelegatingMethodAccessorImpl.java:43)
	at java.lang.reflect.Method.invoke(Method.java:497)
	at cucumber.runtime.Utils$1.call(Utils.java:37)
	at cucumber.runtime.Timeout.timeout(Timeout.java:13)
	at cucumber.runtime.Utils.invoke(Utils.java:31)
	at cucumber.runtime.java.JavaHookDefinition.execute(JavaHookDefinition.java:60)
	at cucumber.runtime.Runtime.runHookIfTagsMatch(Runtime.java:223)
	at cucumber.runtime.Runtime.runHooks(Runtime.java:211)
	at cucumber.runtime.Runtime.runBeforeHooks(Runtime.java:201)
	at cucumber.runtime.model.CucumberScenario.run(CucumberScenario.java:40)
	at cucumber.runtime.junit.ExecutionUnitRunner.run(ExecutionUnitRunner.java:91)
	at org.junit.runners.Suite.runChild(Suite.java:128)
	at org.junit.runners.Suite.runChild(Suite.java:27)
	at org.junit.runners.ParentRunner$3.run(ParentRunner.java:290)
	at org.junit.runners.ParentRunner$1.schedule(ParentRunner.java:71)
	at org.junit.runners.ParentRunner.runChildren(ParentRunner.java:288)
	at org.junit.runners.ParentRunner.access$000(ParentRunner.java:58)
	at org.junit.runners.ParentRunner$2.evaluate(ParentRunner.java:268)
	at org.junit.runners.ParentRunner.run(ParentRunner.java:363)
	at cucumber.runtime.junit.ExamplesRunner.run(ExamplesRunner.java:59)
	at org.junit.runners.Suite.runChild(Suite.java:128)
	at org.junit.runners.Suite.runChild(Suite.java:27)
	at org.junit.runners.ParentRunner$3.run(ParentRunner.java:290)
	at org.junit.runners.ParentRunner$1.schedule(ParentRunner.java:71)
	at org.junit.runners.ParentRunner.runChildren(ParentRunner.java:288)
	at org.junit.runners.ParentRunner.access$000(ParentRunner.java:58)
	at org.junit.runners.ParentRunner$2.evaluate(ParentRunner.java:268)
	at org.junit.runners.ParentRunner.run(ParentRunner.java:363)
	at cucumber.runtime.junit.ScenarioOutlineRunner.run(ScenarioOutlineRunner.java:53)
	at cucumber.runtime.junit.FeatureRunner.runChild(FeatureRunner.java:63)
	at cucumber.runtime.junit.FeatureRunner.runChild(FeatureRunner.java:18)
	at org.junit.runners.ParentRunner$3.run(ParentRunner.java:290)
	at org.junit.runners.ParentRunner$1.schedule(ParentRunner.java:71)
	at org.junit.runners.ParentRunner.runChildren(ParentRunner.java:288)
	at org.junit.runners.ParentRunner.access$000(ParentRunner.java:58)
	at org.junit.runners.ParentRunner$2.evaluate(ParentRunner.java:268)
	at org.junit.runners.ParentRunner.run(ParentRunner.java:363)
	at cucumber.runtime.junit.FeatureRunner.run(FeatureRunner.java:70)
	at cucumber.api.junit.Cucumber.runChild(Cucumber.java:93)
	at cucumber.api.junit.Cucumber.runChild(Cucumber.java:37)
	at org.junit.runners.ParentRunner$3.run(ParentRunner.java:290)
	at org.junit.runners.ParentRunner$1.schedule(ParentRunner.java:71)
	at org.junit.runners.ParentRunner.runChildren(ParentRunner.java:288)
	at org.junit.runners.ParentRunner.access$000(ParentRunner.java:58)
	at org.junit.runners.ParentRunner$2.evaluate(ParentRunner.java:268)
	at org.junit.runners.ParentRunner.run(ParentRunner.java:363)
	at cucumber.api.junit.Cucumber.run(Cucumber.java:98)
	at org.apache.maven.surefire.junit4.JUnit4Provider.execute(JUnit4Provider.java:283)
	at org.apache.maven.surefire.junit4.JUnit4Provider.executeWithRerun(JUnit4Provider.java:173)
	at org.apache.maven.surefire.junit4.JUnit4Provider.executeTestSet(JUnit4Provider.java:153)
	at org.apache.maven.surefire.junit4.JUnit4Provider.invoke(JUnit4Provider.java:128)
	at org.apache.maven.surefire.booter.ForkedBooter.invokeProviderInSameClassLoader(ForkedBooter.java:203)
	at org.apache.maven.surefire.booter.ForkedBooter.runSuitesInProcess(ForkedBooter.java:155)
	at org.apache.maven.surefire.booter.ForkedBooter.main(ForkedBooter.java:103)
Caused by: org.openqa.selenium.TimeoutException: Timed out after 5 seconds waiting for net.serenitybdd.core.pages.WebElementFacadeImpl$5@400c0d9a
Build info: version: '2.53.1', revision: 'a36b8b1cd5757287168e54b817830adce9b0158d', time: '2016-06-30 19:26:09'
System info: host: 'NgocPT', ip: '172.17.0.1', os.name: 'Linux', os.arch: 'amd64', os.version: '3.19.0-42-generic', java.version: '1.8.0_66'
Driver info: driver.version: unknown
	at org.openqa.selenium.support.ui.FluentWait.timeoutException(FluentWait.java:292)
	at org.openqa.selenium.support.ui.FluentWait.until(FluentWait.java:261)
	at net.serenitybdd.core.pages.WebElementFacadeImpl.waitUntilClickable(WebElementFacadeImpl.java:922)
	at sun.reflect.GeneratedMethodAccessor135.invoke(Unknown Source)
	at sun.reflect.DelegatingMethodAccessorImpl.invoke(DelegatingMethodAccessorImpl.java:43)
	at java.lang.reflect.Method.invoke(Method.java:497)
	at net.thucydides.core.annotations.locators.AbstractSingleItemHandler.invoke(AbstractSingleItemHandler.java:45)
	at com.sun.proxy.$Proxy26.waitUntilClickable(Unknown Source)
	at my.lib.serenity.primefaces.sars.page.LoginPage.login(LoginPage.java:41)
	at my.lib.serenity.primefaces.sars.steps.LoginSteps.login(LoginSteps.java:32)
	at my.lib.serenity.primefaces.sars.steps.LoginSteps$$EnhancerByCGLIB$$c0e113c2.CGLIB$login$1(<generated>)
	at my.lib.serenity.primefaces.sars.steps.LoginSteps$$EnhancerByCGLIB$$c0e113c2$$FastClassByCGLIB$$4318e345.invoke(<generated>)
	at net.sf.cglib.proxy.MethodProxy.invokeSuper(MethodProxy.java:228)
	at net.thucydides.core.steps.BaseMethodRunner.invokeMethod(BaseMethodRunner.java:10)
	at net.thucydides.core.steps.NormalMethodRunner.invokeMethodAndNotifyFailures(NormalMethodRunner.java:20)
	at net.thucydides.core.steps.StepInterceptor.runNormalMethod(StepInterceptor.java:269)
	at net.thucydides.core.steps.StepInterceptor.testStepResult(StepInterceptor.java:127)
	at net.thucydides.core.steps.StepInterceptor.intercept(StepInterceptor.java:61)
	at my.lib.serenity.primefaces.sars.steps.LoginSteps$$EnhancerByCGLIB$$c0e113c2.login(<generated>)
	at my.lib.serenity.primefaces.sars.definition.CommonScenarioSteps.beforeLoggedIn(CommonScenarioSteps.java:22)
	at sun.reflect.GeneratedMethodAccessor145.invoke(Unknown Source)
	at sun.reflect.DelegatingMethodAccessorImpl.invoke(DelegatingMethodAccessorImpl.java:43)
	at java.lang.reflect.Method.invoke(Method.java:497)
	at cucumber.runtime.Utils$1.call(Utils.java:37)
	at cucumber.runtime.Timeout.timeout(Timeout.java:13)
	at cucumber.runtime.Utils.invoke(Utils.java:31)
	at cucumber.runtime.java.JavaHookDefinition.execute(JavaHookDefinition.java:60)
	at cucumber.runtime.Runtime.runHookIfTagsMatch(Runtime.java:223)
	at cucumber.runtime.Runtime.runHooks(Runtime.java:211)
	at cucumber.runtime.Runtime.runBeforeHooks(Runtime.java:201)
	at cucumber.runtime.model.CucumberScenario.run(CucumberScenario.java:40)
	at cucumber.runtime.junit.ExecutionUnitRunner.run(ExecutionUnitRunner.java:91)
	at org.junit.runners.Suite.runChild(Suite.java:128)
	at org.junit.runners.Suite.runChild(Suite.java:27)
	at org.junit.runners.ParentRunner$3.run(ParentRunner.java:290)
	at org.junit.runners.ParentRunner$1.schedule(ParentRunner.java:71)
	at org.junit.runners.ParentRunner.runChildren(ParentRunner.java:288)
	at org.junit.runners.ParentRunner.access$000(ParentRunner.java:58)
	at org.junit.runners.ParentRunner$2.evaluate(ParentRunner.java:268)
	at org.junit.runners.ParentRunner.run(ParentRunner.java:363)
	at cucumber.runtime.junit.ExamplesRunner.run(ExamplesRunner.java:59)
	at org.junit.runners.Suite.runChild(Suite.java:128)
	at org.junit.runners.Suite.runChild(Suite.java:27)
	at org.junit.runners.ParentRunner$3.run(ParentRunner.java:290)
	at org.junit.runners.ParentRunner$1.schedule(ParentRunner.java:71)
	at org.junit.runners.ParentRunner.runChildren(ParentRunner.java:288)
	at org.junit.runners.ParentRunner.access$000(ParentRunner.java:58)
	at org.junit.runners.ParentRunner$2.evaluate(ParentRunner.java:268)
	at org.junit.runners.ParentRunner.run(ParentRunner.java:363)
	at cucumber.runtime.junit.ScenarioOutlineRunner.run(ScenarioOutlineRunner.java:53)
	at cucumber.runtime.junit.FeatureRunner.runChild(FeatureRunner.java:63)
	at cucumber.runtime.junit.FeatureRunner.runChild(FeatureRunner.java:18)
	at org.junit.runners.ParentRunner$3.run(ParentRunner.java:290)
	at org.junit.runners.ParentRunner$1.schedule(ParentRunner.java:71)
	at org.junit.runners.ParentRunner.runChildren(ParentRunner.java:288)
	at org.junit.runners.ParentRunner.access$000(ParentRunner.java:58)
	at org.junit.runners.ParentRunner$2.evaluate(ParentRunner.java:268)
	at org.junit.runners.ParentRunner.run(ParentRunner.java:363)
	at cucumber.runtime.junit.FeatureRunner.run(FeatureRunner.java:70)
	at cucumber.api.junit.Cucumber.runChild(Cucumber.java:93)
	at cucumber.api.junit.Cucumber.runChild(Cucumber.java:37)
	at org.junit.runners.ParentRunner$3.run(ParentRunner.java:290)
	at org.junit.runners.ParentRunner$1.schedule(ParentRunner.java:71)
	at org.junit.runners.ParentRunner.runChildren(ParentRunner.java:288)
	at org.junit.runners.ParentRunner.access$000(ParentRunner.java:58)
	at org.junit.runners.ParentRunner$2.evaluate(ParentRunner.java:268)
	at org.junit.runners.ParentRunner.run(ParentRunner.java:363)
	at cucumber.api.junit.Cucumber.run(Cucumber.java:98)
	at org.apache.maven.surefire.junit4.JUnit4Provider.execute(JUnit4Provider.java:283)
	at org.apache.maven.surefire.junit4.JUnit4Provider.executeWithRerun(JUnit4Provider.java:173)
	at org.apache.maven.surefire.junit4.JUnit4Provider.executeTestSet(JUnit4Provider.java:153)
	at org.apache.maven.surefire.junit4.JUnit4Provider.invoke(JUnit4Provider.java:128)
	at org.apache.maven.surefire.booter.ForkedBooter.invokeProviderInSameClassLoader(ForkedBooter.java:203)
	at org.apache.maven.surefire.booter.ForkedBooter.runSuitesInProcess(ForkedBooter.java:155)
	at org.apache.maven.surefire.booter.ForkedBooter.main(ForkedBooter.java:103)
Caused by: org.openqa.selenium.NoSuchElementException: Timed out after 0 seconds. Element not found
For documentation on this error, please visit: http://seleniumhq.org/exceptions/no_such_element.html
Build info: version: '2.53.1', revision: 'a36b8b1cd5757287168e54b817830adce9b0158d', time: '2016-06-30 19:26:09'
System info: host: 'NgocPT', ip: '172.17.0.1', os.name: 'Linux', os.arch: 'amd64', os.version: '3.19.0-42-generic', java.version: '1.8.0_66'
Driver info: driver.version: unknown
	at net.thucydides.core.annotations.locators.SmartAjaxElementLocator.ajaxFindElement(SmartAjaxElementLocator.java:145)
	at net.thucydides.core.annotations.locators.SmartAjaxElementLocator.findElement(SmartAjaxElementLocator.java:93)
	at net.serenitybdd.core.pages.WebElementFacadeImpl.getElement(WebElementFacadeImpl.java:144)
	at net.serenitybdd.core.pages.WebElementFacadeImpl$5.apply(WebElementFacadeImpl.java:817)
	at net.serenitybdd.core.pages.WebElementFacadeImpl$5.apply(WebElementFacadeImpl.java:815)
	at org.openqa.selenium.support.ui.FluentWait.until(FluentWait.java:238)
	at net.serenitybdd.core.pages.WebElementFacadeImpl.waitUntilClickable(WebElementFacadeImpl.java:922)
	at sun.reflect.GeneratedMethodAccessor135.invoke(Unknown Source)
	at sun.reflect.DelegatingMethodAccessorImpl.invoke(DelegatingMethodAccessorImpl.java:43)
	at java.lang.reflect.Method.invoke(Method.java:497)
	at net.thucydides.core.annotations.locators.AbstractSingleItemHandler.invoke(AbstractSingleItemHandler.java:45)
	at com.sun.proxy.$Proxy26.waitUntilClickable(Unknown Source)
	at my.lib.serenity.primefaces.sars.page.LoginPage.login(LoginPage.java:41)
	at my.lib.serenity.primefaces.sars.steps.LoginSteps.login(LoginSteps.java:32)
	at my.lib.serenity.primefaces.sars.steps.LoginSteps$$EnhancerByCGLIB$$c0e113c2.CGLIB$login$1(<generated>)
	at my.lib.serenity.primefaces.sars.steps.LoginSteps$$EnhancerByCGLIB$$c0e113c2$$FastClassByCGLIB$$4318e345.invoke(<generated>)
	at net.sf.cglib.proxy.MethodProxy.invokeSuper(MethodProxy.java:228)
	at net.thucydides.core.steps.BaseMethodRunner.invokeMethod(BaseMethodRunner.java:10)
	at net.thucydides.core.steps.NormalMethodRunner.invokeMethodAndNotifyFailures(NormalMethodRunner.java:20)
	at net.thucydides.core.steps.StepInterceptor.runNormalMethod(StepInterceptor.java:269)
	at net.thucydides.core.steps.StepInterceptor.testStepResult(StepInterceptor.java:127)
	at net.thucydides.core.steps.StepInterceptor.intercept(StepInterceptor.java:61)
	at my.lib.serenity.primefaces.sars.steps.LoginSteps$$EnhancerByCGLIB$$c0e113c2.login(<generated>)
	at my.lib.serenity.primefaces.sars.definition.CommonScenarioSteps.beforeLoggedIn(CommonScenarioSteps.java:22)
	at sun.reflect.GeneratedMethodAccessor145.invoke(Unknown Source)
	at sun.reflect.DelegatingMethodAccessorImpl.invoke(DelegatingMethodAccessorImpl.java:43)
	at java.lang.reflect.Method.invoke(Method.java:497)
	at cucumber.runtime.Utils$1.call(Utils.java:37)
	at cucumber.runtime.Timeout.timeout(Timeout.java:13)
	at cucumber.runtime.Utils.invoke(Utils.java:31)
	at cucumber.runtime.java.JavaHookDefinition.execute(JavaHookDefinition.java:60)
	at cucumber.runtime.Runtime.runHookIfTagsMatch(Runtime.java:223)
	at cucumber.runtime.Runtime.runHooks(Runtime.java:211)
	at cucumber.runtime.Runtime.runBeforeHooks(Runtime.java:201)
	at cucumber.runtime.model.CucumberScenario.run(CucumberScenario.java:40)
	at cucumber.runtime.junit.ExecutionUnitRunner.run(ExecutionUnitRunner.java:91)
	at org.junit.runners.Suite.runChild(Suite.java:128)
	at org.junit.runners.Suite.runChild(Suite.java:27)
	at org.junit.runners.ParentRunner$3.run(ParentRunner.java:290)
	at org.junit.runners.ParentRunner$1.schedule(ParentRunner.java:71)
	at org.junit.runners.ParentRunner.runChildren(ParentRunner.java:288)
	at org.junit.runners.ParentRunner.access$000(ParentRunner.java:58)
	at org.junit.runners.ParentRunner$2.evaluate(ParentRunner.java:268)
	at org.junit.runners.ParentRunner.run(ParentRunner.java:363)
	at cucumber.runtime.junit.ExamplesRunner.run(ExamplesRunner.java:59)
	at org.junit.runners.Suite.runChild(Suite.java:128)
	at org.junit.runners.Suite.runChild(Suite.java:27)
	at org.junit.runners.ParentRunner$3.run(ParentRunner.java:290)
	at org.junit.runners.ParentRunner$1.schedule(ParentRunner.java:71)
	at org.junit.runners.ParentRunner.runChildren(ParentRunner.java:288)
	at org.junit.runners.ParentRunner.access$000(ParentRunner.java:58)
	at org.junit.runners.ParentRunner$2.evaluate(ParentRunner.java:268)
	at org.junit.runners.ParentRunner.run(ParentRunner.java:363)
	at cucumber.runtime.junit.ScenarioOutlineRunner.run(ScenarioOutlineRunner.java:53)
	at cucumber.runtime.junit.FeatureRunner.runChild(FeatureRunner.java:63)
	at cucumber.runtime.junit.FeatureRunner.runChild(FeatureRunner.java:18)
	at org.junit.runners.ParentRunner$3.run(ParentRunner.java:290)
	at org.junit.runners.ParentRunner$1.schedule(ParentRunner.java:71)
	at org.junit.runners.ParentRunner.runChildren(ParentRunner.java:288)
	at org.junit.runners.ParentRunner.access$000(ParentRunner.java:58)
	at org.junit.runners.ParentRunner$2.evaluate(ParentRunner.java:268)
	at org.junit.runners.ParentRunner.run(ParentRunner.java:363)
	at cucumber.runtime.junit.FeatureRunner.run(FeatureRunner.java:70)
	at cucumber.api.junit.Cucumber.runChild(Cucumber.java:93)
	at cucumber.api.junit.Cucumber.runChild(Cucumber.java:37)
	at org.junit.runners.ParentRunner$3.run(ParentRunner.java:290)
	at org.junit.runners.ParentRunner$1.schedule(ParentRunner.java:71)
	at org.junit.runners.ParentRunner.runChildren(ParentRunner.java:288)
	at org.junit.runners.ParentRunner.access$000(ParentRunner.java:58)
	at org.junit.runners.ParentRunner$2.evaluate(ParentRunner.java:268)
	at org.junit.runners.ParentRunner.run(ParentRunner.java:363)
	at cucumber.api.junit.Cucumber.run(Cucumber.java:98)
	at org.apache.maven.surefire.junit4.JUnit4Provider.execute(JUnit4Provider.java:283)
	at org.apache.maven.surefire.junit4.JUnit4Provider.executeWithRerun(JUnit4Provider.java:173)
	at org.apache.maven.surefire.junit4.JUnit4Provider.executeTestSet(JUnit4Provider.java:153)
	at org.apache.maven.surefire.junit4.JUnit4Provider.invoke(JUnit4Provider.java:128)
	at org.apache.maven.surefire.booter.ForkedBooter.invokeProviderInSameClassLoader(ForkedBooter.java:203)
	at org.apache.maven.surefire.booter.ForkedBooter.runSuitesInProcess(ForkedBooter.java:155)
	at org.apache.maven.surefire.booter.ForkedBooter.main(ForkedBooter.java:103)
]]></error>
    <system-err><![CDATA[[pool-1-thread-2] WARN net.thucydides.core.images.ResizableImage - Could not find the dimensions of the screenshot for target/site/serenity/bc351c41f72d1148893b500259adc634.png
[main] INFO net.serenitybdd.core.Serenity - 
 _____ _____ ____ _____   ____ _____  _    ____ _____ _____ ____  
|_   _| ____/ ___|_   _| / ___|_   _|/ \  |  _ \_   _| ____|  _ \ 
  | | |  _| \___ \ | |   \___ \ | | / _ \ | |_) || | |  _| | | | |
  | | | |___ ___) || |    ___) || |/ ___ \|  _ < | | | |___| |_| |
  |_| |_____|____/ |_|   |____/ |_/_/   \_\_| \_\|_| |_____|____/ 
                                                                  

TEST STARTED: Open Employee Management and verify when select 1 record, change page and back
-------------------------------------------------------------------
]]></system-err>
  </testcase>
  <testcase name="When I open submenu Employee Management of parent menu Common" classname="| Employee Management | Common | 1 | 2 | 1 |" time="0">
    <skipped/>
  </testcase>
  <testcase name="And In Employee Management screen, I click in number 1 record can click" classname="| Employee Management | Common | 1 | 2 | 1 |" time="0">
    <skipped/>
  </testcase>
  <testcase name="And In Employee Management screen, I click page 2" classname="| Employee Management | Common | 1 | 2 | 1 |" time="0">
    <skipped/>
  </testcase>
  <testcase name="And In Employee Management screen, I click page 1" classname="| Employee Management | Common | 1 | 2 | 1 |" time="0">
    <skipped/>
  </testcase>
  <testcase name="Then In Employee Management screen, Table should show 1 is selected" classname="| Employee Management | Common | 1 | 2 | 1 |" time="0">
    <skipped/>
  </testcase>
  <testcase name="When I open submenu Employee Management of parent menu Common" classname="| Employee Management | Common | Add | Employee Name | 32 | Email | 32 | Tel. | 13 | Mobile | 13 |" time="0"/>
  <testcase name="And In Employee Management screen, I click button with name Add" classname="| Employee Management | Common | Add | Employee Name | 32 | Email | 32 | Tel. | 13 | Mobile | 13 |" time="0"/>
  <testcase name="Then In Employee Management screen, Verify input field Employee Name with max length 32" classname="| Employee Management | Common | Add | Employee Name | 32 | Email | 32 | Tel. | 13 | Mobile | 13 |" time="0"/>
  <testcase name="And In Employee Management screen, Verify input field Email with max length 32" classname="| Employee Management | Common | Add | Employee Name | 32 | Email | 32 | Tel. | 13 | Mobile | 13 |" time="0"/>
  <testcase name="And In Employee Management screen, Verify input field Mobile with max length 13" classname="| Employee Management | Common | Add | Employee Name | 32 | Email | 32 | Tel. | 13 | Mobile | 13 |" time="0"/>
  <testcase name="And In Employee Management screen, Verify input field Tel. with max length 13" classname="| Employee Management | Common | Add | Employee Name | 32 | Email | 32 | Tel. | 13 | Mobile | 13 |" time="0"/>
  <testcase name="| Employee Management | Common | Add | Employee Name | 32 | Email | 32 | Tel. | 13 | Mobile | 13 |" classname="| Employee Management | Common | Add | Employee Name | 32 | Email | 32 | Tel. | 13 | Mobile | 13 |" time="1.252"/>
</testsuite>