<?xml version="1.0" encoding="UTF-8"?>
<testsuite name="my.lib.serenity.primefaces.sars.features.searchDailyReportByDate.SearchDailyReportByDateFeature" time="6.231" tests="98" errors="6" skipped="35" failures="0">
  <properties>
    <property name="java.runtime.name" value="Java(TM) SE Runtime Environment"/>
    <property name="sun.boot.library.path" value="/usr/lib/jvm/java-8-oracle/jre/lib/amd64"/>
    <property name="java.vm.version" value="25.66-b17"/>
    <property name="java.vm.vendor" value="Oracle Corporation"/>
    <property name="maven.multiModuleProjectDirectory" value="/home/ngoc/Working/Project/serenity-primefaces"/>
    <property name="java.vendor.url" value="http://java.oracle.com/"/>
    <property name="path.separator" value=":"/>
    <property name="guice.disable.misplaced.annotation.check" value="true"/>
    <property name="java.vm.name" value="Java HotSpot(TM) 64-Bit Server VM"/>
    <property name="file.encoding.pkg" value="sun.io"/>
    <property name="user.country" value="US"/>
    <property name="sun.java.launcher" value="SUN_STANDARD"/>
    <property name="sun.os.patch.level" value="unknown"/>
    <property name="java.vm.specification.name" value="Java Virtual Machine Specification"/>
    <property name="user.dir" value="/home/ngoc/Working/Project/serenity-primefaces"/>
    <property name="java.runtime.version" value="1.8.0_66-b17"/>
    <property name="java.awt.graphicsenv" value="sun.awt.X11GraphicsEnvironment"/>
    <property name="java.endorsed.dirs" value="/usr/lib/jvm/java-8-oracle/jre/lib/endorsed"/>
    <property name="os.arch" value="amd64"/>
    <property name="java.io.tmpdir" value="/tmp"/>
    <property name="line.separator" value="&#10;"/>
    <property name="java.vm.specification.vendor" value="Oracle Corporation"/>
    <property name="os.name" value="Linux"/>
    <property name="classworlds.conf" value="/usr/share/maven3/bin/m2.conf"/>
    <property name="sun.jnu.encoding" value="UTF-8"/>
    <property name="java.library.path" value="/usr/java/packages/lib/amd64:/usr/lib64:/lib64:/lib:/usr/lib"/>
    <property name="java.specification.name" value="Java Platform API Specification"/>
    <property name="java.class.version" value="52.0"/>
    <property name="sun.management.compiler" value="HotSpot 64-Bit Tiered Compilers"/>
    <property name="os.version" value="3.19.0-42-generic"/>
    <property name="user.home" value="/home/ngoc"/>
    <property name="user.timezone" value="Asia/Ho_Chi_Minh"/>
    <property name="java.awt.printerjob" value="sun.print.PSPrinterJob"/>
    <property name="file.encoding" value="UTF-8"/>
    <property name="java.specification.version" value="1.8"/>
    <property name="user.name" value="ngoc"/>
    <property name="java.class.path" value="/usr/share/maven3/boot/plexus-classworlds-2.5.2.jar"/>
    <property name="java.vm.specification.version" value="1.8"/>
    <property name="sun.arch.data.model" value="64"/>
    <property name="java.home" value="/usr/lib/jvm/java-8-oracle/jre"/>
    <property name="sun.java.command" value="org.codehaus.plexus.classworlds.launcher.Launcher verify"/>
    <property name="java.specification.vendor" value="Oracle Corporation"/>
    <property name="user.language" value="en"/>
    <property name="awt.toolkit" value="sun.awt.X11.XToolkit"/>
    <property name="java.vm.info" value="mixed mode"/>
    <property name="java.version" value="1.8.0_66"/>
    <property name="java.ext.dirs" value="/usr/lib/jvm/java-8-oracle/jre/lib/ext:/usr/java/packages/lib/ext"/>
    <property name="securerandom.source" value="file:/dev/./urandom"/>
    <property name="sun.boot.class.path" value="/usr/lib/jvm/java-8-oracle/jre/lib/resources.jar:/usr/lib/jvm/java-8-oracle/jre/lib/rt.jar:/usr/lib/jvm/java-8-oracle/jre/lib/sunrsasign.jar:/usr/lib/jvm/java-8-oracle/jre/lib/jsse.jar:/usr/lib/jvm/java-8-oracle/jre/lib/jce.jar:/usr/lib/jvm/java-8-oracle/jre/lib/charsets.jar:/usr/lib/jvm/java-8-oracle/jre/lib/jfr.jar:/usr/lib/jvm/java-8-oracle/jre/classes"/>
    <property name="java.vendor" value="Oracle Corporation"/>
    <property name="maven.home" value="/usr/share/maven3"/>
    <property name="file.separator" value="/"/>
    <property name="java.vendor.url.bug" value="http://bugreport.sun.com/bugreport/"/>
    <property name="sun.cpu.endian" value="little"/>
    <property name="sun.io.unicode.encoding" value="UnicodeLittle"/>
    <property name="sun.desktop" value="gnome"/>
    <property name="sun.cpu.isalist" value=""/>
  </properties>
  <testcase name="When I open submenu Search By Date of menu Daily Report" classname="| Search By Date | Daily Report |" time="0"/>
  <testcase name="Then The system should show initialization screen of Search by Date page" classname="| Search By Date | Daily Report |" time="0"/>
  <testcase name="| Search By Date | Daily Report |" classname="| Search By Date | Daily Report |" time="1.009"/>
  <testcase name="When I open submenu Search By Date of menu Daily Report" classname="| Search By Date | Daily Report | Search | 福岡県 | 40000005 | 2012/11/28 |" time="0"/>
  <testcase name="And In Search by date screen, I click button &apos;Search&apos;" classname="| Search By Date | Daily Report | Search | 福岡県 | 40000005 | 2012/11/28 |" time="0"/>
  <testcase name="And In Search by date screen, I click button &apos;Search&apos;" classname="| Search By Date | Daily Report | Search | 福岡県 | 40000005 | 2012/11/28 |" time="0">
    <skipped/>
  </testcase>
  <testcase name="And In Search by date screen, I click button &apos;Search&apos;" classname="| Search By Date | Daily Report | Search | 福岡県 | 40000005 | 2012/11/28 |" time="0">
    <skipped/>
  </testcase>
  <testcase name="And In Search by date screen, I click button &apos;Search&apos;" classname="| Search By Date | Daily Report | Search | 福岡県 | 40000005 | 2012/11/28 |" time="0">
    <skipped/>
  </testcase>
  <testcase name="And In Search by date screen, I click button &apos;Search&apos;" classname="| Search By Date | Daily Report | Search | 福岡県 | 40000005 | 2012/11/28 |" time="0">
    <skipped/>
  </testcase>
  <testcase name="Then The system should show required branch and employee error message" classname="| Search By Date | Daily Report | Search | 福岡県 | 40000005 | 2012/11/28 |" time="0.001">
    <error message="expected:&lt;[tru]e&gt; but was:&lt;[fals]e&gt;" type="net.serenitybdd.core.exceptions.SerenityManagedException"><![CDATA[net.serenitybdd.core.exceptions.SerenityManagedException: expected:<[tru]e> but was:<[fals]e>
	at sun.reflect.NativeConstructorAccessorImpl.newInstance0(Native Method)
	at sun.reflect.NativeConstructorAccessorImpl.newInstance(NativeConstructorAccessorImpl.java:62)
	at sun.reflect.DelegatingConstructorAccessorImpl.newInstance(DelegatingConstructorAccessorImpl.java:45)
	at my.lib.serenity.primefaces.sars.steps.SearchHistoryByDateSteps.should_show_required_branch_and_employee_error_message(SearchHistoryByDateSteps.java:22)
	at my.lib.serenity.primefaces.sars.steps.SearchHistoryByDateSteps$$EnhancerByCGLIB$$17bb51ca.CGLIB$should_show_required_branch_and_employee_error_message$9(<generated>)
	at my.lib.serenity.primefaces.sars.steps.SearchHistoryByDateSteps$$EnhancerByCGLIB$$17bb51ca$$FastClassByCGLIB$$8d5dbb63.invoke(<generated>)
	at net.sf.cglib.proxy.MethodProxy.invokeSuper(MethodProxy.java:228)
	at net.thucydides.core.steps.BaseMethodRunner.invokeMethod(BaseMethodRunner.java:10)
	at net.thucydides.core.steps.NormalMethodRunner.invokeMethodAndNotifyFailures(NormalMethodRunner.java:20)
	at net.thucydides.core.steps.StepInterceptor.runNormalMethod(StepInterceptor.java:269)
	at net.thucydides.core.steps.StepInterceptor.testStepResult(StepInterceptor.java:127)
	at net.thucydides.core.steps.StepInterceptor.intercept(StepInterceptor.java:61)
	at my.lib.serenity.primefaces.sars.steps.SearchHistoryByDateSteps$$EnhancerByCGLIB$$17bb51ca.should_show_required_branch_and_employee_error_message(<generated>)
	at my.lib.serenity.primefaces.sars.definition.SearchDailyReportByDateFeatureScenarioSteps.then_the_system_should_show_required_branch_and_employee_error_message(SearchDailyReportByDateFeatureScenarioSteps.java:36)
	at sun.reflect.NativeMethodAccessorImpl.invoke0(Native Method)
	at sun.reflect.NativeMethodAccessorImpl.invoke(NativeMethodAccessorImpl.java:62)
	at sun.reflect.DelegatingMethodAccessorImpl.invoke(DelegatingMethodAccessorImpl.java:43)
	at java.lang.reflect.Method.invoke(Method.java:497)
	at cucumber.runtime.Utils$1.call(Utils.java:37)
	at cucumber.runtime.Timeout.timeout(Timeout.java:13)
	at cucumber.runtime.Utils.invoke(Utils.java:31)
	at cucumber.runtime.java.JavaStepDefinition.execute(JavaStepDefinition.java:38)
	at cucumber.runtime.StepDefinitionMatch.runStep(StepDefinitionMatch.java:37)
	at cucumber.runtime.Runtime.runStep(Runtime.java:299)
	at cucumber.runtime.model.StepContainer.runStep(StepContainer.java:44)
	at cucumber.runtime.model.StepContainer.runSteps(StepContainer.java:39)
	at cucumber.runtime.model.CucumberScenario.run(CucumberScenario.java:44)
	at cucumber.runtime.junit.ExecutionUnitRunner.run(ExecutionUnitRunner.java:91)
	at org.junit.runners.Suite.runChild(Suite.java:128)
	at org.junit.runners.Suite.runChild(Suite.java:27)
	at org.junit.runners.ParentRunner$3.run(ParentRunner.java:290)
	at org.junit.runners.ParentRunner$1.schedule(ParentRunner.java:71)
	at org.junit.runners.ParentRunner.runChildren(ParentRunner.java:288)
	at org.junit.runners.ParentRunner.access$000(ParentRunner.java:58)
	at org.junit.runners.ParentRunner$2.evaluate(ParentRunner.java:268)
	at org.junit.runners.ParentRunner.run(ParentRunner.java:363)
	at cucumber.runtime.junit.ExamplesRunner.run(ExamplesRunner.java:59)
	at org.junit.runners.Suite.runChild(Suite.java:128)
	at org.junit.runners.Suite.runChild(Suite.java:27)
	at org.junit.runners.ParentRunner$3.run(ParentRunner.java:290)
	at org.junit.runners.ParentRunner$1.schedule(ParentRunner.java:71)
	at org.junit.runners.ParentRunner.runChildren(ParentRunner.java:288)
	at org.junit.runners.ParentRunner.access$000(ParentRunner.java:58)
	at org.junit.runners.ParentRunner$2.evaluate(ParentRunner.java:268)
	at org.junit.runners.ParentRunner.run(ParentRunner.java:363)
	at cucumber.runtime.junit.ScenarioOutlineRunner.run(ScenarioOutlineRunner.java:53)
	at cucumber.runtime.junit.FeatureRunner.runChild(FeatureRunner.java:63)
	at cucumber.runtime.junit.FeatureRunner.runChild(FeatureRunner.java:18)
	at org.junit.runners.ParentRunner$3.run(ParentRunner.java:290)
	at org.junit.runners.ParentRunner$1.schedule(ParentRunner.java:71)
	at org.junit.runners.ParentRunner.runChildren(ParentRunner.java:288)
	at org.junit.runners.ParentRunner.access$000(ParentRunner.java:58)
	at org.junit.runners.ParentRunner$2.evaluate(ParentRunner.java:268)
	at org.junit.runners.ParentRunner.run(ParentRunner.java:363)
	at cucumber.runtime.junit.FeatureRunner.run(FeatureRunner.java:70)
	at cucumber.api.junit.Cucumber.runChild(Cucumber.java:93)
	at cucumber.api.junit.Cucumber.runChild(Cucumber.java:37)
	at org.junit.runners.ParentRunner$3.run(ParentRunner.java:290)
	at org.junit.runners.ParentRunner$1.schedule(ParentRunner.java:71)
	at org.junit.runners.ParentRunner.runChildren(ParentRunner.java:288)
	at org.junit.runners.ParentRunner.access$000(ParentRunner.java:58)
	at org.junit.runners.ParentRunner$2.evaluate(ParentRunner.java:268)
	at org.junit.runners.ParentRunner.run(ParentRunner.java:363)
	at cucumber.api.junit.Cucumber.run(Cucumber.java:98)
	at org.apache.maven.surefire.junit4.JUnit4Provider.execute(JUnit4Provider.java:283)
	at org.apache.maven.surefire.junit4.JUnit4Provider.executeWithRerun(JUnit4Provider.java:173)
	at org.apache.maven.surefire.junit4.JUnit4Provider.executeTestSet(JUnit4Provider.java:153)
	at org.apache.maven.surefire.junit4.JUnit4Provider.invoke(JUnit4Provider.java:128)
	at org.apache.maven.surefire.booter.ForkedBooter.invokeProviderInSameClassLoader(ForkedBooter.java:203)
	at org.apache.maven.surefire.booter.ForkedBooter.runSuitesInProcess(ForkedBooter.java:155)
	at org.apache.maven.surefire.booter.ForkedBooter.main(ForkedBooter.java:103)
]]></error>
  </testcase>
  <testcase name="| Search By Date | Daily Report | Search | 福岡県 | 40000005 | 2012/11/28 |" classname="| Search By Date | Daily Report | Search | 福岡県 | 40000005 | 2012/11/28 |" time="0.002">
    <error message="expected:&lt;[tru]e&gt; but was:&lt;[fals]e&gt;" type="net.serenitybdd.core.exceptions.SerenityManagedException"><![CDATA[net.serenitybdd.core.exceptions.SerenityManagedException: expected:<[tru]e> but was:<[fals]e>
	at sun.reflect.NativeConstructorAccessorImpl.newInstance0(Native Method)
	at sun.reflect.NativeConstructorAccessorImpl.newInstance(NativeConstructorAccessorImpl.java:62)
	at sun.reflect.DelegatingConstructorAccessorImpl.newInstance(DelegatingConstructorAccessorImpl.java:45)
	at my.lib.serenity.primefaces.sars.steps.SearchHistoryByDateSteps.should_show_required_branch_and_employee_error_message(SearchHistoryByDateSteps.java:22)
	at my.lib.serenity.primefaces.sars.steps.SearchHistoryByDateSteps$$EnhancerByCGLIB$$17bb51ca.CGLIB$should_show_required_branch_and_employee_error_message$9(<generated>)
	at my.lib.serenity.primefaces.sars.steps.SearchHistoryByDateSteps$$EnhancerByCGLIB$$17bb51ca$$FastClassByCGLIB$$8d5dbb63.invoke(<generated>)
	at net.sf.cglib.proxy.MethodProxy.invokeSuper(MethodProxy.java:228)
	at net.thucydides.core.steps.BaseMethodRunner.invokeMethod(BaseMethodRunner.java:10)
	at net.thucydides.core.steps.NormalMethodRunner.invokeMethodAndNotifyFailures(NormalMethodRunner.java:20)
	at net.thucydides.core.steps.StepInterceptor.runNormalMethod(StepInterceptor.java:269)
	at net.thucydides.core.steps.StepInterceptor.testStepResult(StepInterceptor.java:127)
	at net.thucydides.core.steps.StepInterceptor.intercept(StepInterceptor.java:61)
	at my.lib.serenity.primefaces.sars.steps.SearchHistoryByDateSteps$$EnhancerByCGLIB$$17bb51ca.should_show_required_branch_and_employee_error_message(<generated>)
	at my.lib.serenity.primefaces.sars.definition.SearchDailyReportByDateFeatureScenarioSteps.then_the_system_should_show_required_branch_and_employee_error_message(SearchDailyReportByDateFeatureScenarioSteps.java:36)
	at sun.reflect.NativeMethodAccessorImpl.invoke0(Native Method)
	at sun.reflect.NativeMethodAccessorImpl.invoke(NativeMethodAccessorImpl.java:62)
	at sun.reflect.DelegatingMethodAccessorImpl.invoke(DelegatingMethodAccessorImpl.java:43)
	at java.lang.reflect.Method.invoke(Method.java:497)
	at cucumber.runtime.Utils$1.call(Utils.java:37)
	at cucumber.runtime.Timeout.timeout(Timeout.java:13)
	at cucumber.runtime.Utils.invoke(Utils.java:31)
	at cucumber.runtime.java.JavaStepDefinition.execute(JavaStepDefinition.java:38)
	at cucumber.runtime.StepDefinitionMatch.runStep(StepDefinitionMatch.java:37)
	at cucumber.runtime.Runtime.runStep(Runtime.java:299)
	at cucumber.runtime.model.StepContainer.runStep(StepContainer.java:44)
	at cucumber.runtime.model.StepContainer.runSteps(StepContainer.java:39)
	at cucumber.runtime.model.CucumberScenario.run(CucumberScenario.java:44)
	at cucumber.runtime.junit.ExecutionUnitRunner.run(ExecutionUnitRunner.java:91)
	at org.junit.runners.Suite.runChild(Suite.java:128)
	at org.junit.runners.Suite.runChild(Suite.java:27)
	at org.junit.runners.ParentRunner$3.run(ParentRunner.java:290)
	at org.junit.runners.ParentRunner$1.schedule(ParentRunner.java:71)
	at org.junit.runners.ParentRunner.runChildren(ParentRunner.java:288)
	at org.junit.runners.ParentRunner.access$000(ParentRunner.java:58)
	at org.junit.runners.ParentRunner$2.evaluate(ParentRunner.java:268)
	at org.junit.runners.ParentRunner.run(ParentRunner.java:363)
	at cucumber.runtime.junit.ExamplesRunner.run(ExamplesRunner.java:59)
	at org.junit.runners.Suite.runChild(Suite.java:128)
	at org.junit.runners.Suite.runChild(Suite.java:27)
	at org.junit.runners.ParentRunner$3.run(ParentRunner.java:290)
	at org.junit.runners.ParentRunner$1.schedule(ParentRunner.java:71)
	at org.junit.runners.ParentRunner.runChildren(ParentRunner.java:288)
	at org.junit.runners.ParentRunner.access$000(ParentRunner.java:58)
	at org.junit.runners.ParentRunner$2.evaluate(ParentRunner.java:268)
	at org.junit.runners.ParentRunner.run(ParentRunner.java:363)
	at cucumber.runtime.junit.ScenarioOutlineRunner.run(ScenarioOutlineRunner.java:53)
	at cucumber.runtime.junit.FeatureRunner.runChild(FeatureRunner.java:63)
	at cucumber.runtime.junit.FeatureRunner.runChild(FeatureRunner.java:18)
	at org.junit.runners.ParentRunner$3.run(ParentRunner.java:290)
	at org.junit.runners.ParentRunner$1.schedule(ParentRunner.java:71)
	at org.junit.runners.ParentRunner.runChildren(ParentRunner.java:288)
	at org.junit.runners.ParentRunner.access$000(ParentRunner.java:58)
	at org.junit.runners.ParentRunner$2.evaluate(ParentRunner.java:268)
	at org.junit.runners.ParentRunner.run(ParentRunner.java:363)
	at cucumber.runtime.junit.FeatureRunner.run(FeatureRunner.java:70)
	at cucumber.api.junit.Cucumber.runChild(Cucumber.java:93)
	at cucumber.api.junit.Cucumber.runChild(Cucumber.java:37)
	at org.junit.runners.ParentRunner$3.run(ParentRunner.java:290)
	at org.junit.runners.ParentRunner$1.schedule(ParentRunner.java:71)
	at org.junit.runners.ParentRunner.runChildren(ParentRunner.java:288)
	at org.junit.runners.ParentRunner.access$000(ParentRunner.java:58)
	at org.junit.runners.ParentRunner$2.evaluate(ParentRunner.java:268)
	at org.junit.runners.ParentRunner.run(ParentRunner.java:363)
	at cucumber.api.junit.Cucumber.run(Cucumber.java:98)
	at org.apache.maven.surefire.junit4.JUnit4Provider.execute(JUnit4Provider.java:283)
	at org.apache.maven.surefire.junit4.JUnit4Provider.executeWithRerun(JUnit4Provider.java:173)
	at org.apache.maven.surefire.junit4.JUnit4Provider.executeTestSet(JUnit4Provider.java:153)
	at org.apache.maven.surefire.junit4.JUnit4Provider.invoke(JUnit4Provider.java:128)
	at org.apache.maven.surefire.booter.ForkedBooter.invokeProviderInSameClassLoader(ForkedBooter.java:203)
	at org.apache.maven.surefire.booter.ForkedBooter.runSuitesInProcess(ForkedBooter.java:155)
	at org.apache.maven.surefire.booter.ForkedBooter.main(ForkedBooter.java:103)
]]></error>
  </testcase>
  <testcase name="When In Search by date screen, I choose a branch 福岡県 in dropdown Branch" classname="| Search By Date | Daily Report | Search | 福岡県 | 40000005 | 2012/11/28 |" time="0">
    <skipped/>
  </testcase>
  <testcase name="And In Search by date screen, I type value 40000005 for autocomplete Employee" classname="| Search By Date | Daily Report | Search | 福岡県 | 40000005 | 2012/11/28 |" time="0">
    <skipped/>
  </testcase>
  <testcase name="And In Search by date screen, I choose 40000005 employee in dropdown of autocomplete Employee" classname="| Search By Date | Daily Report | Search | 福岡県 | 40000005 | 2012/11/28 |" time="0">
    <skipped/>
  </testcase>
  <testcase name="Then The system should show table Search by date result with no record found" classname="| Search By Date | Daily Report | Search | 福岡県 | 40000005 | 2012/11/28 |" time="0">
    <skipped/>
  </testcase>
  <testcase name="When In Search by date screen, I select date 2012/11/28 in item Date" classname="| Search By Date | Daily Report | Search | 福岡県 | 40000005 | 2012/11/28 |" time="0">
    <skipped/>
  </testcase>
  <testcase name="Then The system should show table Search by date result has record found" classname="| Search By Date | Daily Report | Search | 福岡県 | 40000005 | 2012/11/28 |" time="0">
    <skipped/>
  </testcase>
  <testcase name="Then The system should show table Search by date result has record found" classname="| Search By Date | Daily Report | Search | 福岡県 | 40000005 | 2012/11/28 |" time="0">
    <skipped/>
  </testcase>
  <testcase name="And The system should show button Edit and Delete disabled" classname="| Search By Date | Daily Report | Search | 福岡県 | 40000005 | 2012/11/28 |" time="0">
    <skipped/>
  </testcase>
  <testcase name="When In Search by date screen, I click checkbox Include retired employee" classname="| Search By Date | Daily Report | Search | 福岡県 | 40000005 | 2012/11/28 |" time="0">
    <skipped/>
  </testcase>
  <testcase name="Then The system should show required employee error message" classname="| Search By Date | Daily Report | Search | 福岡県 | 40000005 | 2012/11/28 |" time="0">
    <skipped/>
  </testcase>
  <testcase name="When In Search by date screen, I choose 40000005 employee in dropdown of autocomplete Employee" classname="| Search By Date | Daily Report | Search | 福岡県 | 40000005 | 2012/11/28 |" time="0">
    <skipped/>
  </testcase>
  <testcase name="Given A list of column title need toggle in Search by date" classname="| Search By Date | Daily Report | 9 | Search | 福岡県 | 40000005 | 2012/11/28 |" time="0"/>
  <testcase name="When I open submenu Search By Date of menu Daily Report" classname="| Search By Date | Daily Report | 9 | Search | 福岡県 | 40000005 | 2012/11/28 |" time="0"/>
  <testcase name="And In Search by date screen, I select date 2012/11/28 in item Date" classname="| Search By Date | Daily Report | 9 | Search | 福岡県 | 40000005 | 2012/11/28 |" time="0"/>
  <testcase name="And In Search by date screen, I choose a branch 福岡県 in dropdown Branch" classname="| Search By Date | Daily Report | 9 | Search | 福岡県 | 40000005 | 2012/11/28 |" time="0"/>
  <testcase name="And In Search by date screen, I type value 40000005 for autocomplete Employee" classname="| Search By Date | Daily Report | 9 | Search | 福岡県 | 40000005 | 2012/11/28 |" time="0"/>
  <testcase name="And In Search by date screen, I choose 40000005 employee in dropdown of autocomplete Employee" classname="| Search By Date | Daily Report | 9 | Search | 福岡県 | 40000005 | 2012/11/28 |" time="0"/>
  <testcase name="And In Search by date screen, I click button &apos;Search&apos;" classname="| Search By Date | Daily Report | 9 | Search | 福岡県 | 40000005 | 2012/11/28 |" time="0"/>
  <testcase name="And I open toggle menu in table Search by date result" classname="| Search By Date | Daily Report | 9 | Search | 福岡県 | 40000005 | 2012/11/28 |" time="0"/>
  <testcase name="And I toggle all column in table Search by date result" classname="| Search By Date | Daily Report | 9 | Search | 福岡県 | 40000005 | 2012/11/28 |" time="0"/>
  <testcase name="Then The system should show table Search by date result has 9 columns" classname="| Search By Date | Daily Report | 9 | Search | 福岡県 | 40000005 | 2012/11/28 |" time="0"/>
  <testcase name="| Search By Date | Daily Report | 9 | Search | 福岡県 | 40000005 | 2012/11/28 |" classname="| Search By Date | Daily Report | 9 | Search | 福岡県 | 40000005 | 2012/11/28 |" time="1.139"/>
  <testcase name="When I open submenu Search By Date of menu Daily Report" classname="| Search By Date | Daily Report | Search | 福岡県 | 40000005 | 2012/11/28 | 2 |" time="0"/>
  <testcase name="And In Search by date screen, I select date 2012/11/28 in item Date" classname="| Search By Date | Daily Report | Search | 福岡県 | 40000005 | 2012/11/28 | 2 |" time="0.001">
    <error message="unknown error: Element is not clickable at point (511, 138). Other element would receive the click: &lt;div class=&quot;blockUI blockOverlay ui-widget-overlay&quot; style=&quot;z-index: 1000; cursor: default; position: absolute; opacity: 0.00311658;&quot;&gt;&lt;/div&gt;&#10;  (Session info: chrome=53.0.2785.116)&#10;  (Driver info: chromedriver=2.24.417424 (c5c5ea873213ee72e3d0929b47482681555340c3),platform=Linux 3.19.0-42-generic x86_64) (WARNING: The server did not provide any stacktrace information)&#10;Command duration or timeout: 36 milliseconds&#10;Build info: version: &apos;2.53.1&apos;, revision: &apos;a36b8b1cd5757287168e54b817830adce9b0158d&apos;, time: &apos;2016-06-30 19:26:09&apos;&#10;System info: host: &apos;NgocPT&apos;, ip: &apos;172.17.0.1&apos;, os.name: &apos;Linux&apos;, os.arch: &apos;amd64&apos;, os.version: &apos;3.19.0-42-generic&apos;, java.version: &apos;1.8.0_66&apos;&#10;Driver info: org.openqa.selenium.chrome.ChromeDriver&#10;Capabilities [{applicationCacheEnabled=false, rotatable=false, mobileEmulationEnabled=false, networkConnectionEnabled=false, chrome={chromedriverVersion=2.24.417424 (c5c5ea873213ee72e3d0929b47482681555340c3), userDataDir=/tmp/.org.chromium.Chromium.g0mNyt}, takesHeapSnapshot=true, pageLoadStrategy=normal, databaseEnabled=false, handlesAlerts=true, hasTouchScreen=false, version=53.0.2785.116, platform=LINUX, browserConnectionEnabled=false, nativeEvents=true, acceptSslCerts=true, locationContextEnabled=true, webStorageEnabled=true, browserName=chrome, takesScreenshot=true, javascriptEnabled=true, cssSelectorsEnabled=true}]&#10;Session ID: b0757e2a3e35e2909d57069c8784c35b" type="net.serenitybdd.core.exceptions.SerenityManagedException"><![CDATA[net.serenitybdd.core.exceptions.SerenityManagedException: unknown error: Element is not clickable at point (511, 138). Other element would receive the click: <div class="blockUI blockOverlay ui-widget-overlay" style="z-index: 1000; cursor: default; position: absolute; opacity: 0.00311658;"></div>
  (Session info: chrome=53.0.2785.116)
  (Driver info: chromedriver=2.24.417424 (c5c5ea873213ee72e3d0929b47482681555340c3),platform=Linux 3.19.0-42-generic x86_64) (WARNING: The server did not provide any stacktrace information)
Command duration or timeout: 36 milliseconds
Build info: version: '2.53.1', revision: 'a36b8b1cd5757287168e54b817830adce9b0158d', time: '2016-06-30 19:26:09'
System info: host: 'NgocPT', ip: '172.17.0.1', os.name: 'Linux', os.arch: 'amd64', os.version: '3.19.0-42-generic', java.version: '1.8.0_66'
Driver info: org.openqa.selenium.chrome.ChromeDriver
Capabilities [{applicationCacheEnabled=false, rotatable=false, mobileEmulationEnabled=false, networkConnectionEnabled=false, chrome={chromedriverVersion=2.24.417424 (c5c5ea873213ee72e3d0929b47482681555340c3), userDataDir=/tmp/.org.chromium.Chromium.g0mNyt}, takesHeapSnapshot=true, pageLoadStrategy=normal, databaseEnabled=false, handlesAlerts=true, hasTouchScreen=false, version=53.0.2785.116, platform=LINUX, browserConnectionEnabled=false, nativeEvents=true, acceptSslCerts=true, locationContextEnabled=true, webStorageEnabled=true, browserName=chrome, takesScreenshot=true, javascriptEnabled=true, cssSelectorsEnabled=true}]
Session ID: b0757e2a3e35e2909d57069c8784c35b
	at sun.reflect.NativeConstructorAccessorImpl.newInstance0(Native Method)
	at sun.reflect.NativeConstructorAccessorImpl.newInstance(NativeConstructorAccessorImpl.java:62)
	at sun.reflect.DelegatingConstructorAccessorImpl.newInstance(DelegatingConstructorAccessorImpl.java:45)
	at java.lang.reflect.Constructor.newInstance(Constructor.java:422)
	at org.openqa.selenium.remote.ErrorHandler.createThrowable(ErrorHandler.java:206)
	at org.openqa.selenium.remote.ErrorHandler.throwIfResponseFailed(ErrorHandler.java:158)
	at org.openqa.selenium.remote.RemoteWebDriver.execute(RemoteWebDriver.java:678)
	at org.openqa.selenium.remote.RemoteWebElement.execute(RemoteWebElement.java:327)
	at org.openqa.selenium.remote.RemoteWebElement.click(RemoteWebElement.java:85)
	at net.serenitybdd.core.pages.WebElementFacadeImpl.click(WebElementFacadeImpl.java:988)
	at my.lib.serenity.primefaces.component.CalendarComponent.openDateTimeSelect(CalendarComponent.java:144)
	at my.lib.serenity.primefaces.component.CalendarComponent.select_date(CalendarComponent.java:152)
	at my.lib.serenity.primefaces.sars.page.SearchHistoryByDatePage.select_date_in_item_date(SearchHistoryByDatePage.java:164)
	at my.lib.serenity.primefaces.sars.steps.SearchHistoryByDateSteps.select_date_in_item_date(SearchHistoryByDateSteps.java:46)
	at my.lib.serenity.primefaces.sars.steps.SearchHistoryByDateSteps$$EnhancerByCGLIB$$17bb51ca.CGLIB$select_date_in_item_date$15(<generated>)
	at my.lib.serenity.primefaces.sars.steps.SearchHistoryByDateSteps$$EnhancerByCGLIB$$17bb51ca$$FastClassByCGLIB$$8d5dbb63.invoke(<generated>)
	at net.sf.cglib.proxy.MethodProxy.invokeSuper(MethodProxy.java:228)
	at net.thucydides.core.steps.BaseMethodRunner.invokeMethod(BaseMethodRunner.java:10)
	at net.thucydides.core.steps.NormalMethodRunner.invokeMethodAndNotifyFailures(NormalMethodRunner.java:20)
	at net.thucydides.core.steps.StepInterceptor.runNormalMethod(StepInterceptor.java:269)
	at net.thucydides.core.steps.StepInterceptor.testStepResult(StepInterceptor.java:127)
	at net.thucydides.core.steps.StepInterceptor.intercept(StepInterceptor.java:61)
	at my.lib.serenity.primefaces.sars.steps.SearchHistoryByDateSteps$$EnhancerByCGLIB$$17bb51ca.select_date_in_item_date(<generated>)
	at my.lib.serenity.primefaces.sars.definition.SearchDailyReportByDateFeatureScenarioSteps.when_in_search_by_date_screen_i_select_date_in_item_date(SearchDailyReportByDateFeatureScenarioSteps.java:66)
	at sun.reflect.NativeMethodAccessorImpl.invoke0(Native Method)
	at sun.reflect.NativeMethodAccessorImpl.invoke(NativeMethodAccessorImpl.java:62)
	at sun.reflect.DelegatingMethodAccessorImpl.invoke(DelegatingMethodAccessorImpl.java:43)
	at java.lang.reflect.Method.invoke(Method.java:497)
	at cucumber.runtime.Utils$1.call(Utils.java:37)
	at cucumber.runtime.Timeout.timeout(Timeout.java:13)
	at cucumber.runtime.Utils.invoke(Utils.java:31)
	at cucumber.runtime.java.JavaStepDefinition.execute(JavaStepDefinition.java:38)
	at cucumber.runtime.StepDefinitionMatch.runStep(StepDefinitionMatch.java:37)
	at cucumber.runtime.Runtime.runStep(Runtime.java:299)
	at cucumber.runtime.model.StepContainer.runStep(StepContainer.java:44)
	at cucumber.runtime.model.StepContainer.runSteps(StepContainer.java:39)
	at cucumber.runtime.model.CucumberScenario.run(CucumberScenario.java:44)
	at cucumber.runtime.junit.ExecutionUnitRunner.run(ExecutionUnitRunner.java:91)
	at org.junit.runners.Suite.runChild(Suite.java:128)
	at org.junit.runners.Suite.runChild(Suite.java:27)
	at org.junit.runners.ParentRunner$3.run(ParentRunner.java:290)
	at org.junit.runners.ParentRunner$1.schedule(ParentRunner.java:71)
	at org.junit.runners.ParentRunner.runChildren(ParentRunner.java:288)
	at org.junit.runners.ParentRunner.access$000(ParentRunner.java:58)
	at org.junit.runners.ParentRunner$2.evaluate(ParentRunner.java:268)
	at org.junit.runners.ParentRunner.run(ParentRunner.java:363)
	at cucumber.runtime.junit.ExamplesRunner.run(ExamplesRunner.java:59)
	at org.junit.runners.Suite.runChild(Suite.java:128)
	at org.junit.runners.Suite.runChild(Suite.java:27)
	at org.junit.runners.ParentRunner$3.run(ParentRunner.java:290)
	at org.junit.runners.ParentRunner$1.schedule(ParentRunner.java:71)
	at org.junit.runners.ParentRunner.runChildren(ParentRunner.java:288)
	at org.junit.runners.ParentRunner.access$000(ParentRunner.java:58)
	at org.junit.runners.ParentRunner$2.evaluate(ParentRunner.java:268)
	at org.junit.runners.ParentRunner.run(ParentRunner.java:363)
	at cucumber.runtime.junit.ScenarioOutlineRunner.run(ScenarioOutlineRunner.java:53)
	at cucumber.runtime.junit.FeatureRunner.runChild(FeatureRunner.java:63)
	at cucumber.runtime.junit.FeatureRunner.runChild(FeatureRunner.java:18)
	at org.junit.runners.ParentRunner$3.run(ParentRunner.java:290)
	at org.junit.runners.ParentRunner$1.schedule(ParentRunner.java:71)
	at org.junit.runners.ParentRunner.runChildren(ParentRunner.java:288)
	at org.junit.runners.ParentRunner.access$000(ParentRunner.java:58)
	at org.junit.runners.ParentRunner$2.evaluate(ParentRunner.java:268)
	at org.junit.runners.ParentRunner.run(ParentRunner.java:363)
	at cucumber.runtime.junit.FeatureRunner.run(FeatureRunner.java:70)
	at cucumber.api.junit.Cucumber.runChild(Cucumber.java:93)
	at cucumber.api.junit.Cucumber.runChild(Cucumber.java:37)
	at org.junit.runners.ParentRunner$3.run(ParentRunner.java:290)
	at org.junit.runners.ParentRunner$1.schedule(ParentRunner.java:71)
	at org.junit.runners.ParentRunner.runChildren(ParentRunner.java:288)
	at org.junit.runners.ParentRunner.access$000(ParentRunner.java:58)
	at org.junit.runners.ParentRunner$2.evaluate(ParentRunner.java:268)
	at org.junit.runners.ParentRunner.run(ParentRunner.java:363)
	at cucumber.api.junit.Cucumber.run(Cucumber.java:98)
	at org.apache.maven.surefire.junit4.JUnit4Provider.execute(JUnit4Provider.java:283)
	at org.apache.maven.surefire.junit4.JUnit4Provider.executeWithRerun(JUnit4Provider.java:173)
	at org.apache.maven.surefire.junit4.JUnit4Provider.executeTestSet(JUnit4Provider.java:153)
	at org.apache.maven.surefire.junit4.JUnit4Provider.invoke(JUnit4Provider.java:128)
	at org.apache.maven.surefire.booter.ForkedBooter.invokeProviderInSameClassLoader(ForkedBooter.java:203)
	at org.apache.maven.surefire.booter.ForkedBooter.runSuitesInProcess(ForkedBooter.java:155)
	at org.apache.maven.surefire.booter.ForkedBooter.main(ForkedBooter.java:103)
]]></error>
  </testcase>
  <testcase name="| Search By Date | Daily Report | Search | 福岡県 | 40000005 | 2012/11/28 | 2 |" classname="| Search By Date | Daily Report | Search | 福岡県 | 40000005 | 2012/11/28 | 2 |" time="0.002">
    <error message="unknown error: Element is not clickable at point (511, 138). Other element would receive the click: &lt;div class=&quot;blockUI blockOverlay ui-widget-overlay&quot; style=&quot;z-index: 1000; cursor: default; position: absolute; opacity: 0.00311658;&quot;&gt;&lt;/div&gt;&#10;  (Session info: chrome=53.0.2785.116)&#10;  (Driver info: chromedriver=2.24.417424 (c5c5ea873213ee72e3d0929b47482681555340c3),platform=Linux 3.19.0-42-generic x86_64) (WARNING: The server did not provide any stacktrace information)&#10;Command duration or timeout: 36 milliseconds&#10;Build info: version: &apos;2.53.1&apos;, revision: &apos;a36b8b1cd5757287168e54b817830adce9b0158d&apos;, time: &apos;2016-06-30 19:26:09&apos;&#10;System info: host: &apos;NgocPT&apos;, ip: &apos;172.17.0.1&apos;, os.name: &apos;Linux&apos;, os.arch: &apos;amd64&apos;, os.version: &apos;3.19.0-42-generic&apos;, java.version: &apos;1.8.0_66&apos;&#10;Driver info: org.openqa.selenium.chrome.ChromeDriver&#10;Capabilities [{applicationCacheEnabled=false, rotatable=false, mobileEmulationEnabled=false, networkConnectionEnabled=false, chrome={chromedriverVersion=2.24.417424 (c5c5ea873213ee72e3d0929b47482681555340c3), userDataDir=/tmp/.org.chromium.Chromium.g0mNyt}, takesHeapSnapshot=true, pageLoadStrategy=normal, databaseEnabled=false, handlesAlerts=true, hasTouchScreen=false, version=53.0.2785.116, platform=LINUX, browserConnectionEnabled=false, nativeEvents=true, acceptSslCerts=true, locationContextEnabled=true, webStorageEnabled=true, browserName=chrome, takesScreenshot=true, javascriptEnabled=true, cssSelectorsEnabled=true}]&#10;Session ID: b0757e2a3e35e2909d57069c8784c35b" type="net.serenitybdd.core.exceptions.SerenityManagedException"><![CDATA[net.serenitybdd.core.exceptions.SerenityManagedException: unknown error: Element is not clickable at point (511, 138). Other element would receive the click: <div class="blockUI blockOverlay ui-widget-overlay" style="z-index: 1000; cursor: default; position: absolute; opacity: 0.00311658;"></div>
  (Session info: chrome=53.0.2785.116)
  (Driver info: chromedriver=2.24.417424 (c5c5ea873213ee72e3d0929b47482681555340c3),platform=Linux 3.19.0-42-generic x86_64) (WARNING: The server did not provide any stacktrace information)
Command duration or timeout: 36 milliseconds
Build info: version: '2.53.1', revision: 'a36b8b1cd5757287168e54b817830adce9b0158d', time: '2016-06-30 19:26:09'
System info: host: 'NgocPT', ip: '172.17.0.1', os.name: 'Linux', os.arch: 'amd64', os.version: '3.19.0-42-generic', java.version: '1.8.0_66'
Driver info: org.openqa.selenium.chrome.ChromeDriver
Capabilities [{applicationCacheEnabled=false, rotatable=false, mobileEmulationEnabled=false, networkConnectionEnabled=false, chrome={chromedriverVersion=2.24.417424 (c5c5ea873213ee72e3d0929b47482681555340c3), userDataDir=/tmp/.org.chromium.Chromium.g0mNyt}, takesHeapSnapshot=true, pageLoadStrategy=normal, databaseEnabled=false, handlesAlerts=true, hasTouchScreen=false, version=53.0.2785.116, platform=LINUX, browserConnectionEnabled=false, nativeEvents=true, acceptSslCerts=true, locationContextEnabled=true, webStorageEnabled=true, browserName=chrome, takesScreenshot=true, javascriptEnabled=true, cssSelectorsEnabled=true}]
Session ID: b0757e2a3e35e2909d57069c8784c35b
	at sun.reflect.NativeConstructorAccessorImpl.newInstance0(Native Method)
	at sun.reflect.NativeConstructorAccessorImpl.newInstance(NativeConstructorAccessorImpl.java:62)
	at sun.reflect.DelegatingConstructorAccessorImpl.newInstance(DelegatingConstructorAccessorImpl.java:45)
	at java.lang.reflect.Constructor.newInstance(Constructor.java:422)
	at org.openqa.selenium.remote.ErrorHandler.createThrowable(ErrorHandler.java:206)
	at org.openqa.selenium.remote.ErrorHandler.throwIfResponseFailed(ErrorHandler.java:158)
	at org.openqa.selenium.remote.RemoteWebDriver.execute(RemoteWebDriver.java:678)
	at org.openqa.selenium.remote.RemoteWebElement.execute(RemoteWebElement.java:327)
	at org.openqa.selenium.remote.RemoteWebElement.click(RemoteWebElement.java:85)
	at net.serenitybdd.core.pages.WebElementFacadeImpl.click(WebElementFacadeImpl.java:988)
	at my.lib.serenity.primefaces.component.CalendarComponent.openDateTimeSelect(CalendarComponent.java:144)
	at my.lib.serenity.primefaces.component.CalendarComponent.select_date(CalendarComponent.java:152)
	at my.lib.serenity.primefaces.sars.page.SearchHistoryByDatePage.select_date_in_item_date(SearchHistoryByDatePage.java:164)
	at my.lib.serenity.primefaces.sars.steps.SearchHistoryByDateSteps.select_date_in_item_date(SearchHistoryByDateSteps.java:46)
	at my.lib.serenity.primefaces.sars.steps.SearchHistoryByDateSteps$$EnhancerByCGLIB$$17bb51ca.CGLIB$select_date_in_item_date$15(<generated>)
	at my.lib.serenity.primefaces.sars.steps.SearchHistoryByDateSteps$$EnhancerByCGLIB$$17bb51ca$$FastClassByCGLIB$$8d5dbb63.invoke(<generated>)
	at net.sf.cglib.proxy.MethodProxy.invokeSuper(MethodProxy.java:228)
	at net.thucydides.core.steps.BaseMethodRunner.invokeMethod(BaseMethodRunner.java:10)
	at net.thucydides.core.steps.NormalMethodRunner.invokeMethodAndNotifyFailures(NormalMethodRunner.java:20)
	at net.thucydides.core.steps.StepInterceptor.runNormalMethod(StepInterceptor.java:269)
	at net.thucydides.core.steps.StepInterceptor.testStepResult(StepInterceptor.java:127)
	at net.thucydides.core.steps.StepInterceptor.intercept(StepInterceptor.java:61)
	at my.lib.serenity.primefaces.sars.steps.SearchHistoryByDateSteps$$EnhancerByCGLIB$$17bb51ca.select_date_in_item_date(<generated>)
	at my.lib.serenity.primefaces.sars.definition.SearchDailyReportByDateFeatureScenarioSteps.when_in_search_by_date_screen_i_select_date_in_item_date(SearchDailyReportByDateFeatureScenarioSteps.java:66)
	at sun.reflect.NativeMethodAccessorImpl.invoke0(Native Method)
	at sun.reflect.NativeMethodAccessorImpl.invoke(NativeMethodAccessorImpl.java:62)
	at sun.reflect.DelegatingMethodAccessorImpl.invoke(DelegatingMethodAccessorImpl.java:43)
	at java.lang.reflect.Method.invoke(Method.java:497)
	at cucumber.runtime.Utils$1.call(Utils.java:37)
	at cucumber.runtime.Timeout.timeout(Timeout.java:13)
	at cucumber.runtime.Utils.invoke(Utils.java:31)
	at cucumber.runtime.java.JavaStepDefinition.execute(JavaStepDefinition.java:38)
	at cucumber.runtime.StepDefinitionMatch.runStep(StepDefinitionMatch.java:37)
	at cucumber.runtime.Runtime.runStep(Runtime.java:299)
	at cucumber.runtime.model.StepContainer.runStep(StepContainer.java:44)
	at cucumber.runtime.model.StepContainer.runSteps(StepContainer.java:39)
	at cucumber.runtime.model.CucumberScenario.run(CucumberScenario.java:44)
	at cucumber.runtime.junit.ExecutionUnitRunner.run(ExecutionUnitRunner.java:91)
	at org.junit.runners.Suite.runChild(Suite.java:128)
	at org.junit.runners.Suite.runChild(Suite.java:27)
	at org.junit.runners.ParentRunner$3.run(ParentRunner.java:290)
	at org.junit.runners.ParentRunner$1.schedule(ParentRunner.java:71)
	at org.junit.runners.ParentRunner.runChildren(ParentRunner.java:288)
	at org.junit.runners.ParentRunner.access$000(ParentRunner.java:58)
	at org.junit.runners.ParentRunner$2.evaluate(ParentRunner.java:268)
	at org.junit.runners.ParentRunner.run(ParentRunner.java:363)
	at cucumber.runtime.junit.ExamplesRunner.run(ExamplesRunner.java:59)
	at org.junit.runners.Suite.runChild(Suite.java:128)
	at org.junit.runners.Suite.runChild(Suite.java:27)
	at org.junit.runners.ParentRunner$3.run(ParentRunner.java:290)
	at org.junit.runners.ParentRunner$1.schedule(ParentRunner.java:71)
	at org.junit.runners.ParentRunner.runChildren(ParentRunner.java:288)
	at org.junit.runners.ParentRunner.access$000(ParentRunner.java:58)
	at org.junit.runners.ParentRunner$2.evaluate(ParentRunner.java:268)
	at org.junit.runners.ParentRunner.run(ParentRunner.java:363)
	at cucumber.runtime.junit.ScenarioOutlineRunner.run(ScenarioOutlineRunner.java:53)
	at cucumber.runtime.junit.FeatureRunner.runChild(FeatureRunner.java:63)
	at cucumber.runtime.junit.FeatureRunner.runChild(FeatureRunner.java:18)
	at org.junit.runners.ParentRunner$3.run(ParentRunner.java:290)
	at org.junit.runners.ParentRunner$1.schedule(ParentRunner.java:71)
	at org.junit.runners.ParentRunner.runChildren(ParentRunner.java:288)
	at org.junit.runners.ParentRunner.access$000(ParentRunner.java:58)
	at org.junit.runners.ParentRunner$2.evaluate(ParentRunner.java:268)
	at org.junit.runners.ParentRunner.run(ParentRunner.java:363)
	at cucumber.runtime.junit.FeatureRunner.run(FeatureRunner.java:70)
	at cucumber.api.junit.Cucumber.runChild(Cucumber.java:93)
	at cucumber.api.junit.Cucumber.runChild(Cucumber.java:37)
	at org.junit.runners.ParentRunner$3.run(ParentRunner.java:290)
	at org.junit.runners.ParentRunner$1.schedule(ParentRunner.java:71)
	at org.junit.runners.ParentRunner.runChildren(ParentRunner.java:288)
	at org.junit.runners.ParentRunner.access$000(ParentRunner.java:58)
	at org.junit.runners.ParentRunner$2.evaluate(ParentRunner.java:268)
	at org.junit.runners.ParentRunner.run(ParentRunner.java:363)
	at cucumber.api.junit.Cucumber.run(Cucumber.java:98)
	at org.apache.maven.surefire.junit4.JUnit4Provider.execute(JUnit4Provider.java:283)
	at org.apache.maven.surefire.junit4.JUnit4Provider.executeWithRerun(JUnit4Provider.java:173)
	at org.apache.maven.surefire.junit4.JUnit4Provider.executeTestSet(JUnit4Provider.java:153)
	at org.apache.maven.surefire.junit4.JUnit4Provider.invoke(JUnit4Provider.java:128)
	at org.apache.maven.surefire.booter.ForkedBooter.invokeProviderInSameClassLoader(ForkedBooter.java:203)
	at org.apache.maven.surefire.booter.ForkedBooter.runSuitesInProcess(ForkedBooter.java:155)
	at org.apache.maven.surefire.booter.ForkedBooter.main(ForkedBooter.java:103)
]]></error>
  </testcase>
  <testcase name="And In Search by date screen, I choose a branch 福岡県 in dropdown Branch" classname="| Search By Date | Daily Report | Search | 福岡県 | 40000005 | 2012/11/28 | 2 |" time="0">
    <skipped/>
  </testcase>
  <testcase name="And In Search by date screen, I type value 40000005 for autocomplete Employee" classname="| Search By Date | Daily Report | Search | 福岡県 | 40000005 | 2012/11/28 | 2 |" time="0">
    <skipped/>
  </testcase>
  <testcase name="And In Search by date screen, I choose 40000005 employee in dropdown of autocomplete Employee" classname="| Search By Date | Daily Report | Search | 福岡県 | 40000005 | 2012/11/28 | 2 |" time="0">
    <skipped/>
  </testcase>
  <testcase name="And In Search by date screen, I click button &apos;Search&apos;" classname="| Search By Date | Daily Report | Search | 福岡県 | 40000005 | 2012/11/28 | 2 |" time="0">
    <skipped/>
  </testcase>
  <testcase name="And In Search by date screen, I click button last page on paging" classname="| Search By Date | Daily Report | Search | 福岡県 | 40000005 | 2012/11/28 | 2 |" time="0">
    <skipped/>
  </testcase>
  <testcase name="Then The table Search by date result should show last page" classname="| Search By Date | Daily Report | Search | 福岡県 | 40000005 | 2012/11/28 | 2 |" time="0">
    <skipped/>
  </testcase>
  <testcase name="When In Search by date screen, I click button first page on paging" classname="| Search By Date | Daily Report | Search | 福岡県 | 40000005 | 2012/11/28 | 2 |" time="0">
    <skipped/>
  </testcase>
  <testcase name="Then The table Search by date result should show first page" classname="| Search By Date | Daily Report | Search | 福岡県 | 40000005 | 2012/11/28 | 2 |" time="0">
    <skipped/>
  </testcase>
  <testcase name="When In Search by date screen, I click page 2 on paging" classname="| Search By Date | Daily Report | Search | 福岡県 | 40000005 | 2012/11/28 | 2 |" time="0">
    <skipped/>
  </testcase>
  <testcase name="Then The table Search by date result should change to selected page 2" classname="| Search By Date | Daily Report | Search | 福岡県 | 40000005 | 2012/11/28 | 2 |" time="0">
    <skipped/>
  </testcase>
  <testcase name="Then The table Search by date result should change to selected page 2" classname="| Search By Date | Daily Report | Search | 福岡県 | 40000005 | 2012/11/28 | 2 |" time="0">
    <skipped/>
  </testcase>
  <testcase name="When In Search by date screen, I click button back on paging" classname="| Search By Date | Daily Report | Search | 福岡県 | 40000005 | 2012/11/28 | 2 |" time="0">
    <skipped/>
  </testcase>
  <testcase name="Then The table Search by date result should change to selected page 2 - 1" classname="| Search By Date | Daily Report | Search | 福岡県 | 40000005 | 2012/11/28 | 2 |" time="0">
    <skipped/>
  </testcase>
  <testcase name="When In Search by date screen, I click button next on paging" classname="| Search By Date | Daily Report | Search | 福岡県 | 40000005 | 2012/11/28 | 2 |" time="0">
    <skipped/>
  </testcase>
  <testcase name="When I open submenu Search By Date of menu Daily Report" classname="| Search By Date | Daily Report | Search | 福岡県 | 40000005 | 2012/11/28 | Show all Business Detail |" time="0"/>
  <testcase name="And In Search by date screen, I select date 2012/11/28 in item Date" classname="| Search By Date | Daily Report | Search | 福岡県 | 40000005 | 2012/11/28 | Show all Business Detail |" time="0"/>
  <testcase name="And In Search by date screen, I choose a branch 福岡県 in dropdown Branch" classname="| Search By Date | Daily Report | Search | 福岡県 | 40000005 | 2012/11/28 | Show all Business Detail |" time="0"/>
  <testcase name="And In Search by date screen, I type value 40000005 for autocomplete Employee" classname="| Search By Date | Daily Report | Search | 福岡県 | 40000005 | 2012/11/28 | Show all Business Detail |" time="0"/>
  <testcase name="And In Search by date screen, I choose 40000005 employee in dropdown of autocomplete Employee" classname="| Search By Date | Daily Report | Search | 福岡県 | 40000005 | 2012/11/28 | Show all Business Detail |" time="0"/>
  <testcase name="And In Search by date screen, I click button &apos;Search&apos;" classname="| Search By Date | Daily Report | Search | 福岡県 | 40000005 | 2012/11/28 | Show all Business Detail |" time="0"/>
  <testcase name="When In Search by date screen, I click button &apos;Show all Business Detail&apos;" classname="| Search By Date | Daily Report | Search | 福岡県 | 40000005 | 2012/11/28 | Show all Business Detail |" time="0"/>
  <testcase name="Then The table Search by date result should expand all row" classname="| Search By Date | Daily Report | Search | 福岡県 | 40000005 | 2012/11/28 | Show all Business Detail |" time="0"/>
  <testcase name="| Search By Date | Daily Report | Search | 福岡県 | 40000005 | 2012/11/28 | Show all Business Detail |" classname="| Search By Date | Daily Report | Search | 福岡県 | 40000005 | 2012/11/28 | Show all Business Detail |" time="1.216"/>
  <testcase name="When I open submenu Register of menu Daily Report" classname="| Register | Daily Report | Other works |" time="0"/>
  <testcase name="And In Register daily report, I choose category &apos;Other works&apos;" classname="| Register | Daily Report | Other works |" time="0"/>
  <testcase name="And I add new Daily report with data below" classname="| Register | Daily Report | Other works |" time="0"/>
  <testcase name="Then The system should show message save daily report successfully" classname="| Register | Daily Report | Other works |" time="0"/>
  <testcase name="| Register | Daily Report | Other works |" classname="| Register | Daily Report | Other works |" time="1.235"/>
  <testcase name="When I open submenu Search By Date of menu Daily Report" classname="| Search By Date | Daily Report | Search | 東京都 | 9999999 | Edit | 0 | Daily Report |" time="0"/>
  <testcase name="And In Search by date screen, I choose a branch 東京都 in dropdown Branch" classname="| Search By Date | Daily Report | Search | 東京都 | 9999999 | Edit | 0 | Daily Report |" time="0.001">
    <error message="unknown error: Element is not clickable at point (577, 178). Other element would receive the click: &lt;div class=&quot;blockUI blockOverlay ui-widget-overlay&quot; style=&quot;z-index: 1000; cursor: default; position: absolute; opacity: 0.0101041;&quot;&gt;&lt;/div&gt;&#10;  (Session info: chrome=53.0.2785.116)&#10;  (Driver info: chromedriver=2.24.417424 (c5c5ea873213ee72e3d0929b47482681555340c3),platform=Linux 3.19.0-42-generic x86_64) (WARNING: The server did not provide any stacktrace information)&#10;Command duration or timeout: 38 milliseconds&#10;Build info: version: &apos;2.53.1&apos;, revision: &apos;a36b8b1cd5757287168e54b817830adce9b0158d&apos;, time: &apos;2016-06-30 19:26:09&apos;&#10;System info: host: &apos;NgocPT&apos;, ip: &apos;172.17.0.1&apos;, os.name: &apos;Linux&apos;, os.arch: &apos;amd64&apos;, os.version: &apos;3.19.0-42-generic&apos;, java.version: &apos;1.8.0_66&apos;&#10;Driver info: org.openqa.selenium.chrome.ChromeDriver&#10;Capabilities [{applicationCacheEnabled=false, rotatable=false, mobileEmulationEnabled=false, networkConnectionEnabled=false, chrome={chromedriverVersion=2.24.417424 (c5c5ea873213ee72e3d0929b47482681555340c3), userDataDir=/tmp/.org.chromium.Chromium.g0mNyt}, takesHeapSnapshot=true, pageLoadStrategy=normal, databaseEnabled=false, handlesAlerts=true, hasTouchScreen=false, version=53.0.2785.116, platform=LINUX, browserConnectionEnabled=false, nativeEvents=true, acceptSslCerts=true, locationContextEnabled=true, webStorageEnabled=true, browserName=chrome, takesScreenshot=true, javascriptEnabled=true, cssSelectorsEnabled=true}]&#10;Session ID: b0757e2a3e35e2909d57069c8784c35b" type="net.serenitybdd.core.exceptions.SerenityManagedException"><![CDATA[net.serenitybdd.core.exceptions.SerenityManagedException: unknown error: Element is not clickable at point (577, 178). Other element would receive the click: <div class="blockUI blockOverlay ui-widget-overlay" style="z-index: 1000; cursor: default; position: absolute; opacity: 0.0101041;"></div>
  (Session info: chrome=53.0.2785.116)
  (Driver info: chromedriver=2.24.417424 (c5c5ea873213ee72e3d0929b47482681555340c3),platform=Linux 3.19.0-42-generic x86_64) (WARNING: The server did not provide any stacktrace information)
Command duration or timeout: 38 milliseconds
Build info: version: '2.53.1', revision: 'a36b8b1cd5757287168e54b817830adce9b0158d', time: '2016-06-30 19:26:09'
System info: host: 'NgocPT', ip: '172.17.0.1', os.name: 'Linux', os.arch: 'amd64', os.version: '3.19.0-42-generic', java.version: '1.8.0_66'
Driver info: org.openqa.selenium.chrome.ChromeDriver
Capabilities [{applicationCacheEnabled=false, rotatable=false, mobileEmulationEnabled=false, networkConnectionEnabled=false, chrome={chromedriverVersion=2.24.417424 (c5c5ea873213ee72e3d0929b47482681555340c3), userDataDir=/tmp/.org.chromium.Chromium.g0mNyt}, takesHeapSnapshot=true, pageLoadStrategy=normal, databaseEnabled=false, handlesAlerts=true, hasTouchScreen=false, version=53.0.2785.116, platform=LINUX, browserConnectionEnabled=false, nativeEvents=true, acceptSslCerts=true, locationContextEnabled=true, webStorageEnabled=true, browserName=chrome, takesScreenshot=true, javascriptEnabled=true, cssSelectorsEnabled=true}]
Session ID: b0757e2a3e35e2909d57069c8784c35b
	at sun.reflect.NativeConstructorAccessorImpl.newInstance0(Native Method)
	at sun.reflect.NativeConstructorAccessorImpl.newInstance(NativeConstructorAccessorImpl.java:62)
	at sun.reflect.DelegatingConstructorAccessorImpl.newInstance(DelegatingConstructorAccessorImpl.java:45)
	at java.lang.reflect.Constructor.newInstance(Constructor.java:422)
	at org.openqa.selenium.remote.ErrorHandler.createThrowable(ErrorHandler.java:206)
	at org.openqa.selenium.remote.ErrorHandler.throwIfResponseFailed(ErrorHandler.java:158)
	at org.openqa.selenium.remote.RemoteWebDriver.execute(RemoteWebDriver.java:678)
	at org.openqa.selenium.remote.RemoteWebElement.execute(RemoteWebElement.java:327)
	at org.openqa.selenium.remote.RemoteWebElement.click(RemoteWebElement.java:85)
	at net.serenitybdd.core.pages.WebElementFacadeImpl.click(WebElementFacadeImpl.java:988)
	at my.lib.serenity.primefaces.component.SelectOneMenuComponent.open_menu_options(SelectOneMenuComponent.java:18)
	at my.lib.serenity.primefaces.component.SelectOneMenuComponent.select_option_by_text(SelectOneMenuComponent.java:23)
	at my.lib.serenity.primefaces.sars.page.SearchHistoryByDatePage.choose_a_branch_in_dropdown_branch(SearchHistoryByDatePage.java:147)
	at my.lib.serenity.primefaces.sars.steps.SearchHistoryByDateSteps.choose_a_branch_in_dropdown_branch(SearchHistoryByDateSteps.java:30)
	at my.lib.serenity.primefaces.sars.steps.SearchHistoryByDateSteps$$EnhancerByCGLIB$$17bb51ca.CGLIB$choose_a_branch_in_dropdown_branch$11(<generated>)
	at my.lib.serenity.primefaces.sars.steps.SearchHistoryByDateSteps$$EnhancerByCGLIB$$17bb51ca$$FastClassByCGLIB$$8d5dbb63.invoke(<generated>)
	at net.sf.cglib.proxy.MethodProxy.invokeSuper(MethodProxy.java:228)
	at net.thucydides.core.steps.BaseMethodRunner.invokeMethod(BaseMethodRunner.java:10)
	at net.thucydides.core.steps.NormalMethodRunner.invokeMethodAndNotifyFailures(NormalMethodRunner.java:20)
	at net.thucydides.core.steps.StepInterceptor.runNormalMethod(StepInterceptor.java:269)
	at net.thucydides.core.steps.StepInterceptor.testStepResult(StepInterceptor.java:127)
	at net.thucydides.core.steps.StepInterceptor.intercept(StepInterceptor.java:61)
	at my.lib.serenity.primefaces.sars.steps.SearchHistoryByDateSteps$$EnhancerByCGLIB$$17bb51ca.choose_a_branch_in_dropdown_branch(<generated>)
	at my.lib.serenity.primefaces.sars.definition.SearchDailyReportByDateFeatureScenarioSteps.when_in_search_by_date_screen_i_choose_a_branch_in_dropdown_branch(SearchDailyReportByDateFeatureScenarioSteps.java:46)
	at sun.reflect.NativeMethodAccessorImpl.invoke0(Native Method)
	at sun.reflect.NativeMethodAccessorImpl.invoke(NativeMethodAccessorImpl.java:62)
	at sun.reflect.DelegatingMethodAccessorImpl.invoke(DelegatingMethodAccessorImpl.java:43)
	at java.lang.reflect.Method.invoke(Method.java:497)
	at cucumber.runtime.Utils$1.call(Utils.java:37)
	at cucumber.runtime.Timeout.timeout(Timeout.java:13)
	at cucumber.runtime.Utils.invoke(Utils.java:31)
	at cucumber.runtime.java.JavaStepDefinition.execute(JavaStepDefinition.java:38)
	at cucumber.runtime.StepDefinitionMatch.runStep(StepDefinitionMatch.java:37)
	at cucumber.runtime.Runtime.runStep(Runtime.java:299)
	at cucumber.runtime.model.StepContainer.runStep(StepContainer.java:44)
	at cucumber.runtime.model.StepContainer.runSteps(StepContainer.java:39)
	at cucumber.runtime.model.CucumberScenario.run(CucumberScenario.java:44)
	at cucumber.runtime.junit.ExecutionUnitRunner.run(ExecutionUnitRunner.java:91)
	at org.junit.runners.Suite.runChild(Suite.java:128)
	at org.junit.runners.Suite.runChild(Suite.java:27)
	at org.junit.runners.ParentRunner$3.run(ParentRunner.java:290)
	at org.junit.runners.ParentRunner$1.schedule(ParentRunner.java:71)
	at org.junit.runners.ParentRunner.runChildren(ParentRunner.java:288)
	at org.junit.runners.ParentRunner.access$000(ParentRunner.java:58)
	at org.junit.runners.ParentRunner$2.evaluate(ParentRunner.java:268)
	at org.junit.runners.ParentRunner.run(ParentRunner.java:363)
	at cucumber.runtime.junit.ExamplesRunner.run(ExamplesRunner.java:59)
	at org.junit.runners.Suite.runChild(Suite.java:128)
	at org.junit.runners.Suite.runChild(Suite.java:27)
	at org.junit.runners.ParentRunner$3.run(ParentRunner.java:290)
	at org.junit.runners.ParentRunner$1.schedule(ParentRunner.java:71)
	at org.junit.runners.ParentRunner.runChildren(ParentRunner.java:288)
	at org.junit.runners.ParentRunner.access$000(ParentRunner.java:58)
	at org.junit.runners.ParentRunner$2.evaluate(ParentRunner.java:268)
	at org.junit.runners.ParentRunner.run(ParentRunner.java:363)
	at cucumber.runtime.junit.ScenarioOutlineRunner.run(ScenarioOutlineRunner.java:53)
	at cucumber.runtime.junit.FeatureRunner.runChild(FeatureRunner.java:63)
	at cucumber.runtime.junit.FeatureRunner.runChild(FeatureRunner.java:18)
	at org.junit.runners.ParentRunner$3.run(ParentRunner.java:290)
	at org.junit.runners.ParentRunner$1.schedule(ParentRunner.java:71)
	at org.junit.runners.ParentRunner.runChildren(ParentRunner.java:288)
	at org.junit.runners.ParentRunner.access$000(ParentRunner.java:58)
	at org.junit.runners.ParentRunner$2.evaluate(ParentRunner.java:268)
	at org.junit.runners.ParentRunner.run(ParentRunner.java:363)
	at cucumber.runtime.junit.FeatureRunner.run(FeatureRunner.java:70)
	at cucumber.api.junit.Cucumber.runChild(Cucumber.java:93)
	at cucumber.api.junit.Cucumber.runChild(Cucumber.java:37)
	at org.junit.runners.ParentRunner$3.run(ParentRunner.java:290)
	at org.junit.runners.ParentRunner$1.schedule(ParentRunner.java:71)
	at org.junit.runners.ParentRunner.runChildren(ParentRunner.java:288)
	at org.junit.runners.ParentRunner.access$000(ParentRunner.java:58)
	at org.junit.runners.ParentRunner$2.evaluate(ParentRunner.java:268)
	at org.junit.runners.ParentRunner.run(ParentRunner.java:363)
	at cucumber.api.junit.Cucumber.run(Cucumber.java:98)
	at org.apache.maven.surefire.junit4.JUnit4Provider.execute(JUnit4Provider.java:283)
	at org.apache.maven.surefire.junit4.JUnit4Provider.executeWithRerun(JUnit4Provider.java:173)
	at org.apache.maven.surefire.junit4.JUnit4Provider.executeTestSet(JUnit4Provider.java:153)
	at org.apache.maven.surefire.junit4.JUnit4Provider.invoke(JUnit4Provider.java:128)
	at org.apache.maven.surefire.booter.ForkedBooter.invokeProviderInSameClassLoader(ForkedBooter.java:203)
	at org.apache.maven.surefire.booter.ForkedBooter.runSuitesInProcess(ForkedBooter.java:155)
	at org.apache.maven.surefire.booter.ForkedBooter.main(ForkedBooter.java:103)
]]></error>
  </testcase>
  <testcase name="| Search By Date | Daily Report | Search | 東京都 | 9999999 | Edit | 0 | Daily Report |" classname="| Search By Date | Daily Report | Search | 東京都 | 9999999 | Edit | 0 | Daily Report |" time="0.001">
    <error message="unknown error: Element is not clickable at point (577, 178). Other element would receive the click: &lt;div class=&quot;blockUI blockOverlay ui-widget-overlay&quot; style=&quot;z-index: 1000; cursor: default; position: absolute; opacity: 0.0101041;&quot;&gt;&lt;/div&gt;&#10;  (Session info: chrome=53.0.2785.116)&#10;  (Driver info: chromedriver=2.24.417424 (c5c5ea873213ee72e3d0929b47482681555340c3),platform=Linux 3.19.0-42-generic x86_64) (WARNING: The server did not provide any stacktrace information)&#10;Command duration or timeout: 38 milliseconds&#10;Build info: version: &apos;2.53.1&apos;, revision: &apos;a36b8b1cd5757287168e54b817830adce9b0158d&apos;, time: &apos;2016-06-30 19:26:09&apos;&#10;System info: host: &apos;NgocPT&apos;, ip: &apos;172.17.0.1&apos;, os.name: &apos;Linux&apos;, os.arch: &apos;amd64&apos;, os.version: &apos;3.19.0-42-generic&apos;, java.version: &apos;1.8.0_66&apos;&#10;Driver info: org.openqa.selenium.chrome.ChromeDriver&#10;Capabilities [{applicationCacheEnabled=false, rotatable=false, mobileEmulationEnabled=false, networkConnectionEnabled=false, chrome={chromedriverVersion=2.24.417424 (c5c5ea873213ee72e3d0929b47482681555340c3), userDataDir=/tmp/.org.chromium.Chromium.g0mNyt}, takesHeapSnapshot=true, pageLoadStrategy=normal, databaseEnabled=false, handlesAlerts=true, hasTouchScreen=false, version=53.0.2785.116, platform=LINUX, browserConnectionEnabled=false, nativeEvents=true, acceptSslCerts=true, locationContextEnabled=true, webStorageEnabled=true, browserName=chrome, takesScreenshot=true, javascriptEnabled=true, cssSelectorsEnabled=true}]&#10;Session ID: b0757e2a3e35e2909d57069c8784c35b" type="net.serenitybdd.core.exceptions.SerenityManagedException"><![CDATA[net.serenitybdd.core.exceptions.SerenityManagedException: unknown error: Element is not clickable at point (577, 178). Other element would receive the click: <div class="blockUI blockOverlay ui-widget-overlay" style="z-index: 1000; cursor: default; position: absolute; opacity: 0.0101041;"></div>
  (Session info: chrome=53.0.2785.116)
  (Driver info: chromedriver=2.24.417424 (c5c5ea873213ee72e3d0929b47482681555340c3),platform=Linux 3.19.0-42-generic x86_64) (WARNING: The server did not provide any stacktrace information)
Command duration or timeout: 38 milliseconds
Build info: version: '2.53.1', revision: 'a36b8b1cd5757287168e54b817830adce9b0158d', time: '2016-06-30 19:26:09'
System info: host: 'NgocPT', ip: '172.17.0.1', os.name: 'Linux', os.arch: 'amd64', os.version: '3.19.0-42-generic', java.version: '1.8.0_66'
Driver info: org.openqa.selenium.chrome.ChromeDriver
Capabilities [{applicationCacheEnabled=false, rotatable=false, mobileEmulationEnabled=false, networkConnectionEnabled=false, chrome={chromedriverVersion=2.24.417424 (c5c5ea873213ee72e3d0929b47482681555340c3), userDataDir=/tmp/.org.chromium.Chromium.g0mNyt}, takesHeapSnapshot=true, pageLoadStrategy=normal, databaseEnabled=false, handlesAlerts=true, hasTouchScreen=false, version=53.0.2785.116, platform=LINUX, browserConnectionEnabled=false, nativeEvents=true, acceptSslCerts=true, locationContextEnabled=true, webStorageEnabled=true, browserName=chrome, takesScreenshot=true, javascriptEnabled=true, cssSelectorsEnabled=true}]
Session ID: b0757e2a3e35e2909d57069c8784c35b
	at sun.reflect.NativeConstructorAccessorImpl.newInstance0(Native Method)
	at sun.reflect.NativeConstructorAccessorImpl.newInstance(NativeConstructorAccessorImpl.java:62)
	at sun.reflect.DelegatingConstructorAccessorImpl.newInstance(DelegatingConstructorAccessorImpl.java:45)
	at java.lang.reflect.Constructor.newInstance(Constructor.java:422)
	at org.openqa.selenium.remote.ErrorHandler.createThrowable(ErrorHandler.java:206)
	at org.openqa.selenium.remote.ErrorHandler.throwIfResponseFailed(ErrorHandler.java:158)
	at org.openqa.selenium.remote.RemoteWebDriver.execute(RemoteWebDriver.java:678)
	at org.openqa.selenium.remote.RemoteWebElement.execute(RemoteWebElement.java:327)
	at org.openqa.selenium.remote.RemoteWebElement.click(RemoteWebElement.java:85)
	at net.serenitybdd.core.pages.WebElementFacadeImpl.click(WebElementFacadeImpl.java:988)
	at my.lib.serenity.primefaces.component.SelectOneMenuComponent.open_menu_options(SelectOneMenuComponent.java:18)
	at my.lib.serenity.primefaces.component.SelectOneMenuComponent.select_option_by_text(SelectOneMenuComponent.java:23)
	at my.lib.serenity.primefaces.sars.page.SearchHistoryByDatePage.choose_a_branch_in_dropdown_branch(SearchHistoryByDatePage.java:147)
	at my.lib.serenity.primefaces.sars.steps.SearchHistoryByDateSteps.choose_a_branch_in_dropdown_branch(SearchHistoryByDateSteps.java:30)
	at my.lib.serenity.primefaces.sars.steps.SearchHistoryByDateSteps$$EnhancerByCGLIB$$17bb51ca.CGLIB$choose_a_branch_in_dropdown_branch$11(<generated>)
	at my.lib.serenity.primefaces.sars.steps.SearchHistoryByDateSteps$$EnhancerByCGLIB$$17bb51ca$$FastClassByCGLIB$$8d5dbb63.invoke(<generated>)
	at net.sf.cglib.proxy.MethodProxy.invokeSuper(MethodProxy.java:228)
	at net.thucydides.core.steps.BaseMethodRunner.invokeMethod(BaseMethodRunner.java:10)
	at net.thucydides.core.steps.NormalMethodRunner.invokeMethodAndNotifyFailures(NormalMethodRunner.java:20)
	at net.thucydides.core.steps.StepInterceptor.runNormalMethod(StepInterceptor.java:269)
	at net.thucydides.core.steps.StepInterceptor.testStepResult(StepInterceptor.java:127)
	at net.thucydides.core.steps.StepInterceptor.intercept(StepInterceptor.java:61)
	at my.lib.serenity.primefaces.sars.steps.SearchHistoryByDateSteps$$EnhancerByCGLIB$$17bb51ca.choose_a_branch_in_dropdown_branch(<generated>)
	at my.lib.serenity.primefaces.sars.definition.SearchDailyReportByDateFeatureScenarioSteps.when_in_search_by_date_screen_i_choose_a_branch_in_dropdown_branch(SearchDailyReportByDateFeatureScenarioSteps.java:46)
	at sun.reflect.NativeMethodAccessorImpl.invoke0(Native Method)
	at sun.reflect.NativeMethodAccessorImpl.invoke(NativeMethodAccessorImpl.java:62)
	at sun.reflect.DelegatingMethodAccessorImpl.invoke(DelegatingMethodAccessorImpl.java:43)
	at java.lang.reflect.Method.invoke(Method.java:497)
	at cucumber.runtime.Utils$1.call(Utils.java:37)
	at cucumber.runtime.Timeout.timeout(Timeout.java:13)
	at cucumber.runtime.Utils.invoke(Utils.java:31)
	at cucumber.runtime.java.JavaStepDefinition.execute(JavaStepDefinition.java:38)
	at cucumber.runtime.StepDefinitionMatch.runStep(StepDefinitionMatch.java:37)
	at cucumber.runtime.Runtime.runStep(Runtime.java:299)
	at cucumber.runtime.model.StepContainer.runStep(StepContainer.java:44)
	at cucumber.runtime.model.StepContainer.runSteps(StepContainer.java:39)
	at cucumber.runtime.model.CucumberScenario.run(CucumberScenario.java:44)
	at cucumber.runtime.junit.ExecutionUnitRunner.run(ExecutionUnitRunner.java:91)
	at org.junit.runners.Suite.runChild(Suite.java:128)
	at org.junit.runners.Suite.runChild(Suite.java:27)
	at org.junit.runners.ParentRunner$3.run(ParentRunner.java:290)
	at org.junit.runners.ParentRunner$1.schedule(ParentRunner.java:71)
	at org.junit.runners.ParentRunner.runChildren(ParentRunner.java:288)
	at org.junit.runners.ParentRunner.access$000(ParentRunner.java:58)
	at org.junit.runners.ParentRunner$2.evaluate(ParentRunner.java:268)
	at org.junit.runners.ParentRunner.run(ParentRunner.java:363)
	at cucumber.runtime.junit.ExamplesRunner.run(ExamplesRunner.java:59)
	at org.junit.runners.Suite.runChild(Suite.java:128)
	at org.junit.runners.Suite.runChild(Suite.java:27)
	at org.junit.runners.ParentRunner$3.run(ParentRunner.java:290)
	at org.junit.runners.ParentRunner$1.schedule(ParentRunner.java:71)
	at org.junit.runners.ParentRunner.runChildren(ParentRunner.java:288)
	at org.junit.runners.ParentRunner.access$000(ParentRunner.java:58)
	at org.junit.runners.ParentRunner$2.evaluate(ParentRunner.java:268)
	at org.junit.runners.ParentRunner.run(ParentRunner.java:363)
	at cucumber.runtime.junit.ScenarioOutlineRunner.run(ScenarioOutlineRunner.java:53)
	at cucumber.runtime.junit.FeatureRunner.runChild(FeatureRunner.java:63)
	at cucumber.runtime.junit.FeatureRunner.runChild(FeatureRunner.java:18)
	at org.junit.runners.ParentRunner$3.run(ParentRunner.java:290)
	at org.junit.runners.ParentRunner$1.schedule(ParentRunner.java:71)
	at org.junit.runners.ParentRunner.runChildren(ParentRunner.java:288)
	at org.junit.runners.ParentRunner.access$000(ParentRunner.java:58)
	at org.junit.runners.ParentRunner$2.evaluate(ParentRunner.java:268)
	at org.junit.runners.ParentRunner.run(ParentRunner.java:363)
	at cucumber.runtime.junit.FeatureRunner.run(FeatureRunner.java:70)
	at cucumber.api.junit.Cucumber.runChild(Cucumber.java:93)
	at cucumber.api.junit.Cucumber.runChild(Cucumber.java:37)
	at org.junit.runners.ParentRunner$3.run(ParentRunner.java:290)
	at org.junit.runners.ParentRunner$1.schedule(ParentRunner.java:71)
	at org.junit.runners.ParentRunner.runChildren(ParentRunner.java:288)
	at org.junit.runners.ParentRunner.access$000(ParentRunner.java:58)
	at org.junit.runners.ParentRunner$2.evaluate(ParentRunner.java:268)
	at org.junit.runners.ParentRunner.run(ParentRunner.java:363)
	at cucumber.api.junit.Cucumber.run(Cucumber.java:98)
	at org.apache.maven.surefire.junit4.JUnit4Provider.execute(JUnit4Provider.java:283)
	at org.apache.maven.surefire.junit4.JUnit4Provider.executeWithRerun(JUnit4Provider.java:173)
	at org.apache.maven.surefire.junit4.JUnit4Provider.executeTestSet(JUnit4Provider.java:153)
	at org.apache.maven.surefire.junit4.JUnit4Provider.invoke(JUnit4Provider.java:128)
	at org.apache.maven.surefire.booter.ForkedBooter.invokeProviderInSameClassLoader(ForkedBooter.java:203)
	at org.apache.maven.surefire.booter.ForkedBooter.runSuitesInProcess(ForkedBooter.java:155)
	at org.apache.maven.surefire.booter.ForkedBooter.main(ForkedBooter.java:103)
]]></error>
  </testcase>
  <testcase name="And In Search by date screen, I type value 9999999 for autocomplete Employee" classname="| Search By Date | Daily Report | Search | 東京都 | 9999999 | Edit | 0 | Daily Report |" time="0">
    <skipped/>
  </testcase>
  <testcase name="And In Search by date screen, I choose 9999999 employee in dropdown of autocomplete Employee" classname="| Search By Date | Daily Report | Search | 東京都 | 9999999 | Edit | 0 | Daily Report |" time="0">
    <skipped/>
  </testcase>
  <testcase name="And In Search by date screen, I click button &apos;Search&apos;" classname="| Search By Date | Daily Report | Search | 東京都 | 9999999 | Edit | 0 | Daily Report |" time="0">
    <skipped/>
  </testcase>
  <testcase name="And In Search by date screen, I select row 0" classname="| Search By Date | Daily Report | Search | 東京都 | 9999999 | Edit | 0 | Daily Report |" time="0">
    <skipped/>
  </testcase>
  <testcase name="And In Search by date screen, I click button &apos;Edit&apos;" classname="| Search By Date | Daily Report | Search | 東京都 | 9999999 | Edit | 0 | Daily Report |" time="0">
    <skipped/>
  </testcase>
  <testcase name="Then The system should open &apos;Daily Report&apos; page" classname="| Search By Date | Daily Report | Search | 東京都 | 9999999 | Edit | 0 | Daily Report |" time="0">
    <skipped/>
  </testcase>
  <testcase name="When I open submenu Search By Date of menu Daily Report" classname="| Search By Date | Daily Report | Search | 東京都 | 9999999 | Delete | 0 | No | Yes |" time="0"/>
  <testcase name="And In Search by date screen, I choose a branch 東京都 in dropdown Branch" classname="| Search By Date | Daily Report | Search | 東京都 | 9999999 | Delete | 0 | No | Yes |" time="0"/>
  <testcase name="And In Search by date screen, I type value 9999999 for autocomplete Employee" classname="| Search By Date | Daily Report | Search | 東京都 | 9999999 | Delete | 0 | No | Yes |" time="0"/>
  <testcase name="And In Search by date screen, I choose 9999999 employee in dropdown of autocomplete Employee" classname="| Search By Date | Daily Report | Search | 東京都 | 9999999 | Delete | 0 | No | Yes |" time="0"/>
  <testcase name="And In Search by date screen, I click button &apos;Search&apos;" classname="| Search By Date | Daily Report | Search | 東京都 | 9999999 | Delete | 0 | No | Yes |" time="0"/>
  <testcase name="And In Search by date screen, I select row 0" classname="| Search By Date | Daily Report | Search | 東京都 | 9999999 | Delete | 0 | No | Yes |" time="0"/>
  <testcase name="And In Search by date screen, I click button &apos;Delete&apos;" classname="| Search By Date | Daily Report | Search | 東京都 | 9999999 | Delete | 0 | No | Yes |" time="0"/>
  <testcase name="Then The system should show confirm delete popup" classname="| Search By Date | Daily Report | Search | 東京都 | 9999999 | Delete | 0 | No | Yes |" time="0"/>
  <testcase name="When In Search by date screen, I click button &apos;No&apos; in confirm delete popup" classname="| Search By Date | Daily Report | Search | 東京都 | 9999999 | Delete | 0 | No | Yes |" time="0"/>
  <testcase name="Then The system should show table Search by date result has record found" classname="| Search By Date | Daily Report | Search | 東京都 | 9999999 | Delete | 0 | No | Yes |" time="0"/>
  <testcase name="When In Search by date screen, I click button &apos;Delete&apos;" classname="| Search By Date | Daily Report | Search | 東京都 | 9999999 | Delete | 0 | No | Yes |" time="0"/>
  <testcase name="And In Search by date screen, I click button &apos;Yes&apos; in confirm delete popup" classname="| Search By Date | Daily Report | Search | 東京都 | 9999999 | Delete | 0 | No | Yes |" time="0"/>
  <testcase name="Then The system should show message delete successfully" classname="| Search By Date | Daily Report | Search | 東京都 | 9999999 | Delete | 0 | No | Yes |" time="0"/>
  <testcase name="| Search By Date | Daily Report | Search | 東京都 | 9999999 | Delete | 0 | No | Yes |" classname="| Search By Date | Daily Report | Search | 東京都 | 9999999 | Delete | 0 | No | Yes |" time="1.268"/>
  <testcase name="When I open Login page" classname="| 12000001 | 123456 | en | Search By Date | Daily Report | Search | 北海道 | 濱谷賢児 | 2010/09/14 |" time="0"/>
  <testcase name="And I input my credentials username 12000001 and password 123456" classname="| 12000001 | 123456 | en | Search By Date | Daily Report | Search | 北海道 | 濱谷賢児 | 2010/09/14 |" time="0"/>
  <testcase name="And I change language to en" classname="| 12000001 | 123456 | en | Search By Date | Daily Report | Search | 北海道 | 濱谷賢児 | 2010/09/14 |" time="0"/>
  <testcase name="And I open submenu Search By Date of menu Daily Report" classname="| 12000001 | 123456 | en | Search By Date | Daily Report | Search | 北海道 | 濱谷賢児 | 2010/09/14 |" time="0"/>
  <testcase name="And In Search by date screen, I select date 2010/09/14 in item Date" classname="| 12000001 | 123456 | en | Search By Date | Daily Report | Search | 北海道 | 濱谷賢児 | 2010/09/14 |" time="0"/>
  <testcase name="And In Search by date screen, I choose a branch 北海道 in dropdown Branch" classname="| 12000001 | 123456 | en | Search By Date | Daily Report | Search | 北海道 | 濱谷賢児 | 2010/09/14 |" time="0"/>
  <testcase name="And In Search by date screen, I type value 濱谷賢児 for autocomplete Employee" classname="| 12000001 | 123456 | en | Search By Date | Daily Report | Search | 北海道 | 濱谷賢児 | 2010/09/14 |" time="0"/>
  <testcase name="And In Search by date screen, I choose 濱谷賢児 employee in dropdown of autocomplete Employee" classname="| 12000001 | 123456 | en | Search By Date | Daily Report | Search | 北海道 | 濱谷賢児 | 2010/09/14 |" time="0"/>
  <testcase name="And In Search by date screen, I click button &apos;Search&apos;" classname="| 12000001 | 123456 | en | Search By Date | Daily Report | Search | 北海道 | 濱谷賢児 | 2010/09/14 |" time="0"/>
  <testcase name="Then The system should show table Search by date result can not select any row" classname="| 12000001 | 123456 | en | Search By Date | Daily Report | Search | 北海道 | 濱谷賢児 | 2010/09/14 |" time="0"/>
  <testcase name="| 12000001 | 123456 | en | Search By Date | Daily Report | Search | 北海道 | 濱谷賢児 | 2010/09/14 |" classname="| 12000001 | 123456 | en | Search By Date | Daily Report | Search | 北海道 | 濱谷賢児 | 2010/09/14 |" time="0.356"/>
</testsuite>