<?xml version="1.0" encoding="UTF-8"?><testsuite errors="1" failures="1" name="Credit management test 1-3" skipped="0" tests="6" time="302.83" timestamp="2016-11-308 08:56:30"><testcase name="search customer by other conditions, not mapping sansan with credit data"/><testcase name="search customer by other conditions, mapping sansan with credit data and Credit Investigation"/><testcase name="search customer by other conditions, mapping sansan with credit data but not have Credit Investigation"/><testcase name="verify screen View-&gt;Duplicate is same"/><testcase name="select record -&gt; duplicate start screen"><error message="Timed out after 10000 milliseconds: my.lib.serenity.primefaces.component.WebComponent$1@271f9a43&#10;Build info: version: '2.53.1', revision: 'a36b8b1cd5757287168e54b817830adce9b0158d', time: '2016-06-30 19:26:09'&#10;System info: host: 'NgocPT', ip: '172.17.0.1', os.name: 'Linux', os.arch: 'amd64', os.version: '3.19.0-42-generic', java.version: '1.8.0_66'&#10;Driver info: driver.version: unknown&#10;Build info: version: '2.53.1', revision: 'a36b8b1cd5757287168e54b817830adce9b0158d', time: '2016-06-30 19:26:09'&#10;System info: host: 'NgocPT', ip: '172.17.0.1', os.name: 'Linux', os.arch: 'amd64', os.version: '3.19.0-42-generic', java.version: '1.8.0_66'&#10;Driver info: driver.version: unknown" type="org.openqa.selenium.TimeoutException">Timed out after 10000 milliseconds: my.lib.serenity.primefaces.component.WebComponent$1@271f9a43
Build info: version: '2.53.1', revision: 'a36b8b1cd5757287168e54b817830adce9b0158d', time: '2016-06-30 19:26:09'
System info: host: 'NgocPT', ip: '172.17.0.1', os.name: 'Linux', os.arch: 'amd64', os.version: '3.19.0-42-generic', java.version: '1.8.0_66'
Driver info: driver.version: unknown
Build info: version: '2.53.1', revision: 'a36b8b1cd5757287168e54b817830adce9b0158d', time: '2016-06-30 19:26:09'
System info: host: 'NgocPT', ip: '172.17.0.1', os.name: 'Linux', os.arch: 'amd64', os.version: '3.19.0-42-generic', java.version: '1.8.0_66'
Driver info: driver.version: unknown</error><system-err>Timed out after 10000 milliseconds: my.lib.serenity.primefaces.component.WebComponent$1@271f9a43
Build info: version: '2.53.1', revision: 'a36b8b1cd5757287168e54b817830adce9b0158d', time: '2016-06-30 19:26:09'
System info: host: 'NgocPT', ip: '172.17.0.1', os.name: 'Linux', os.arch: 'amd64', os.version: '3.19.0-42-generic', java.version: '1.8.0_66'
Driver info: driver.version: unknown
Build info: version: '2.53.1', revision: 'a36b8b1cd5757287168e54b817830adce9b0158d', time: '2016-06-30 19:26:09'
System info: host: 'NgocPT', ip: '172.17.0.1', os.name: 'Linux', os.arch: 'amd64', os.version: '3.19.0-42-generic', java.version: '1.8.0_66'
Driver info: driver.version: unknown
my.lib.serenity.primefaces.component.WebComponent.waitForJQueryAndPrimeFaces(WebComponent.java:51)
my.lib.serenity.primefaces.component.WebComponent.waitForAjaxDone(WebComponent.java:95)
my.lib.serenity.primefaces.component.ButtonComponent.click_and_wait(ButtonComponent.java:31)
my.lib.serenity.primefaces.sars.page.CreditManagementPage.clickBackButton(CreditManagementPage.java:361)
my.lib.serenity.primefaces.sars.page.CreditManagementPage.clickButton(CreditManagementPage.java:347)
my.lib.serenity.primefaces.sars.steps.CreditManagementCompanyAndCreditDataSteps.clickButton(CreditManagementCompanyAndCreditDataSteps.java:43)
my.lib.serenity.primefaces.sars.definition.CreditManagementCompanyAndCreditDataScenarioSteps.inCreditManagementPageIClickBack(CreditManagementCompanyAndCreditDataScenarioSteps.java:42)
</system-err></testcase><testcase name="select record -&gt; duplicate -&gt; back"><failure message="Expected enabled element was not enabled&#10;Build info: version: '2.53.1', revision: 'a36b8b1cd5757287168e54b817830adce9b0158d', time: '2016-06-30 19:26:09'&#10;System info: host: 'NgocPT', ip: '172.17.0.1', os.name: 'Linux', os.arch: 'amd64', os.version: '3.19.0-42-generic', java.version: '1.8.0_66'&#10;Driver info: driver.version: unknown" type="net.thucydides.core.webdriver.exceptions.ElementShouldBeEnabledException">Expected enabled element was not enabled
Build info: version: '2.53.1', revision: 'a36b8b1cd5757287168e54b817830adce9b0158d', time: '2016-06-30 19:26:09'
System info: host: 'NgocPT', ip: '172.17.0.1', os.name: 'Linux', os.arch: 'amd64', os.version: '3.19.0-42-generic', java.version: '1.8.0_66'
Driver info: driver.version: unknown</failure><system-err>Expected enabled element was not enabled
Build info: version: '2.53.1', revision: 'a36b8b1cd5757287168e54b817830adce9b0158d', time: '2016-06-30 19:26:09'
System info: host: 'NgocPT', ip: '172.17.0.1', os.name: 'Linux', os.arch: 'amd64', os.version: '3.19.0-42-generic', java.version: '1.8.0_66'
Driver info: driver.version: unknown
my.lib.serenity.primefaces.component.CommandLinkComponent.click_and_wait(CommandLinkComponent.java:16)
my.lib.serenity.primefaces.sars.page.TopPage.change_locale_and_wait(TopPage.java:38)
my.lib.serenity.primefaces.sars.steps.LoginSteps.change_locale(LoginSteps.java:45)
my.lib.serenity.primefaces.sars.definition.CommonScenarioSteps.beforeLoggedIn(CommonScenarioSteps.java:23)
</system-err></testcase></testsuite>