<acceptance-test-run title="Open Employee Management and verify when start" name="Open Employee Management and verify when start" description="" steps="10" successful="4" failures="0" errors="1" skipped="5" ignored="0" pending="0" annotated-result="ERROR" result="ERROR" duration="11985" timestamp="2016-11-04T11:03:44.947+07:00" session-id="b2c2fb765a1de69378003aeb5e2afedd">
  <user-story id="maintain-credit-data" name="Maintain credit data" path="maintain_credit_data/maintain_credit_data14.feature"/>
  <issues>
    <issue></issue>
    <issue></issue>
  </issues>
  <versions>
    <version>3.1.5</version>
    <version>Sprint-1.1</version>
  </versions>
  <tags>
    <tag name="Maintain credit data" type="capability"/>
    <tag name="Maintain credit data/Maintain credit data" type="feature"/>
    <tag name="" type="issue"/>
    <tag name="LoggedIn" type="tag"/>
    <tag name="3.1.5" type="version"/>
    <tag name="Sprint-1.1" type="version"/>
  </tags>
  <examples>
    <datasets>
      <dataset startRow="0" rowCount="0" name="" description=""/>
    </datasets>
    <headers>
      <header>maintainMenu</header>
      <header>pageTitle</header>
      <header>parentMenuText</header>
      <header>otherConditions</header>
      <header>associated</header>
    </headers>
    <rows>
      <row result="ERROR">
        <value>Maintain Credit Data</value>
        <value>Maintenance accounting data screen</value>
        <value>Accounting</value>
        <value>Other conditions</value>
        <value>Associated</value>
      </row>
    </rows>
  </examples>
  <test-group name="[1] {maintainMenu=Maintain Credit Data, pageTitle=Maintenance accounting data screen, parentMenuText=Accounting, otherConditions=Other conditions, associated=Associated}" result="ERROR">
    <screenshots>
      <screenshot image="4de85f3834e8d6155ca17a5503924df8.png"/>
    </screenshots>
    <test-step result="SUCCESS" duration="1798">
      <screenshots>
        <screenshot image="3a4dd6972008cbdd7849a32903aee7e2.png"/>
      </screenshots>
      <description>When I open submenu Maintain Credit Data of parent menu Accounting</description>
    </test-step>
    <test-step result="SUCCESS" duration="308">
      <screenshots>
        <screenshot image="f84ff3e2fc80acdd265f61803594af09.png"/>
      </screenshots>
      <description>Then The system should open &apos;Maintenance accounting data screen&apos; page</description>
    </test-step>
    <test-step result="SUCCESS" duration="219">
      <screenshots>
        <screenshot image="f84ff3e2fc80acdd265f61803594af09.png"/>
      </screenshots>
      <description>And In Maintain credit data screen, System show list button can not use
| Search |</description>
    </test-step>
    <test-step result="SUCCESS" duration="294">
      <screenshots>
        <screenshot image="6e6415d749ea7abca304d406019062fe.png"/>
      </screenshots>
      <description>And In Maintain credit data screen, System show field can input
| Customer code |</description>
    </test-step>
    <test-group name="And In Maintain credit data screen, I choose radio button have name is Other conditions" result="ERROR">
      <test-step result="ERROR" duration="172">
        <screenshots>
          <screenshot image="6e6415d749ea7abca304d406019062fe.png" source="pagesource5315697755612394325.html.txt"/>
        </screenshots>
        <description>Click radio by name: Other conditions</description>
        <error>org.openqa.selenium.NoSuchElementException: no such element: Unable to locate element: {&quot;method&quot;:&quot;xpath&quot;,&quot;selector&quot;:&quot;//div[@id=&apos;contentPanel_content&apos;]//td//label[text()=&apos;Other conditions&apos;]/preceding::td[1]&quot;}
  (Session info: chrome=53.0.2785.116)
  (Driver info: chromedriver=2.24.417424 (c5c5ea873213ee72e3d0929b47482681555340c3),platform=Linux 3.19.0-42-generic x86_64) (WARNING: The server did not provide any stacktrace information)
Command duration or timeout: 22 milliseconds
For documentation on this error, please visit: http://seleniumhq.org/exceptions/no_such_element.html
Build info: version: &apos;2.53.1&apos;, revision: &apos;a36b8b1cd5757287168e54b817830adce9b0158d&apos;, time: &apos;2016-06-30 19:26:09&apos;
System info: host: &apos;NgocPT&apos;, ip: &apos;172.17.0.1&apos;, os.name: &apos;Linux&apos;, os.arch: &apos;amd64&apos;, os.version: &apos;3.19.0-42-generic&apos;, java.version: &apos;1.8.0_66&apos;
Driver info: org.openqa.selenium.chrome.ChromeDriver
Capabilities [{applicationCacheEnabled=false, rotatable=false, mobileEmulationEnabled=false, networkConnectionEnabled=false, chrome={chromedriverVersion=2.24.417424 (c5c5ea873213ee72e3d0929b47482681555340c3), userDataDir=/tmp/.org.chromium.Chromium.b5DdAu}, takesHeapSnapshot=true, pageLoadStrategy=normal, databaseEnabled=false, handlesAlerts=true, hasTouchScreen=false, version=53.0.2785.116, platform=LINUX, browserConnectionEnabled=false, nativeEvents=true, acceptSslCerts=true, locationContextEnabled=true, webStorageEnabled=true, browserName=chrome, takesScreenshot=true, javascriptEnabled=true, cssSelectorsEnabled=true}]
Session ID: b2c2fb765a1de69378003aeb5e2afedd
*** Element info: {Using=xpath, value=//div[@id=&apos;contentPanel_content&apos;]//td//label[text()=&apos;Other conditions&apos;]/preceding::td[1]}</error>
        <exception>org.openqa.selenium.NoSuchElementException:no such element: Unable to locate element: {&quot;method&quot;:&quot;xpath&quot;,&quot;selector&quot;:&quot;//div[@id=&apos;contentPanel_content&apos;]//td//label[text()=&apos;Other conditions&apos;]/preceding::td[1]&quot;}
  (Session info: chrome=53.0.2785.116)
  (Driver info: chromedriver=2.24.417424 (c5c5ea873213ee72e3d0929b47482681555340c3),platform=Linux 3.19.0-42-generic x86_64) (WARNING: The server did not provide any stacktrace information)
Command duration or timeout: 22 milliseconds
For documentation on this error, please visit: http://seleniumhq.org/exceptions/no_such_element.html
Build info: version: &apos;2.53.1&apos;, revision: &apos;a36b8b1cd5757287168e54b817830adce9b0158d&apos;, time: &apos;2016-06-30 19:26:09&apos;
System info: host: &apos;NgocPT&apos;, ip: &apos;172.17.0.1&apos;, os.name: &apos;Linux&apos;, os.arch: &apos;amd64&apos;, os.version: &apos;3.19.0-42-generic&apos;, java.version: &apos;1.8.0_66&apos;
Driver info: org.openqa.selenium.chrome.ChromeDriver
Capabilities [{applicationCacheEnabled=false, rotatable=false, mobileEmulationEnabled=false, networkConnectionEnabled=false, chrome={chromedriverVersion=2.24.417424 (c5c5ea873213ee72e3d0929b47482681555340c3), userDataDir=/tmp/.org.chromium.Chromium.b5DdAu}, takesHeapSnapshot=true, pageLoadStrategy=normal, databaseEnabled=false, handlesAlerts=true, hasTouchScreen=false, version=53.0.2785.116, platform=LINUX, browserConnectionEnabled=false, nativeEvents=true, acceptSslCerts=true, locationContextEnabled=true, webStorageEnabled=true, browserName=chrome, takesScreenshot=true, javascriptEnabled=true, cssSelectorsEnabled=true}]
Session ID: b2c2fb765a1de69378003aeb5e2afedd
*** Element info: {Using=xpath, value=//div[@id=&apos;contentPanel_content&apos;]//td//label[text()=&apos;Other conditions&apos;]/preceding::td[1]}
[my.lib.serenity.primefaces.sars.page.MaintainCreditDataPage.clickRadioByName(MaintainCreditDataPage.java:20), my.lib.serenity.primefaces.sars.steps.MaintainCreditDataSteps.clickRadioByName(MaintainCreditDataSteps.java:21), my.lib.serenity.primefaces.sars.definition.MaintainCreditDataScenarioSteps.inMaintainCreditDataScreenIChooseRadioButtonHaveNameIsOtherConditions(MaintainCreditDataScenarioSteps.java:26)]</exception>
      </test-step>
    </test-group>
    <test-step result="SKIPPED" duration="3">
      <description>And In Maintain credit data screen, System show field can input
| Company name |</description>
    </test-step>
    <test-step result="SKIPPED" duration="2">
      <description>And In Maintain credit data screen, System show field can not input
| Company name |</description>
    </test-step>
    <test-step result="SKIPPED" duration="2">
      <description>And In Maintain credit data screen, I choose radio button have name is Associated</description>
    </test-step>
    <test-step result="SKIPPED" duration="2">
      <description>And In Maintain credit data screen, System show list button can not use
| Search |</description>
    </test-step>
    <test-step result="SKIPPED" duration="9">
      <description>And In Maintain credit data screen, System show field can input
| Company name |
| Sansan Company ID |</description>
    </test-step>
  </test-group>
</acceptance-test-run>