{"name":"create new daily report and logout from system","testSteps":[{"number":1,"description":"[1] {staffUsername\u003d22000001, staffPassword\u003d123456, lang\u003den, submenuText\u003dRegister, menuText\u003dDaily Report}","duration":3905,"startTime":1478178396845,"result":"SUCCESS","children":[{"number":2,"description":"When I open Login page","duration":1233,"startTime":1478178396846,"screenshots":[{"screenshot":"35bea53004f39eed20d942bf48fa3e71.png"}],"result":"SUCCESS"},{"number":3,"description":"And I input my credentials username 22000001 and password 123456","duration":2447,"startTime":1478178398079,"screenshots":[{"screenshot":"ffb11d3c1405b7574500fb731eda0ebc.png"},{"screenshot":"19c770b34e8d7634442223e3b54330fe.png"}],"result":"SUCCESS"},{"number":4,"description":"And I change language to en","duration":221,"startTime":1478178400526,"exception":{"errorType":"org.openqa.selenium.NoSuchElementException","message":"Timed out after 0 seconds. Element not found\nFor documentation on this error, please visit: http://seleniumhq.org/exceptions/no_such_element.html\nBuild info: version: \u00272.53.1\u0027, revision: \u0027a36b8b1cd5757287168e54b817830adce9b0158d\u0027, time: \u00272016-06-30 19:26:09\u0027\nSystem info: host: \u0027NgocPT\u0027, ip: \u0027172.17.0.1\u0027, os.name: \u0027Linux\u0027, os.arch: \u0027amd64\u0027, os.version: \u00273.19.0-42-generic\u0027, java.version: \u00271.8.0_66\u0027\nDriver info: driver.version: unknown\nFor documentation on this error, please visit: http://seleniumhq.org/exceptions/no_such_element.html\nBuild info: version: \u00272.53.1\u0027, revision: \u0027a36b8b1cd5757287168e54b817830adce9b0158d\u0027, time: \u00272016-06-30 19:26:09\u0027\nSystem info: host: \u0027NgocPT\u0027, ip: \u0027172.17.0.1\u0027, os.name: \u0027Linux\u0027, os.arch: \u0027amd64\u0027, os.version: \u00273.19.0-42-generic\u0027, java.version: \u00271.8.0_66\u0027\nDriver info: driver.version: unknown","stackTrace":[{"declaringClass":"my.lib.serenity.primefaces.sars.page.TopPage","methodName":"change_locale_and_wait","fileName":"TopPage.java","lineNumber":35},{"declaringClass":"my.lib.serenity.primefaces.sars.steps.LoginSteps","methodName":"change_locale","fileName":"LoginSteps.java","lineNumber":45},{"declaringClass":"my.lib.serenity.primefaces.sars.definition.LoginFeatureScenarioSteps","methodName":"when_I_change_language_to","fileName":"LoginFeatureScenarioSteps.java","lineNumber":39}],"COLLAPSE_NEW_LINE_HINTS":["AssertionError","Expected","Expecting","ComparisonFailure"]},"result":"ERROR","children":[{"number":5,"description":"Change locale: en","duration":175,"startTime":1478178400569,"screenshots":[{"screenshot":"15af4c249ad689bfee897a5c6d9828c2.png","htmlSource":"pagesource2425265291847387858.html.txt"}],"exception":{"errorType":"org.openqa.selenium.NoSuchElementException","message":"Timed out after 0 seconds. Element not found\nFor documentation on this error, please visit: http://seleniumhq.org/exceptions/no_such_element.html\nBuild info: version: \u00272.53.1\u0027, revision: \u0027a36b8b1cd5757287168e54b817830adce9b0158d\u0027, time: \u00272016-06-30 19:26:09\u0027\nSystem info: host: \u0027NgocPT\u0027, ip: \u0027172.17.0.1\u0027, os.name: \u0027Linux\u0027, os.arch: \u0027amd64\u0027, os.version: \u00273.19.0-42-generic\u0027, java.version: \u00271.8.0_66\u0027\nDriver info: driver.version: unknown","stackTrace":[{"declaringClass":"my.lib.serenity.primefaces.sars.page.TopPage","methodName":"change_locale_and_wait","fileName":"TopPage.java","lineNumber":35},{"declaringClass":"my.lib.serenity.primefaces.sars.steps.LoginSteps","methodName":"change_locale","fileName":"LoginSteps.java","lineNumber":45},{"declaringClass":"my.lib.serenity.primefaces.sars.definition.LoginFeatureScenarioSteps","methodName":"when_I_change_language_to","fileName":"LoginFeatureScenarioSteps.java","lineNumber":39}],"COLLAPSE_NEW_LINE_HINTS":["AssertionError","Expected","Expecting","ComparisonFailure"]},"result":"ERROR"}]},{"number":6,"description":"And I open submenu Register of menu Daily Report","duration":1,"startTime":1478178400747,"result":"SKIPPED"},{"number":7,"description":"And I add new Daily report with data below\n| companyName | content |\n| CIJ | First daily report |","duration":0,"startTime":1478178400748,"result":"SKIPPED"},{"number":8,"description":"Then The system should show message save daily report successfully","duration":0,"startTime":1478178400748,"result":"SKIPPED"},{"number":9,"description":"When I add new Daily report with data below\n| companyName | content |\n| CIJ | Second daily report |","duration":1,"startTime":1478178400748,"result":"SKIPPED"},{"number":10,"description":"Then The system should show message save daily report successfully","duration":0,"startTime":1478178400749,"result":"SKIPPED"},{"number":11,"description":"When I logout from system","duration":1,"startTime":1478178400749,"result":"SKIPPED"}]}],"userStory":{"id":"view-notification","storyName":"View Notification","path":"viewNotifications/viewNotifications.feature","narrative":"As a user\nI want to check my notification\nSo I can view detail, delete or change setting of notification","type":"feature"},"title":"create new daily report and logout from system","description":"","additionalIssues":["","","","","","",""],"tags":[{"name":"3.1.5","type":"version"},{"name":"","type":"issue"},{"name":"View Notification","type":"feature"},{"name":"View notifications/View notification","type":"feature"},{"name":"View notifications","type":"capability"},{"name":"Sprint-1.1","type":"version"}],"startTime":1478178396845,"duration":3906,"testFailureCause":{"errorType":"org.openqa.selenium.NoSuchElementException","message":"Timed out after 0 seconds. Element not found\nFor documentation on this error, please visit: http://seleniumhq.org/exceptions/no_such_element.html\nBuild info: version: \u00272.53.1\u0027, revision: \u0027a36b8b1cd5757287168e54b817830adce9b0158d\u0027, time: \u00272016-06-30 19:26:09\u0027\nSystem info: host: \u0027NgocPT\u0027, ip: \u0027172.17.0.1\u0027, os.name: \u0027Linux\u0027, os.arch: \u0027amd64\u0027, os.version: \u00273.19.0-42-generic\u0027, java.version: \u00271.8.0_66\u0027\nDriver info: driver.version: unknown","stackTrace":[{"declaringClass":"my.lib.serenity.primefaces.sars.page.TopPage","methodName":"change_locale_and_wait","fileName":"TopPage.java","lineNumber":35},{"declaringClass":"my.lib.serenity.primefaces.sars.steps.LoginSteps","methodName":"change_locale","fileName":"LoginSteps.java","lineNumber":45},{"declaringClass":"my.lib.serenity.primefaces.sars.definition.LoginFeatureScenarioSteps","methodName":"when_I_change_language_to","fileName":"LoginFeatureScenarioSteps.java","lineNumber":39}],"COLLAPSE_NEW_LINE_HINTS":["AssertionError","Expected","Expecting","ComparisonFailure"]},"testFailureClassname":"java.lang.AssertionError","testFailureMessage":"Timed out after 0 seconds. Element not found\nFor documentation on this error, please visit: http://seleniumhq.org/exceptions/no_such_element.html\nBuild info: version: \u00272.53.1\u0027, revision: \u0027a36b8b1cd5757287168e54b817830adce9b0158d\u0027, time: \u00272016-06-30 19:26:09\u0027\nSystem info: host: \u0027NgocPT\u0027, ip: \u0027172.17.0.1\u0027, os.name: \u0027Linux\u0027, os.arch: \u0027amd64\u0027, os.version: \u00273.19.0-42-generic\u0027, java.version: \u00271.8.0_66\u0027\nDriver info: driver.version: unknown\nTimed out after 0 seconds. Element not found\nFor documentation on this error, please visit: http://seleniumhq.org/exceptions/no_such_element.html\nBuild info: version: \u00272.53.1\u0027, revision: \u0027a36b8b1cd5757287168e54b817830adce9b0158d\u0027, time: \u00272016-06-30 19:26:09\u0027\nSystem info: host: \u0027NgocPT\u0027, ip: \u0027172.17.0.1\u0027, os.name: \u0027Linux\u0027, os.arch: \u0027amd64\u0027, os.version: \u00273.19.0-42-generic\u0027, java.version: \u00271.8.0_66\u0027\nDriver info: driver.version: unknown\nFor documentation on this error, please visit: http://seleniumhq.org/exceptions/no_such_element.html\nBuild info: version: \u00272.53.1\u0027, revision: \u0027a36b8b1cd5757287168e54b817830adce9b0158d\u0027, time: \u00272016-06-30 19:26:09\u0027\nSystem info: host: \u0027NgocPT\u0027, ip: \u0027172.17.0.1\u0027, os.name: \u0027Linux\u0027, os.arch: \u0027amd64\u0027, os.version: \u00273.19.0-42-generic\u0027, java.version: \u00271.8.0_66\u0027\nDriver info: driver.version: unknown","annotatedResult":"ERROR","sessionId":"5049f77184e1913fa059ff0fb451f225","driver":"chrome","dataTable":{"headers":["staffUsername","staffPassword","lang","submenuText","menuText"],"rows":[{"values":["22000001","123456","en","Register","Daily Report"],"result":"ERROR"}],"predefinedRows":true,"currentRow":{"value":0},"dataSetDescriptors":[{"startRow":0,"rowCount":0,"name":"","description":""}]},"manual":false,"result":"ERROR","issues":["","","","","","",""],"versions":["3.1.5","Sprint-1.1"]}