<acceptance-test-run title="Open Employee Management and verify paging last, first, next, previous" name="Open Employee Management and verify paging last, first, next, previous" description="" steps="10" successful="1" failures="1" errors="1" skipped="7" ignored="0" pending="0" annotated-result="ERROR" result="ERROR" duration="7680" timestamp="2016-11-03T20:36:51.838+07:00" session-id="7f901579dbc98742cb659af9cd730134">
  <user-story id="employee-management-display" name="Employee Management display" path="employee_management/employee_management.feature"/>
  <issues>
    <issue></issue>
    <issue></issue>
    <issue></issue>
    <issue></issue>
    <issue></issue>
    <issue></issue>
    <issue></issue>
    <issue></issue>
    <issue></issue>
    <issue></issue>
    <issue></issue>
    <issue></issue>
    <issue></issue>
    <issue></issue>
    <issue></issue>
    <issue></issue>
    <issue></issue>
    <issue></issue>
    <issue></issue>
    <issue></issue>
  </issues>
  <versions>
    <version>3.1.5</version>
    <version>Sprint-1.1</version>
  </versions>
  <tags>
    <tag name="Employee management" type="capability"/>
    <tag name="Employee Management display" type="feature"/>
    <tag name="Employee management/Employee management display" type="feature"/>
    <tag name="" type="issue"/>
    <tag name="LoggedIn" type="tag"/>
    <tag name="3.1.5" type="version"/>
    <tag name="Sprint-1.1" type="version"/>
  </tags>
  <examples>
    <datasets>
      <dataset startRow="0" rowCount="0" name="" description=""/>
    </datasets>
    <headers>
      <header>employeeMenu</header>
      <header>parentMenuText</header>
      <header>nextPage</header>
      <header>lastPage</header>
      <header>previousPage</header>
      <header>firstPage</header>
    </headers>
    <rows>
      <row result="ERROR">
        <value>Employee Management</value>
        <value>Common</value>
        <value>next</value>
        <value>last</value>
        <value>previous</value>
        <value>first</value>
      </row>
    </rows>
  </examples>
  <test-group name="[1] {employeeMenu=Employee Management, parentMenuText=Common, nextPage=next, lastPage=last, previousPage=previous, firstPage=first}" result="ERROR">
    <screenshots>
      <screenshot image="4de85f3834e8d6155ca17a5503924df8.png"/>
    </screenshots>
    <test-step result="SUCCESS" duration="422">
      <screenshots>
        <screenshot image="486a8d5123e4a737a6f430ed62a11db7.png"/>
      </screenshots>
      <description>When I open submenu Employee Management of parent menu Common</description>
    </test-step>
    <test-group name="And In Employee Management screen, I click button next page on paging" result="ERROR">
      <test-step result="ERROR" duration="136">
        <screenshots>
          <screenshot image="486a8d5123e4a737a6f430ed62a11db7.png" source="pagesource7843764395790296351.html.txt"/>
        </screenshots>
        <description>Click page with name on paging: next</description>
        <error>org.openqa.selenium.NoSuchElementException: no such element: Unable to locate element: {&quot;method&quot;:&quot;xpath&quot;,&quot;selector&quot;:&quot;//div[@id=&apos;emp_list_form:employeeTable_paginator_bottom&apos;]//span[contains(@class,&apos;ui-state-active&apos;)]&quot;}
  (Session info: chrome=53.0.2785.116)
  (Driver info: chromedriver=2.24.417424 (c5c5ea873213ee72e3d0929b47482681555340c3),platform=Linux 3.19.0-42-generic x86_64) (WARNING: The server did not provide any stacktrace information)
Command duration or timeout: 19 milliseconds
For documentation on this error, please visit: http://seleniumhq.org/exceptions/no_such_element.html
Build info: version: &apos;2.53.1&apos;, revision: &apos;a36b8b1cd5757287168e54b817830adce9b0158d&apos;, time: &apos;2016-06-30 19:26:09&apos;
System info: host: &apos;NgocPT&apos;, ip: &apos;172.17.0.1&apos;, os.name: &apos;Linux&apos;, os.arch: &apos;amd64&apos;, os.version: &apos;3.19.0-42-generic&apos;, java.version: &apos;1.8.0_66&apos;
Driver info: org.openqa.selenium.chrome.ChromeDriver
Capabilities [{applicationCacheEnabled=false, rotatable=false, mobileEmulationEnabled=false, networkConnectionEnabled=false, chrome={chromedriverVersion=2.24.417424 (c5c5ea873213ee72e3d0929b47482681555340c3), userDataDir=/tmp/.org.chromium.Chromium.43sFXP}, takesHeapSnapshot=true, pageLoadStrategy=normal, databaseEnabled=false, handlesAlerts=true, hasTouchScreen=false, version=53.0.2785.116, platform=LINUX, browserConnectionEnabled=false, nativeEvents=true, acceptSslCerts=true, locationContextEnabled=true, webStorageEnabled=true, browserName=chrome, takesScreenshot=true, javascriptEnabled=true, cssSelectorsEnabled=true}]
Session ID: 7f901579dbc98742cb659af9cd730134
*** Element info: {Using=xpath, value=//div[@id=&apos;emp_list_form:employeeTable_paginator_bottom&apos;]//span[contains(@class,&apos;ui-state-active&apos;)]}</error>
        <exception>org.openqa.selenium.NoSuchElementException:no such element: Unable to locate element: {&quot;method&quot;:&quot;xpath&quot;,&quot;selector&quot;:&quot;//div[@id=&apos;emp_list_form:employeeTable_paginator_bottom&apos;]//span[contains(@class,&apos;ui-state-active&apos;)]&quot;}
  (Session info: chrome=53.0.2785.116)
  (Driver info: chromedriver=2.24.417424 (c5c5ea873213ee72e3d0929b47482681555340c3),platform=Linux 3.19.0-42-generic x86_64) (WARNING: The server did not provide any stacktrace information)
Command duration or timeout: 19 milliseconds
For documentation on this error, please visit: http://seleniumhq.org/exceptions/no_such_element.html
Build info: version: &apos;2.53.1&apos;, revision: &apos;a36b8b1cd5757287168e54b817830adce9b0158d&apos;, time: &apos;2016-06-30 19:26:09&apos;
System info: host: &apos;NgocPT&apos;, ip: &apos;172.17.0.1&apos;, os.name: &apos;Linux&apos;, os.arch: &apos;amd64&apos;, os.version: &apos;3.19.0-42-generic&apos;, java.version: &apos;1.8.0_66&apos;
Driver info: org.openqa.selenium.chrome.ChromeDriver
Capabilities [{applicationCacheEnabled=false, rotatable=false, mobileEmulationEnabled=false, networkConnectionEnabled=false, chrome={chromedriverVersion=2.24.417424 (c5c5ea873213ee72e3d0929b47482681555340c3), userDataDir=/tmp/.org.chromium.Chromium.43sFXP}, takesHeapSnapshot=true, pageLoadStrategy=normal, databaseEnabled=false, handlesAlerts=true, hasTouchScreen=false, version=53.0.2785.116, platform=LINUX, browserConnectionEnabled=false, nativeEvents=true, acceptSslCerts=true, locationContextEnabled=true, webStorageEnabled=true, browserName=chrome, takesScreenshot=true, javascriptEnabled=true, cssSelectorsEnabled=true}]
Session ID: 7f901579dbc98742cb659af9cd730134
*** Element info: {Using=xpath, value=//div[@id=&apos;emp_list_form:employeeTable_paginator_bottom&apos;]//span[contains(@class,&apos;ui-state-active&apos;)]}
[my.lib.serenity.primefaces.sars.page.EmployeeManagementPage.getPageActive(EmployeeManagementPage.java:89), my.lib.serenity.primefaces.sars.page.EmployeeManagementPage.clickPageWithNameOnPaging(EmployeeManagementPage.java:320), my.lib.serenity.primefaces.sars.steps.EmployeeManagementSteps.clickPageWithNameOnPaging(EmployeeManagementSteps.java:276), my.lib.serenity.primefaces.sars.definition.EmployeeManagementScenarioSteps.inEmployeeManagementScreenIClickButtonNamePagePageOnPaging(EmployeeManagementScenarioSteps.java:160)]</exception>
      </test-step>
    </test-group>
    <test-step result="SKIPPED" duration="1">
      <description>Then In Employee Management screen, Table should show next page</description>
    </test-step>
    <test-step result="SKIPPED" duration="0">
      <description>When In Employee Management screen, I click button last page on paging</description>
    </test-step>
    <test-step result="SKIPPED" duration="0">
      <description>Then In Employee Management screen, Table should show last page</description>
    </test-step>
    <test-step result="SKIPPED" duration="1">
      <description>When In Employee Management screen, I click button previous page on paging</description>
    </test-step>
    <test-step result="SKIPPED" duration="1">
      <description>Then In Employee Management screen, Table should show previous page</description>
    </test-step>
    <test-step result="SKIPPED" duration="0">
      <description>When In Employee Management screen, I click button first page on paging</description>
    </test-step>
    <test-step result="SKIPPED" duration="1">
      <description>Then In Employee Management screen, Table should show first page</description>
    </test-step>
  </test-group>
  <test-step result="FAILURE" duration="142">
    <screenshots>
      <screenshot image="bc351c41f72d1148893b500259adc634.png" source="pagesource4018450286027478471.html.txt"/>
    </screenshots>
    <description>Logout</description>
    <error>net.thucydides.core.webdriver.exceptions.ElementShouldBeEnabledException: Expected enabled element was not enabled
Build info: version: &apos;2.53.1&apos;, revision: &apos;a36b8b1cd5757287168e54b817830adce9b0158d&apos;, time: &apos;2016-06-30 19:26:09&apos;
System info: host: &apos;NgocPT&apos;, ip: &apos;172.17.0.1&apos;, os.name: &apos;Linux&apos;, os.arch: &apos;amd64&apos;, os.version: &apos;3.19.0-42-generic&apos;, java.version: &apos;1.8.0_66&apos;
Driver info: driver.version: unknown</error>
    <exception>net.thucydides.core.webdriver.exceptions.ElementShouldBeEnabledException:Expected enabled element was not enabled
Build info: version: &apos;2.53.1&apos;, revision: &apos;a36b8b1cd5757287168e54b817830adce9b0158d&apos;, time: &apos;2016-06-30 19:26:09&apos;
System info: host: &apos;NgocPT&apos;, ip: &apos;172.17.0.1&apos;, os.name: &apos;Linux&apos;, os.arch: &apos;amd64&apos;, os.version: &apos;3.19.0-42-generic&apos;, java.version: &apos;1.8.0_66&apos;
Driver info: driver.version: unknown
[my.lib.serenity.primefaces.component.CommandLinkComponent.click_and_wait(CommandLinkComponent.java:16), my.lib.serenity.primefaces.sars.page.AbstractPage.logout(AbstractPage.java:31), my.lib.serenity.primefaces.sars.steps.MenuSteps.logout(MenuSteps.java:28), my.lib.serenity.primefaces.sars.definition.CommonScenarioSteps.afterLoggedIn(CommonScenarioSteps.java:28)]</exception>
  </test-step>
</acceptance-test-run>