<acceptance-test-run title="Paging" name="paging" description="" steps="16" successful="1" failures="0" errors="1" skipped="14" ignored="0" pending="0" annotated-result="ERROR" result="ERROR" duration="7375" timestamp="2016-11-03T19:56:55.727+07:00" session-id="b0757e2a3e35e2909d57069c8784c35b">
  <user-story id="search-daily-report-by-date" name="Search Daily report by date" path="searchDailyReportByDate/searchDailyReportByDate.feature"/>
  <issues>
    <issue></issue>
    <issue></issue>
    <issue></issue>
    <issue></issue>
    <issue></issue>
  </issues>
  <versions>
    <version>3.1.5</version>
    <version>Sprint-1.1</version>
  </versions>
  <tags>
    <tag name="Search daily report by date" type="capability"/>
    <tag name="Search Daily report by date" type="feature"/>
    <tag name="Search daily report by date/Search daily report by date" type="feature"/>
    <tag name="" type="issue"/>
    <tag name="LoggedIn" type="tag"/>
    <tag name="3.1.5" type="version"/>
    <tag name="Sprint-1.1" type="version"/>
  </tags>
  <examples>
    <datasets>
      <dataset startRow="0" rowCount="0" name="" description=""/>
    </datasets>
    <headers>
      <header>submenuText</header>
      <header>menuText</header>
      <header>buttonText</header>
      <header>branchName</header>
      <header>employeeInfo</header>
      <header>date</header>
      <header>pageNumberOne</header>
    </headers>
    <rows>
      <row result="ERROR">
        <value>Search By Date</value>
        <value>Daily Report</value>
        <value>Search</value>
        <value>福岡県</value>
        <value>40000005</value>
        <value>2012/11/28</value>
        <value>2</value>
      </row>
    </rows>
  </examples>
  <test-group name="[1] {submenuText=Search By Date, menuText=Daily Report, buttonText=Search, branchName=福岡県, employeeInfo=40000005, date=2012/11/28, pageNumberOne=2}" result="ERROR">
    <screenshots>
      <screenshot image="4de85f3834e8d6155ca17a5503924df8.png"/>
    </screenshots>
    <test-step result="SUCCESS" duration="942">
      <screenshots>
        <screenshot image="a5e2b957e646647514a517a902e2ae6d.png"/>
      </screenshots>
      <description>When I open submenu Search By Date of menu Daily Report</description>
    </test-step>
    <test-group name="And In Search by date screen, I select date 2012/11/28 in item Date" result="ERROR">
      <test-step result="ERROR" duration="138">
        <screenshots>
          <screenshot image="05fa384c9c63d103400368a0707af3c5.png" source="pagesource1269643983538900418.html.txt"/>
        </screenshots>
        <description>Select date in item date: 2012/11/28</description>
        <error>org.openqa.selenium.WebDriverException: unknown error: Element is not clickable at point (511, 138). Other element would receive the click: &lt;div class=&quot;blockUI blockOverlay ui-widget-overlay&quot; style=&quot;z-index: 1000; cursor: default; position: absolute; opacity: 0.00311658;&quot;&gt;&lt;/div&gt;
  (Session info: chrome=53.0.2785.116)
  (Driver info: chromedriver=2.24.417424 (c5c5ea873213ee72e3d0929b47482681555340c3),platform=Linux 3.19.0-42-generic x86_64) (WARNING: The server did not provide any stacktrace information)
Command duration or timeout: 36 milliseconds
Build info: version: &apos;2.53.1&apos;, revision: &apos;a36b8b1cd5757287168e54b817830adce9b0158d&apos;, time: &apos;2016-06-30 19:26:09&apos;
System info: host: &apos;NgocPT&apos;, ip: &apos;172.17.0.1&apos;, os.name: &apos;Linux&apos;, os.arch: &apos;amd64&apos;, os.version: &apos;3.19.0-42-generic&apos;, java.version: &apos;1.8.0_66&apos;
Driver info: org.openqa.selenium.chrome.ChromeDriver
Capabilities [{applicationCacheEnabled=false, rotatable=false, mobileEmulationEnabled=false, networkConnectionEnabled=false, chrome={chromedriverVersion=2.24.417424 (c5c5ea873213ee72e3d0929b47482681555340c3), userDataDir=/tmp/.org.chromium.Chromium.g0mNyt}, takesHeapSnapshot=true, pageLoadStrategy=normal, databaseEnabled=false, handlesAlerts=true, hasTouchScreen=false, version=53.0.2785.116, platform=LINUX, browserConnectionEnabled=false, nativeEvents=true, acceptSslCerts=true, locationContextEnabled=true, webStorageEnabled=true, browserName=chrome, takesScreenshot=true, javascriptEnabled=true, cssSelectorsEnabled=true}]
Session ID: b0757e2a3e35e2909d57069c8784c35b</error>
        <exception>org.openqa.selenium.WebDriverException:unknown error: Element is not clickable at point (511, 138). Other element would receive the click: &lt;div class=&quot;blockUI blockOverlay ui-widget-overlay&quot; style=&quot;z-index: 1000; cursor: default; position: absolute; opacity: 0.00311658;&quot;&gt;&lt;/div&gt;
  (Session info: chrome=53.0.2785.116)
  (Driver info: chromedriver=2.24.417424 (c5c5ea873213ee72e3d0929b47482681555340c3),platform=Linux 3.19.0-42-generic x86_64) (WARNING: The server did not provide any stacktrace information)
Command duration or timeout: 36 milliseconds
Build info: version: &apos;2.53.1&apos;, revision: &apos;a36b8b1cd5757287168e54b817830adce9b0158d&apos;, time: &apos;2016-06-30 19:26:09&apos;
System info: host: &apos;NgocPT&apos;, ip: &apos;172.17.0.1&apos;, os.name: &apos;Linux&apos;, os.arch: &apos;amd64&apos;, os.version: &apos;3.19.0-42-generic&apos;, java.version: &apos;1.8.0_66&apos;
Driver info: org.openqa.selenium.chrome.ChromeDriver
Capabilities [{applicationCacheEnabled=false, rotatable=false, mobileEmulationEnabled=false, networkConnectionEnabled=false, chrome={chromedriverVersion=2.24.417424 (c5c5ea873213ee72e3d0929b47482681555340c3), userDataDir=/tmp/.org.chromium.Chromium.g0mNyt}, takesHeapSnapshot=true, pageLoadStrategy=normal, databaseEnabled=false, handlesAlerts=true, hasTouchScreen=false, version=53.0.2785.116, platform=LINUX, browserConnectionEnabled=false, nativeEvents=true, acceptSslCerts=true, locationContextEnabled=true, webStorageEnabled=true, browserName=chrome, takesScreenshot=true, javascriptEnabled=true, cssSelectorsEnabled=true}]
Session ID: b0757e2a3e35e2909d57069c8784c35b
[my.lib.serenity.primefaces.component.CalendarComponent.openDateTimeSelect(CalendarComponent.java:144), my.lib.serenity.primefaces.component.CalendarComponent.select_date(CalendarComponent.java:152), my.lib.serenity.primefaces.sars.page.SearchHistoryByDatePage.select_date_in_item_date(SearchHistoryByDatePage.java:164), my.lib.serenity.primefaces.sars.steps.SearchHistoryByDateSteps.select_date_in_item_date(SearchHistoryByDateSteps.java:46), my.lib.serenity.primefaces.sars.definition.SearchDailyReportByDateFeatureScenarioSteps.when_in_search_by_date_screen_i_select_date_in_item_date(SearchDailyReportByDateFeatureScenarioSteps.java:66)]</exception>
      </test-step>
    </test-group>
    <test-step result="SKIPPED" duration="1">
      <description>And In Search by date screen, I choose a branch 福岡県 in dropdown Branch</description>
    </test-step>
    <test-step result="SKIPPED" duration="1">
      <description>And In Search by date screen, I type value 40000005 for autocomplete Employee</description>
    </test-step>
    <test-step result="SKIPPED" duration="1">
      <description>And In Search by date screen, I choose 40000005 employee in dropdown of autocomplete Employee</description>
    </test-step>
    <test-step result="SKIPPED" duration="1">
      <description>And In Search by date screen, I click button &apos;Search&apos;</description>
    </test-step>
    <test-step result="SKIPPED" duration="1">
      <description>And In Search by date screen, I click button last page on paging</description>
    </test-step>
    <test-step result="SKIPPED" duration="1">
      <description>Then The table Search by date result should show last page</description>
    </test-step>
    <test-step result="SKIPPED" duration="1">
      <description>When In Search by date screen, I click button first page on paging</description>
    </test-step>
    <test-step result="SKIPPED" duration="0">
      <description>Then The table Search by date result should show first page</description>
    </test-step>
    <test-step result="SKIPPED" duration="1">
      <description>When In Search by date screen, I click page 2 on paging</description>
    </test-step>
    <test-step result="SKIPPED" duration="1">
      <description>Then The table Search by date result should change to selected page 2</description>
    </test-step>
    <test-step result="SKIPPED" duration="1">
      <description>When In Search by date screen, I click button back on paging</description>
    </test-step>
    <test-step result="SKIPPED" duration="1">
      <description>Then The table Search by date result should change to selected page 2 - 1</description>
    </test-step>
    <test-step result="SKIPPED" duration="1">
      <description>When In Search by date screen, I click button next on paging</description>
    </test-step>
    <test-step result="SKIPPED" duration="1">
      <description>Then The table Search by date result should change to selected page 2</description>
    </test-step>
  </test-group>
</acceptance-test-run>