<acceptance-test-run title="cannot delete a company if user is not admin" name="cannot delete a company if user is not admin" description="" steps="5" successful="2" failures="0" errors="1" skipped="2" ignored="0" pending="0" annotated-result="ERROR" result="ERROR" duration="3917" timestamp="2016-11-03T20:12:28.184+07:00" session-id="1ade5611e675970de818aca53ca2e32b">
  <user-story id="company-management" name="company management" path="companyManagement/companyManagement.feature"/>
  <issues>
    <issue></issue>
    <issue></issue>
    <issue></issue>
    <issue></issue>
    <issue></issue>
    <issue></issue>
    <issue></issue>
    <issue></issue>
    <issue></issue>
    <issue></issue>
    <issue></issue>
    <issue></issue>
    <issue></issue>
    <issue></issue>
    <issue></issue>
  </issues>
  <versions>
    <version>3.1.5</version>
    <version>Sprint-1.1</version>
  </versions>
  <tags>
    <tag name="Company management" type="capability"/>
    <tag name="company management" type="feature"/>
    <tag name="Company management/Company management" type="feature"/>
    <tag name="" type="issue"/>
    <tag name="3.1.5" type="version"/>
    <tag name="Sprint-1.1" type="version"/>
  </tags>
  <examples>
    <datasets>
      <dataset startRow="0" rowCount="0" name="" description=""/>
    </datasets>
    <headers>
      <header>username</header>
      <header>password</header>
      <header>lang</header>
      <header>submenuText</header>
      <header>menuText</header>
    </headers>
    <rows>
      <row result="ERROR">
        <value>22000001</value>
        <value>123456</value>
        <value>en</value>
        <value>Company Management</value>
        <value>Common</value>
      </row>
    </rows>
  </examples>
  <test-group name="[1] {username=22000001, password=123456, lang=en, submenuText=Company Management, menuText=Common}" result="ERROR">
    <test-step result="SUCCESS" duration="1227">
      <screenshots>
        <screenshot image="35bea53004f39eed20d942bf48fa3e71.png"/>
      </screenshots>
      <description>When I open Login page</description>
    </test-step>
    <test-step result="SUCCESS" duration="2524">
      <screenshots>
        <screenshot image="ffb11d3c1405b7574500fb731eda0ebc.png"/>
        <screenshot image="cb3e68513a866e39542f83393d7d19fb.png"/>
      </screenshots>
      <description>And I input my credentials username 22000001 and password 123456</description>
    </test-step>
    <test-group name="And I change language to en" result="ERROR">
      <test-step result="ERROR" duration="122">
        <screenshots>
          <screenshot image="15af4c249ad689bfee897a5c6d9828c2.png" source="pagesource2599163275576606110.html.txt"/>
        </screenshots>
        <description>Change locale: en</description>
        <error>org.openqa.selenium.NoSuchElementException: Timed out after 0 seconds. Element not found
For documentation on this error, please visit: http://seleniumhq.org/exceptions/no_such_element.html
Build info: version: &apos;2.53.1&apos;, revision: &apos;a36b8b1cd5757287168e54b817830adce9b0158d&apos;, time: &apos;2016-06-30 19:26:09&apos;
System info: host: &apos;NgocPT&apos;, ip: &apos;172.17.0.1&apos;, os.name: &apos;Linux&apos;, os.arch: &apos;amd64&apos;, os.version: &apos;3.19.0-42-generic&apos;, java.version: &apos;1.8.0_66&apos;
Driver info: driver.version: unknown</error>
        <exception>org.openqa.selenium.NoSuchElementException:Timed out after 0 seconds. Element not found
For documentation on this error, please visit: http://seleniumhq.org/exceptions/no_such_element.html
Build info: version: &apos;2.53.1&apos;, revision: &apos;a36b8b1cd5757287168e54b817830adce9b0158d&apos;, time: &apos;2016-06-30 19:26:09&apos;
System info: host: &apos;NgocPT&apos;, ip: &apos;172.17.0.1&apos;, os.name: &apos;Linux&apos;, os.arch: &apos;amd64&apos;, os.version: &apos;3.19.0-42-generic&apos;, java.version: &apos;1.8.0_66&apos;
Driver info: driver.version: unknown
[my.lib.serenity.primefaces.sars.page.TopPage.change_locale_and_wait(TopPage.java:35), my.lib.serenity.primefaces.sars.steps.LoginSteps.change_locale(LoginSteps.java:45), my.lib.serenity.primefaces.sars.definition.LoginFeatureScenarioSteps.when_I_change_language_to(LoginFeatureScenarioSteps.java:39)]</exception>
      </test-step>
    </test-group>
    <test-step result="SKIPPED" duration="0">
      <description>And I open submenu Company Management of menu Common</description>
    </test-step>
    <test-step result="SKIPPED" duration="1">
      <description>Then In Company management screen, the system should not show button delete</description>
    </test-step>
  </test-group>
</acceptance-test-run>