<acceptance-test-run title="2. Search customer by other conditions, mapping sansan with credit data and Credit Investigation" name="2. Search customer by other conditions, mapping sansan with credit data and Credit Investigation" description="" steps="13" successful="1" failures="0" errors="1" skipped="11" ignored="0" pending="0" annotated-result="ERROR" result="ERROR" duration="1386" timestamp="2017-01-25T11:44:16.685+07:00" session-id="3cb1d30f4342becd12180d40459ffeff">
  <user-story id="credit-management-test-1-3" name="Credit management test 1-3" path="creditManagement/creadit_management_test13_company_and_credit_data.feature"/>
  <issues>
    <issue></issue>
    <issue></issue>
    <issue></issue>
  </issues>
  <versions>
    <version>3.1.5</version>
    <version>Sprint-1.1</version>
  </versions>
  <tags>
    <tag name="Credit management" type="capability"/>
    <tag name="Credit management test 1-3" type="feature"/>
    <tag name="Credit management/Credit management test 1 3" type="feature"/>
    <tag name="" type="issue"/>
    <tag name="3.1.5" type="version"/>
    <tag name="Sprint-1.1" type="version"/>
  </tags>
  <examples>
    <datasets>
      <dataset startRow="0" rowCount="0" name="" description=""/>
    </datasets>
    <headers>
      <header>submenuText</header>
      <header>menuText</header>
      <header>validCustomerCode</header>
      <header>rowIndex</header>
      <header>number</header>
      <header>string</header>
      <header>lang</header>
    </headers>
    <rows>
      <row result="ERROR">
        <value>Credit Management</value>
        <value>Accounting</value>
        <value>A567</value>
        <value>0</value>
        <value>4009906</value>
        <value>123456</value>
        <value>en</value>
      </row>
    </rows>
  </examples>
  <test-group name="[1] {submenuText=Credit Management, menuText=Accounting, validCustomerCode=A567, rowIndex=0, number=4009906, string=123456, lang=en}" result="ERROR">
    <test-step result="SUCCESS" duration="667">
      <screenshots>
        <screenshot image="4f0e9cf2b8de0db3d8de9264fc6f4782.png"/>
      </screenshots>
      <description>When I open Login page</description>
    </test-step>
    <test-group name="And I input my credentials username 4009906 and password 123456" result="ERROR">
      <test-step result="ERROR" duration="146">
        <screenshots>
          <screenshot image="4f0e9cf2b8de0db3d8de9264fc6f4782.png" source="pagesource985481600119063071.html.txt"/>
        </screenshots>
        <description>Login: 4009906, 123456</description>
        <error>org.openqa.selenium.ElementNotVisibleException: Timed out after 0 seconds. Element not available
Build info: version: &apos;2.53.1&apos;, revision: &apos;a36b8b1cd5757287168e54b817830adce9b0158d&apos;, time: &apos;2016-06-30 19:26:09&apos;
System info: host: &apos;NgocPT&apos;, ip: &apos;172.17.0.1&apos;, os.name: &apos;Linux&apos;, os.arch: &apos;amd64&apos;, os.version: &apos;3.19.0-42-generic&apos;, java.version: &apos;1.8.0_66&apos;
Driver info: driver.version: unknown</error>
        <exception>org.openqa.selenium.ElementNotVisibleException:Timed out after 0 seconds. Element not available
Build info: version: &apos;2.53.1&apos;, revision: &apos;a36b8b1cd5757287168e54b817830adce9b0158d&apos;, time: &apos;2016-06-30 19:26:09&apos;
System info: host: &apos;NgocPT&apos;, ip: &apos;172.17.0.1&apos;, os.name: &apos;Linux&apos;, os.arch: &apos;amd64&apos;, os.version: &apos;3.19.0-42-generic&apos;, java.version: &apos;1.8.0_66&apos;
Driver info: driver.version: unknown
[my.lib.serenity.primefaces.sars.page.LoginPage.login(LoginPage.java:41), my.lib.serenity.primefaces.sars.steps.LoginSteps.login(LoginSteps.java:32), my.lib.serenity.primefaces.sars.definition.LoginFeatureScenarioSteps.when_I_input_credentials(LoginFeatureScenarioSteps.java:29)]</exception>
      </test-step>
    </test-group>
    <test-step result="SKIPPED" duration="2">
      <description>And I change language to en</description>
    </test-step>
    <test-step result="SKIPPED" duration="2">
      <description>When I open submenu Credit Management of menu Accounting</description>
    </test-step>
    <test-step result="SKIPPED" duration="1">
      <description>And I search customer by code A567</description>
    </test-step>
    <test-step result="SKIPPED" duration="2">
      <description>And I click checkbox left of a row 0 into table result</description>
    </test-step>
    <test-step result="SKIPPED" duration="2">
      <description>And In accounting screen, I click button select</description>
    </test-step>
    <test-step result="SKIPPED" duration="4">
      <description>Then The system should show customer details screen</description>
    </test-step>
    <test-step result="SKIPPED" duration="2">
      <description>And In Credit Management page, System show list button can not use
| New report |</description>
    </test-step>
    <test-step result="SKIPPED" duration="1">
      <description>And In Credit Management page, fields required can not input
| Customer code (index) |
| Company name |
| Company name in Kana |</description>
    </test-step>
    <test-step result="SKIPPED" duration="1">
      <description>And In Credit Management page, fields can not select
| Client code status |</description>
    </test-step>
    <test-step result="SKIPPED" duration="2">
      <description>And In Credit Management page, fields not required can not input
| Year of starting business |
| Year of official establishment |</description>
    </test-step>
    <test-step result="SKIPPED" duration="1">
      <description>And I logout from system</description>
    </test-step>
  </test-group>
</acceptance-test-run>