<?xml version="1.0" encoding="UTF-8"?><testsuite errors="1" failures="1" name="Employee Management display" skipped="0" tests="25" time="508.17" timestamp="2016-11-308 08:28:27"><testcase name="Open Employee Management and verify when start"/><testcase name="Open Employee Management verify check toggle column show hidden column"/><testcase name="Open Employee Management and filter Employee input"/><testcase name="Open Employee Management and filter Employee select box"/><testcase name="Open Employee Management and sort all column"/><testcase name="Open Employee Management and verify paging"/><testcase name="Open Employee Management and use toggle working"/><testcase name="Open Employee Management and add  not success"/><testcase name="Open Employee Management and edit"/><testcase name="Open Employee Management and add new"/><testcase name="Open Employee Management and edit"/><testcase name="Open Employee Management and delete with user full permission"/><testcase name="Open Employee Management and edit and back"/><testcase name="Open Employee Management and add"/><testcase name="Open Employee Management and delete with user full permission"/><testcase name="Open Employee Management and add and back"/><testcase name="Open Employee Management verify screen when add new employee and click button reset"/><testcase name="Open Employee Management verify screen when edit new employee and click button reset"/><testcase name="Open Employee Management and verify paging last, first, next, previous"><error message="no such element: Unable to locate element: {&quot;method&quot;:&quot;xpath&quot;,&quot;selector&quot;:&quot;//div[@id='emp_list_form:employeeTable_paginator_bottom']//span[contains(@class,'ui-state-active')]&quot;}&#10;  (Session info: chrome=53.0.2785.116)&#10;  (Driver info: chromedriver=2.24.417424 (c5c5ea873213ee72e3d0929b47482681555340c3),platform=Linux 3.19.0-42-generic x86_64) (WARNING: The server did not provide any stacktrace information)&#10;Command duration or timeout: 19 milliseconds&#10;For documentation on this error, please visit: http://seleniumhq.org/exceptions/no_such_element.html&#10;Build info: version: '2.53.1', revision: 'a36b8b1cd5757287168e54b817830adce9b0158d', time: '2016-06-30 19:26:09'&#10;System info: host: 'NgocPT', ip: '172.17.0.1', os.name: 'Linux', os.arch: 'amd64', os.version: '3.19.0-42-generic', java.version: '1.8.0_66'&#10;Driver info: org.openqa.selenium.chrome.ChromeDriver&#10;Capabilities [{applicationCacheEnabled=false, rotatable=false, mobileEmulationEnabled=false, networkConnectionEnabled=false, chrome={chromedriverVersion=2.24.417424 (c5c5ea873213ee72e3d0929b47482681555340c3), userDataDir=/tmp/.org.chromium.Chromium.43sFXP}, takesHeapSnapshot=true, pageLoadStrategy=normal, databaseEnabled=false, handlesAlerts=true, hasTouchScreen=false, version=53.0.2785.116, platform=LINUX, browserConnectionEnabled=false, nativeEvents=true, acceptSslCerts=true, locationContextEnabled=true, webStorageEnabled=true, browserName=chrome, takesScreenshot=true, javascriptEnabled=true, cssSelectorsEnabled=true}]&#10;Session ID: 7f901579dbc98742cb659af9cd730134&#10;*** Element info: {Using=xpath, value=//div[@id='emp_list_form:employeeTable_paginator_bottom']//span[contains(@class,'ui-state-active')]}&#10;For documentation on this error, please visit: http://seleniumhq.org/exceptions/no_such_element.html&#10;Build info: version: '2.53.1', revision: 'a36b8b1cd5757287168e54b817830adce9b0158d', time: '2016-06-30 19:26:09'&#10;System info: host: 'NgocPT', ip: '172.17.0.1', os.name: 'Linux', os.arch: 'amd64', os.version: '3.19.0-42-generic', java.version: '1.8.0_66'&#10;Driver info: driver.version: unknown" type="org.openqa.selenium.NoSuchElementException">no such element: Unable to locate element: {"method":"xpath","selector":"//div[@id='emp_list_form:employeeTable_paginator_bottom']//span[contains(@class,'ui-state-active')]"}
  (Session info: chrome=53.0.2785.116)
  (Driver info: chromedriver=2.24.417424 (c5c5ea873213ee72e3d0929b47482681555340c3),platform=Linux 3.19.0-42-generic x86_64) (WARNING: The server did not provide any stacktrace information)
Command duration or timeout: 19 milliseconds
For documentation on this error, please visit: http://seleniumhq.org/exceptions/no_such_element.html
Build info: version: '2.53.1', revision: 'a36b8b1cd5757287168e54b817830adce9b0158d', time: '2016-06-30 19:26:09'
System info: host: 'NgocPT', ip: '172.17.0.1', os.name: 'Linux', os.arch: 'amd64', os.version: '3.19.0-42-generic', java.version: '1.8.0_66'
Driver info: org.openqa.selenium.chrome.ChromeDriver
Capabilities [{applicationCacheEnabled=false, rotatable=false, mobileEmulationEnabled=false, networkConnectionEnabled=false, chrome={chromedriverVersion=2.24.417424 (c5c5ea873213ee72e3d0929b47482681555340c3), userDataDir=/tmp/.org.chromium.Chromium.43sFXP}, takesHeapSnapshot=true, pageLoadStrategy=normal, databaseEnabled=false, handlesAlerts=true, hasTouchScreen=false, version=53.0.2785.116, platform=LINUX, browserConnectionEnabled=false, nativeEvents=true, acceptSslCerts=true, locationContextEnabled=true, webStorageEnabled=true, browserName=chrome, takesScreenshot=true, javascriptEnabled=true, cssSelectorsEnabled=true}]
Session ID: 7f901579dbc98742cb659af9cd730134
*** Element info: {Using=xpath, value=//div[@id='emp_list_form:employeeTable_paginator_bottom']//span[contains(@class,'ui-state-active')]}
For documentation on this error, please visit: http://seleniumhq.org/exceptions/no_such_element.html
Build info: version: '2.53.1', revision: 'a36b8b1cd5757287168e54b817830adce9b0158d', time: '2016-06-30 19:26:09'
System info: host: 'NgocPT', ip: '172.17.0.1', os.name: 'Linux', os.arch: 'amd64', os.version: '3.19.0-42-generic', java.version: '1.8.0_66'
Driver info: driver.version: unknown</error><system-err>no such element: Unable to locate element: {"method":"xpath","selector":"//div[@id='emp_list_form:employeeTable_paginator_bottom']//span[contains(@class,'ui-state-active')]"}
  (Session info: chrome=53.0.2785.116)
  (Driver info: chromedriver=2.24.417424 (c5c5ea873213ee72e3d0929b47482681555340c3),platform=Linux 3.19.0-42-generic x86_64) (WARNING: The server did not provide any stacktrace information)
Command duration or timeout: 19 milliseconds
For documentation on this error, please visit: http://seleniumhq.org/exceptions/no_such_element.html
Build info: version: '2.53.1', revision: 'a36b8b1cd5757287168e54b817830adce9b0158d', time: '2016-06-30 19:26:09'
System info: host: 'NgocPT', ip: '172.17.0.1', os.name: 'Linux', os.arch: 'amd64', os.version: '3.19.0-42-generic', java.version: '1.8.0_66'
Driver info: org.openqa.selenium.chrome.ChromeDriver
Capabilities [{applicationCacheEnabled=false, rotatable=false, mobileEmulationEnabled=false, networkConnectionEnabled=false, chrome={chromedriverVersion=2.24.417424 (c5c5ea873213ee72e3d0929b47482681555340c3), userDataDir=/tmp/.org.chromium.Chromium.43sFXP}, takesHeapSnapshot=true, pageLoadStrategy=normal, databaseEnabled=false, handlesAlerts=true, hasTouchScreen=false, version=53.0.2785.116, platform=LINUX, browserConnectionEnabled=false, nativeEvents=true, acceptSslCerts=true, locationContextEnabled=true, webStorageEnabled=true, browserName=chrome, takesScreenshot=true, javascriptEnabled=true, cssSelectorsEnabled=true}]
Session ID: 7f901579dbc98742cb659af9cd730134
*** Element info: {Using=xpath, value=//div[@id='emp_list_form:employeeTable_paginator_bottom']//span[contains(@class,'ui-state-active')]}
For documentation on this error, please visit: http://seleniumhq.org/exceptions/no_such_element.html
Build info: version: '2.53.1', revision: 'a36b8b1cd5757287168e54b817830adce9b0158d', time: '2016-06-30 19:26:09'
System info: host: 'NgocPT', ip: '172.17.0.1', os.name: 'Linux', os.arch: 'amd64', os.version: '3.19.0-42-generic', java.version: '1.8.0_66'
Driver info: driver.version: unknown
my.lib.serenity.primefaces.sars.page.EmployeeManagementPage.getPageActive(EmployeeManagementPage.java:89)
my.lib.serenity.primefaces.sars.page.EmployeeManagementPage.clickPageWithNameOnPaging(EmployeeManagementPage.java:320)
my.lib.serenity.primefaces.sars.steps.EmployeeManagementSteps.clickPageWithNameOnPaging(EmployeeManagementSteps.java:276)
my.lib.serenity.primefaces.sars.definition.EmployeeManagementScenarioSteps.inEmployeeManagementScreenIClickButtonNamePagePageOnPaging(EmployeeManagementScenarioSteps.java:160)
</system-err></testcase><testcase name="Open Employee Management and verify when select 1 record, change page and back"><failure message="Expected enabled element was not enabled&#10;Build info: version: '2.53.1', revision: 'a36b8b1cd5757287168e54b817830adce9b0158d', time: '2016-06-30 19:26:09'&#10;System info: host: 'NgocPT', ip: '172.17.0.1', os.name: 'Linux', os.arch: 'amd64', os.version: '3.19.0-42-generic', java.version: '1.8.0_66'&#10;Driver info: driver.version: unknown" type="net.thucydides.core.webdriver.exceptions.ElementShouldBeEnabledException">Expected enabled element was not enabled
Build info: version: '2.53.1', revision: 'a36b8b1cd5757287168e54b817830adce9b0158d', time: '2016-06-30 19:26:09'
System info: host: 'NgocPT', ip: '172.17.0.1', os.name: 'Linux', os.arch: 'amd64', os.version: '3.19.0-42-generic', java.version: '1.8.0_66'
Driver info: driver.version: unknown</failure><system-err>Expected enabled element was not enabled
Build info: version: '2.53.1', revision: 'a36b8b1cd5757287168e54b817830adce9b0158d', time: '2016-06-30 19:26:09'
System info: host: 'NgocPT', ip: '172.17.0.1', os.name: 'Linux', os.arch: 'amd64', os.version: '3.19.0-42-generic', java.version: '1.8.0_66'
Driver info: driver.version: unknown
my.lib.serenity.primefaces.sars.page.LoginPage.login(LoginPage.java:41)
my.lib.serenity.primefaces.sars.steps.LoginSteps.login(LoginSteps.java:32)
my.lib.serenity.primefaces.sars.definition.CommonScenarioSteps.beforeLoggedIn(CommonScenarioSteps.java:22)
</system-err></testcase></testsuite>